2023-04-26 02:09:56,347 TestNG-tests-1 io.netty.util.internal.logging.InternalLoggerFactory: useLog4JLoggerFactory Using Log4J as the default logging framework
2023-04-26 02:09:56,356 TestNG-tests-1 io.netty.util.ResourceLeakDetector: <clinit> -Dio.netty.leakDetection.level: simple
2023-04-26 02:09:56,357 TestNG-tests-1 io.netty.util.ResourceLeakDetector: <clinit> -Dio.netty.leakDetection.targetRecords: 4
2023-04-26 02:09:56,368 TestNG-tests-1 io.netty.util.ResourceLeakDetectorFactory: newResourceLeakDetector Loaded default ResourceLeakDetector: io.netty.util.ResourceLeakDetector@54674b46
2023-04-26 02:09:56,394 TestNG-tests-1 io.netty.util.internal.PlatformDependent0: explicitNoUnsafeCause0 -Dio.netty.noUnsafe: false
2023-04-26 02:09:56,395 TestNG-tests-1 io.netty.util.internal.PlatformDependent0: javaVersion0 Java version: 11
2023-04-26 02:09:56,398 TestNG-tests-1 io.netty.util.internal.PlatformDependent0: <clinit> sun.misc.Unsafe.theUnsafe: available
2023-04-26 02:09:56,398 TestNG-tests-1 io.netty.util.internal.PlatformDependent0: <clinit> sun.misc.Unsafe.copyMemory: available
2023-04-26 02:09:56,399 TestNG-tests-1 io.netty.util.internal.PlatformDependent0: <clinit> sun.misc.Unsafe.storeFence: available
2023-04-26 02:09:56,400 TestNG-tests-1 io.netty.util.internal.PlatformDependent0: <clinit> java.nio.Buffer.address: available
2023-04-26 02:09:56,400 TestNG-tests-1 io.netty.util.internal.PlatformDependent0: <clinit> direct buffer constructor: unavailable: Reflective setAccessible(true) disabled
2023-04-26 02:09:56,401 TestNG-tests-1 io.netty.util.internal.PlatformDependent0: <clinit> java.nio.Bits.unaligned: available, true
2023-04-26 02:09:56,402 TestNG-tests-1 io.netty.util.internal.PlatformDependent0: <clinit> jdk.internal.misc.Unsafe.allocateUninitializedArray(int): unavailable: class io.netty.util.internal.PlatformDependent0$7 cannot access class jdk.internal.misc.Unsafe (in module java.base) because module java.base does not export jdk.internal.misc to unnamed module @485e0a03
2023-04-26 02:09:56,404 TestNG-tests-1 io.netty.util.internal.PlatformDependent0: <clinit> java.nio.DirectByteBuffer.<init>(long, int): unavailable
2023-04-26 02:09:56,404 TestNG-tests-1 io.netty.util.internal.PlatformDependent: unsafeUnavailabilityCause0 sun.misc.Unsafe: available
2023-04-26 02:09:56,420 TestNG-tests-1 io.netty.util.internal.PlatformDependent: estimateMaxDirectMemory maxDirectMemory: 4238344192 bytes (maybe)
2023-04-26 02:09:56,422 TestNG-tests-1 io.netty.util.internal.PlatformDependent: tmpdir0 -Dio.netty.tmpdir: C:\Users\sonal\AppData\Local\Temp (java.io.tmpdir)
2023-04-26 02:09:56,422 TestNG-tests-1 io.netty.util.internal.PlatformDependent: bitMode0 -Dio.netty.bitMode: 64 (sun.arch.data.model)
2023-04-26 02:09:56,423 TestNG-tests-1 io.netty.util.internal.PlatformDependent: isWindows0 Platform: Windows
2023-04-26 02:09:56,424 TestNG-tests-1 io.netty.util.internal.PlatformDependent: <clinit> -Dio.netty.maxDirectMemory: -1 bytes
2023-04-26 02:09:56,424 TestNG-tests-1 io.netty.util.internal.PlatformDependent: <clinit> -Dio.netty.uninitializedArrayAllocationThreshold: -1
2023-04-26 02:09:56,426 TestNG-tests-1 io.netty.util.internal.CleanerJava9: <clinit> java.nio.ByteBuffer.cleaner(): available
2023-04-26 02:09:56,426 TestNG-tests-1 io.netty.util.internal.PlatformDependent: <clinit> -Dio.netty.noPreferDirect: false
2023-04-26 02:09:56,434 TestNG-tests-1 io.netty.util.internal.PlatformDependent: <clinit> org.jctools-core.MpscChunkedArrayQueue: available
2023-04-26 02:09:56,464 TestNG-tests-1 io.netty.util.internal.InternalThreadLocalMap: <clinit> -Dio.netty.threadLocalMap.stringBuilder.initialSize: 1024
2023-04-26 02:09:56,465 TestNG-tests-1 io.netty.util.internal.InternalThreadLocalMap: <clinit> -Dio.netty.threadLocalMap.stringBuilder.maxSize: 4096
2023-04-26 02:09:56,635 TestNG-tests-1 io.netty.handler.ssl.JdkSslContext: <clinit> Default protocols (JDK): [TLSv1.3, TLSv1.2] 
2023-04-26 02:09:56,635 TestNG-tests-1 io.netty.handler.ssl.JdkSslContext: <clinit> Default cipher suites (JDK): [TLS_ECDHE_ECDSA_WITH_AES_256_GCM_SHA384, TLS_ECDHE_ECDSA_WITH_AES_128_GCM_SHA256, TLS_ECDHE_RSA_WITH_AES_128_GCM_SHA256, TLS_ECDHE_RSA_WITH_AES_256_GCM_SHA384, TLS_ECDHE_RSA_WITH_AES_128_CBC_SHA, TLS_ECDHE_RSA_WITH_AES_256_CBC_SHA, TLS_RSA_WITH_AES_128_GCM_SHA256, TLS_RSA_WITH_AES_128_CBC_SHA, TLS_RSA_WITH_AES_256_CBC_SHA, TLS_AES_128_GCM_SHA256, TLS_AES_256_GCM_SHA384]
2023-04-26 02:09:56,654 TestNG-tests-1 io.netty.util.concurrent.GlobalEventExecutor: <clinit> -Dio.netty.globalEventExecutor.quietPeriodSeconds: 1
2023-04-26 02:09:56,672 TestNG-tests-1 io.netty.channel.MultithreadEventLoopGroup: <clinit> -Dio.netty.eventLoopThreads: 16
2023-04-26 02:09:56,685 TestNG-tests-1 io.netty.channel.nio.NioEventLoop: <clinit> -Dio.netty.noKeySetOptimization: false
2023-04-26 02:09:56,685 TestNG-tests-1 io.netty.channel.nio.NioEventLoop: <clinit> -Dio.netty.selectorAutoRebuildThreshold: 512
2023-04-26 02:09:56,746 TestNG-tests-1 io.netty.buffer.PooledByteBufAllocator: <clinit> -Dio.netty.allocator.numHeapArenas: 16
2023-04-26 02:09:56,746 TestNG-tests-1 io.netty.buffer.PooledByteBufAllocator: <clinit> -Dio.netty.allocator.numDirectArenas: 16
2023-04-26 02:09:56,747 TestNG-tests-1 io.netty.buffer.PooledByteBufAllocator: <clinit> -Dio.netty.allocator.pageSize: 8192
2023-04-26 02:09:56,747 TestNG-tests-1 io.netty.buffer.PooledByteBufAllocator: <clinit> -Dio.netty.allocator.maxOrder: 9
2023-04-26 02:09:56,747 TestNG-tests-1 io.netty.buffer.PooledByteBufAllocator: <clinit> -Dio.netty.allocator.chunkSize: 4194304
2023-04-26 02:09:56,747 TestNG-tests-1 io.netty.buffer.PooledByteBufAllocator: <clinit> -Dio.netty.allocator.smallCacheSize: 256
2023-04-26 02:09:56,748 TestNG-tests-1 io.netty.buffer.PooledByteBufAllocator: <clinit> -Dio.netty.allocator.normalCacheSize: 64
2023-04-26 02:09:56,748 TestNG-tests-1 io.netty.buffer.PooledByteBufAllocator: <clinit> -Dio.netty.allocator.maxCachedBufferCapacity: 32768
2023-04-26 02:09:56,748 TestNG-tests-1 io.netty.buffer.PooledByteBufAllocator: <clinit> -Dio.netty.allocator.cacheTrimInterval: 8192
2023-04-26 02:09:56,748 TestNG-tests-1 io.netty.buffer.PooledByteBufAllocator: <clinit> -Dio.netty.allocator.cacheTrimIntervalMillis: 0
2023-04-26 02:09:56,749 TestNG-tests-1 io.netty.buffer.PooledByteBufAllocator: <clinit> -Dio.netty.allocator.useCacheForAllThreads: false
2023-04-26 02:09:56,749 TestNG-tests-1 io.netty.buffer.PooledByteBufAllocator: <clinit> -Dio.netty.allocator.maxCachedByteBuffersPerChunk: 1023
2023-04-26 02:09:56,764 TestNG-tests-1 io.netty.buffer.ByteBufUtil: <clinit> -Dio.netty.allocator.type: pooled
2023-04-26 02:09:56,764 TestNG-tests-1 io.netty.buffer.ByteBufUtil: <clinit> -Dio.netty.threadLocalDirectBufferSize: 0
2023-04-26 02:09:56,764 TestNG-tests-1 io.netty.buffer.ByteBufUtil: <clinit> -Dio.netty.maxThreadLocalCharBufferSize: 16384
2023-04-26 02:09:58,175 Forwarding newSession on session null to remote io.netty.channel.DefaultChannelId: <clinit> -Dio.netty.processId: 29804 (auto-detected)
2023-04-26 02:09:58,180 Forwarding newSession on session null to remote io.netty.util.NetUtil: <clinit> -Djava.net.preferIPv4Stack: false
2023-04-26 02:09:58,180 Forwarding newSession on session null to remote io.netty.util.NetUtil: <clinit> -Djava.net.preferIPv6Addresses: false
2023-04-26 02:09:58,328 Forwarding newSession on session null to remote io.netty.util.NetUtilInitializations: determineLoopback Loopback interface: lo (Software Loopback Interface 1, 127.0.0.1)
2023-04-26 02:09:58,329 Forwarding newSession on session null to remote io.netty.util.NetUtil: run Failed to get SOMAXCONN from sysctl and file \proc\sys\net\core\somaxconn. Default: 200
2023-04-26 02:09:58,339 Forwarding newSession on session null to remote io.netty.channel.DefaultChannelId: <clinit> -Dio.netty.machineId: 8c:b8:7e:ff:fe:f3:ca:46 (auto-detected)
2023-04-26 02:09:58,419 AsyncHttpClient-1-2 io.netty.buffer.AbstractByteBuf: <clinit> -Dio.netty.buffer.checkAccessible: true
2023-04-26 02:09:58,420 AsyncHttpClient-1-2 io.netty.buffer.AbstractByteBuf: <clinit> -Dio.netty.buffer.checkBounds: true
2023-04-26 02:09:58,421 AsyncHttpClient-1-2 io.netty.util.ResourceLeakDetectorFactory: newResourceLeakDetector Loaded default ResourceLeakDetector: io.netty.util.ResourceLeakDetector@37a1c157
2023-04-26 02:09:58,523 AsyncHttpClient-1-2 io.netty.util.Recycler: <clinit> -Dio.netty.recycler.maxCapacityPerThread: 4096
2023-04-26 02:09:58,523 AsyncHttpClient-1-2 io.netty.util.Recycler: <clinit> -Dio.netty.recycler.ratio: 8
2023-04-26 02:09:58,524 AsyncHttpClient-1-2 io.netty.util.Recycler: <clinit> -Dio.netty.recycler.chunkSize: 32
2023-04-26 02:09:58,524 AsyncHttpClient-1-2 io.netty.util.Recycler: <clinit> -Dio.netty.recycler.blocking: false
2023-04-26 02:09:58,524 AsyncHttpClient-1-2 io.netty.util.Recycler: <clinit> -Dio.netty.recycler.batchFastThreadLocalOnly: true
2023-04-26 02:09:59,952 AsyncHttpClient-1-2 io.netty.handler.codec.compression.Brotli: <clinit> brotli4j not in the classpath; Brotli support will be unavailable.
2023-04-26 02:10:00,119 TestNG-tests-1 io.netty.util.internal.ThreadLocalRandom: newSeed -Dio.netty.initialSeedUniquifier: 0xf4515693287a9bbc
2023-04-26 02:10:02,899 TestNG-tests-1 pageSteps.landingPageSteps: getWaitDuration selenium getDriver() getWait() time set from environment properties: PT15S
2023-04-26 02:10:02,920 TestNG-tests-1 pageSteps.landingPageSteps: getWait obtaining the wait for current thread
2023-04-26 02:10:06,843 TestNG-tests-1 pageSteps.landingPageSteps: getWait obtaining the wait for current thread
2023-04-26 02:10:09,871 TestNG-tests-1 uiAutomationHelper.element: <init> element located successfully:By.xpath: //li/a[text()='Women']
2023-04-26 02:10:11,478 TestNG-tests-1 uiAutomationHelper.element: refind Attempting to refind the element: By.xpath: //li/a[text()='Women']
2023-04-26 02:10:11,493 TestNG-tests-1 uiAutomationHelper.element: refind retry number 0
2023-04-26 02:10:14,276 TestNG-tests-1 freemarker.cache: debug Couldn't find template in cache for "v3html/v3-html-index.ftl"("en", UTF-8, parsed); will try to load it.
2023-04-26 02:10:14,279 TestNG-tests-1 freemarker.cache: debug TemplateLoader.findTemplateSource("v3html/v3-html-index_en.ftl"): Not found
2023-04-26 02:10:14,282 TestNG-tests-1 freemarker.cache: debug TemplateLoader.findTemplateSource("v3html/v3-html-index.ftl"): Found
2023-04-26 02:10:14,283 TestNG-tests-1 freemarker.cache: debug Loading template for "v3html/v3-html-index.ftl"("en", UTF-8, parsed) from "jar:file:/C:/Users/sonal/.gradle/caches/modules-2/files-2.1/com.aventstack/extentreports/4.0.9/272a055be574edaa8e609476077f56d3aa65b58a/extentreports-4.0.9.jar!/com/aventstack/extentreports/view/v3html/v3-html-index.ftl"
2023-04-26 02:10:14,781 TestNG-tests-1 freemarker.cache: debug Couldn't find template in cache for "v3html/v3-html-head.ftl"("en", UTF-8, parsed); will try to load it.
2023-04-26 02:10:14,785 TestNG-tests-1 freemarker.cache: debug TemplateLoader.findTemplateSource("v3html/v3-html-head_en.ftl"): Not found
2023-04-26 02:10:14,788 TestNG-tests-1 freemarker.cache: debug TemplateLoader.findTemplateSource("v3html/v3-html-head.ftl"): Found
2023-04-26 02:10:14,788 TestNG-tests-1 freemarker.cache: debug Loading template for "v3html/v3-html-head.ftl"("en", UTF-8, parsed) from "jar:file:/C:/Users/sonal/.gradle/caches/modules-2/files-2.1/com.aventstack/extentreports/4.0.9/272a055be574edaa8e609476077f56d3aa65b58a/extentreports-4.0.9.jar!/com/aventstack/extentreports/view/v3html/v3-html-head.ftl"
2023-04-26 02:10:14,797 TestNG-tests-1 freemarker.cache: debug Couldn't find template in cache for "v3html/v3-html-nav.ftl"("en", UTF-8, parsed); will try to load it.
2023-04-26 02:10:14,800 TestNG-tests-1 freemarker.cache: debug TemplateLoader.findTemplateSource("v3html/v3-html-nav_en.ftl"): Not found
2023-04-26 02:10:14,802 TestNG-tests-1 freemarker.cache: debug TemplateLoader.findTemplateSource("v3html/v3-html-nav.ftl"): Found
2023-04-26 02:10:14,802 TestNG-tests-1 freemarker.cache: debug Loading template for "v3html/v3-html-nav.ftl"("en", UTF-8, parsed) from "jar:file:/C:/Users/sonal/.gradle/caches/modules-2/files-2.1/com.aventstack/extentreports/4.0.9/272a055be574edaa8e609476077f56d3aa65b58a/extentreports-4.0.9.jar!/com/aventstack/extentreports/view/v3html/v3-html-nav.ftl"
2023-04-26 02:10:14,822 TestNG-tests-1 freemarker.cache: debug Couldn't find template in cache for "v3html/test-view/v3-html-test-view.ftl"("en", UTF-8, parsed); will try to load it.
2023-04-26 02:10:14,823 TestNG-tests-1 freemarker.cache: debug TemplateLoader.findTemplateSource("v3html/test-view/v3-html-test-view_en.ftl"): Not found
2023-04-26 02:10:14,824 TestNG-tests-1 freemarker.cache: debug TemplateLoader.findTemplateSource("v3html/test-view/v3-html-test-view.ftl"): Found
2023-04-26 02:10:14,825 TestNG-tests-1 freemarker.cache: debug Loading template for "v3html/test-view/v3-html-test-view.ftl"("en", UTF-8, parsed) from "jar:file:/C:/Users/sonal/.gradle/caches/modules-2/files-2.1/com.aventstack/extentreports/4.0.9/272a055be574edaa8e609476077f56d3aa65b58a/extentreports-4.0.9.jar!/com/aventstack/extentreports/view/v3html/test-view/v3-html-test-view.ftl"
2023-04-26 02:10:14,858 TestNG-tests-1 freemarker.cache: debug Couldn't find template in cache for "v3html/test-view/v3-html-test-view-charts.ftl"("en", UTF-8, parsed); will try to load it.
2023-04-26 02:10:14,882 TestNG-tests-1 freemarker.cache: debug TemplateLoader.findTemplateSource("v3html/test-view/v3-html-test-view-charts_en.ftl"): Not found
2023-04-26 02:10:14,883 TestNG-tests-1 freemarker.cache: debug TemplateLoader.findTemplateSource("v3html/test-view/v3-html-test-view-charts.ftl"): Found
2023-04-26 02:10:14,883 TestNG-tests-1 freemarker.cache: debug Loading template for "v3html/test-view/v3-html-test-view-charts.ftl"("en", UTF-8, parsed) from "jar:file:/C:/Users/sonal/.gradle/caches/modules-2/files-2.1/com.aventstack/extentreports/4.0.9/272a055be574edaa8e609476077f56d3aa65b58a/extentreports-4.0.9.jar!/com/aventstack/extentreports/view/v3html/test-view/v3-html-test-view-charts.ftl"
2023-04-26 02:10:14,914 TestNG-tests-1 freemarker.cache: debug Couldn't find template in cache for "v3html/test-view/v3-html-bdd.ftl"("en", UTF-8, parsed); will try to load it.
2023-04-26 02:10:14,915 TestNG-tests-1 freemarker.cache: debug TemplateLoader.findTemplateSource("v3html/test-view/v3-html-bdd_en.ftl"): Not found
2023-04-26 02:10:14,917 TestNG-tests-1 freemarker.cache: debug TemplateLoader.findTemplateSource("v3html/test-view/v3-html-bdd.ftl"): Found
2023-04-26 02:10:14,917 TestNG-tests-1 freemarker.cache: debug Loading template for "v3html/test-view/v3-html-bdd.ftl"("en", UTF-8, parsed) from "jar:file:/C:/Users/sonal/.gradle/caches/modules-2/files-2.1/com.aventstack/extentreports/4.0.9/272a055be574edaa8e609476077f56d3aa65b58a/extentreports-4.0.9.jar!/com/aventstack/extentreports/view/v3html/test-view/v3-html-bdd.ftl"
2023-04-26 02:10:14,988 TestNG-tests-1 freemarker.cache: debug Couldn't find template in cache for "v3html/category-view/v3-html-category-view.ftl"("en", UTF-8, parsed); will try to load it.
2023-04-26 02:10:14,990 TestNG-tests-1 freemarker.cache: debug TemplateLoader.findTemplateSource("v3html/category-view/v3-html-category-view_en.ftl"): Not found
2023-04-26 02:10:14,992 TestNG-tests-1 freemarker.cache: debug TemplateLoader.findTemplateSource("v3html/category-view/v3-html-category-view.ftl"): Found
2023-04-26 02:10:14,993 TestNG-tests-1 freemarker.cache: debug Loading template for "v3html/category-view/v3-html-category-view.ftl"("en", UTF-8, parsed) from "jar:file:/C:/Users/sonal/.gradle/caches/modules-2/files-2.1/com.aventstack/extentreports/4.0.9/272a055be574edaa8e609476077f56d3aa65b58a/extentreports-4.0.9.jar!/com/aventstack/extentreports/view/v3html/category-view/v3-html-category-view.ftl"
2023-04-26 02:10:15,004 TestNG-tests-1 freemarker.cache: debug Couldn't find template in cache for "v3html/exception-view/v3-html-exception-view.ftl"("en", UTF-8, parsed); will try to load it.
2023-04-26 02:10:15,007 TestNG-tests-1 freemarker.cache: debug TemplateLoader.findTemplateSource("v3html/exception-view/v3-html-exception-view_en.ftl"): Not found
2023-04-26 02:10:15,008 TestNG-tests-1 freemarker.cache: debug TemplateLoader.findTemplateSource("v3html/exception-view/v3-html-exception-view.ftl"): Found
2023-04-26 02:10:15,009 TestNG-tests-1 freemarker.cache: debug Loading template for "v3html/exception-view/v3-html-exception-view.ftl"("en", UTF-8, parsed) from "jar:file:/C:/Users/sonal/.gradle/caches/modules-2/files-2.1/com.aventstack/extentreports/4.0.9/272a055be574edaa8e609476077f56d3aa65b58a/extentreports-4.0.9.jar!/com/aventstack/extentreports/view/v3html/exception-view/v3-html-exception-view.ftl"
2023-04-26 02:10:15,019 TestNG-tests-1 freemarker.cache: debug Couldn't find template in cache for "v3html/author-view/v3-html-author-view.ftl"("en", UTF-8, parsed); will try to load it.
2023-04-26 02:10:15,022 TestNG-tests-1 freemarker.cache: debug TemplateLoader.findTemplateSource("v3html/author-view/v3-html-author-view_en.ftl"): Not found
2023-04-26 02:10:15,024 TestNG-tests-1 freemarker.cache: debug TemplateLoader.findTemplateSource("v3html/author-view/v3-html-author-view.ftl"): Found
2023-04-26 02:10:15,025 TestNG-tests-1 freemarker.cache: debug Loading template for "v3html/author-view/v3-html-author-view.ftl"("en", UTF-8, parsed) from "jar:file:/C:/Users/sonal/.gradle/caches/modules-2/files-2.1/com.aventstack/extentreports/4.0.9/272a055be574edaa8e609476077f56d3aa65b58a/extentreports-4.0.9.jar!/com/aventstack/extentreports/view/v3html/author-view/v3-html-author-view.ftl"
2023-04-26 02:10:15,033 TestNG-tests-1 freemarker.cache: debug Couldn't find template in cache for "v3html/dashboard-view/v3-html-dashboard-view.ftl"("en", UTF-8, parsed); will try to load it.
2023-04-26 02:10:15,035 TestNG-tests-1 freemarker.cache: debug TemplateLoader.findTemplateSource("v3html/dashboard-view/v3-html-dashboard-view_en.ftl"): Not found
2023-04-26 02:10:15,039 TestNG-tests-1 freemarker.cache: debug TemplateLoader.findTemplateSource("v3html/dashboard-view/v3-html-dashboard-view.ftl"): Found
2023-04-26 02:10:15,042 TestNG-tests-1 freemarker.cache: debug Loading template for "v3html/dashboard-view/v3-html-dashboard-view.ftl"("en", UTF-8, parsed) from "jar:file:/C:/Users/sonal/.gradle/caches/modules-2/files-2.1/com.aventstack/extentreports/4.0.9/272a055be574edaa8e609476077f56d3aa65b58a/extentreports-4.0.9.jar!/com/aventstack/extentreports/view/v3html/dashboard-view/v3-html-dashboard-view.ftl"
2023-04-26 02:10:15,055 TestNG-tests-1 freemarker.cache: debug Couldn't find template in cache for "v3html/logs-view/v3-html-testrunner-logs-view.ftl"("en", UTF-8, parsed); will try to load it.
2023-04-26 02:10:15,056 TestNG-tests-1 freemarker.cache: debug TemplateLoader.findTemplateSource("v3html/logs-view/v3-html-testrunner-logs-view_en.ftl"): Not found
2023-04-26 02:10:15,058 TestNG-tests-1 freemarker.cache: debug TemplateLoader.findTemplateSource("v3html/logs-view/v3-html-testrunner-logs-view.ftl"): Found
2023-04-26 02:10:15,059 TestNG-tests-1 freemarker.cache: debug Loading template for "v3html/logs-view/v3-html-testrunner-logs-view.ftl"("en", UTF-8, parsed) from "jar:file:/C:/Users/sonal/.gradle/caches/modules-2/files-2.1/com.aventstack/extentreports/4.0.9/272a055be574edaa8e609476077f56d3aa65b58a/extentreports-4.0.9.jar!/com/aventstack/extentreports/view/v3html/logs-view/v3-html-testrunner-logs-view.ftl"
2023-04-26 02:10:15,094 TestNG-tests-1 freemarker.cache: debug Couldn't find template in cache for "logger/logger-test.ftl"("en", UTF-8, parsed); will try to load it.
2023-04-26 02:10:15,096 TestNG-tests-1 freemarker.cache: debug TemplateLoader.findTemplateSource("logger/logger-test_en.ftl"): Not found
2023-04-26 02:10:15,097 TestNG-tests-1 freemarker.cache: debug TemplateLoader.findTemplateSource("logger/logger-test.ftl"): Found
2023-04-26 02:10:15,097 TestNG-tests-1 freemarker.cache: debug Loading template for "logger/logger-test.ftl"("en", UTF-8, parsed) from "jar:file:/C:/Users/sonal/.gradle/caches/modules-2/files-2.1/com.aventstack/extentreports/4.0.9/272a055be574edaa8e609476077f56d3aa65b58a/extentreports-4.0.9.jar!/com/aventstack/extentreports/view/logger/logger-test.ftl"
2023-04-26 02:10:15,129 TestNG-tests-1 freemarker.cache: debug Couldn't find template in cache for "commons/commons-variables.ftl"("en", UTF-8, parsed); will try to load it.
2023-04-26 02:10:15,133 TestNG-tests-1 freemarker.cache: debug TemplateLoader.findTemplateSource("commons/commons-variables_en.ftl"): Not found
2023-04-26 02:10:15,137 TestNG-tests-1 freemarker.cache: debug TemplateLoader.findTemplateSource("commons/commons-variables.ftl"): Found
2023-04-26 02:10:15,139 TestNG-tests-1 freemarker.cache: debug Loading template for "commons/commons-variables.ftl"("en", UTF-8, parsed) from "jar:file:/C:/Users/sonal/.gradle/caches/modules-2/files-2.1/com.aventstack/extentreports/4.0.9/272a055be574edaa8e609476077f56d3aa65b58a/extentreports-4.0.9.jar!/com/aventstack/extentreports/view/commons/commons-variables.ftl"
2023-04-26 02:10:15,168 TestNG-tests-1 freemarker.cache: debug Couldn't find template in cache for "logger/partials/logger-head.ftl"("en", UTF-8, parsed); will try to load it.
2023-04-26 02:10:15,169 TestNG-tests-1 freemarker.cache: debug TemplateLoader.findTemplateSource("logger/partials/logger-head_en.ftl"): Not found
2023-04-26 02:10:15,170 TestNG-tests-1 freemarker.cache: debug TemplateLoader.findTemplateSource("logger/partials/logger-head.ftl"): Found
2023-04-26 02:10:15,171 TestNG-tests-1 freemarker.cache: debug Loading template for "logger/partials/logger-head.ftl"("en", UTF-8, parsed) from "jar:file:/C:/Users/sonal/.gradle/caches/modules-2/files-2.1/com.aventstack/extentreports/4.0.9/272a055be574edaa8e609476077f56d3aa65b58a/extentreports-4.0.9.jar!/com/aventstack/extentreports/view/logger/partials/logger-head.ftl"
2023-04-26 02:10:15,175 TestNG-tests-1 freemarker.cache: debug Couldn't find template in cache for "logger/partials/logger-nav.ftl"("en", UTF-8, parsed); will try to load it.
2023-04-26 02:10:15,176 TestNG-tests-1 freemarker.cache: debug TemplateLoader.findTemplateSource("logger/partials/logger-nav_en.ftl"): Not found
2023-04-26 02:10:15,178 TestNG-tests-1 freemarker.cache: debug TemplateLoader.findTemplateSource("logger/partials/logger-nav.ftl"): Found
2023-04-26 02:10:15,178 TestNG-tests-1 freemarker.cache: debug Loading template for "logger/partials/logger-nav.ftl"("en", UTF-8, parsed) from "jar:file:/C:/Users/sonal/.gradle/caches/modules-2/files-2.1/com.aventstack/extentreports/4.0.9/272a055be574edaa8e609476077f56d3aa65b58a/extentreports-4.0.9.jar!/com/aventstack/extentreports/view/logger/partials/logger-nav.ftl"
2023-04-26 02:10:15,210 TestNG-tests-1 freemarker.cache: debug Couldn't find template in cache for "logger/logger-dashboard.ftl"("en", UTF-8, parsed); will try to load it.
2023-04-26 02:10:15,212 TestNG-tests-1 freemarker.cache: debug TemplateLoader.findTemplateSource("logger/logger-dashboard_en.ftl"): Not found
2023-04-26 02:10:15,214 TestNG-tests-1 freemarker.cache: debug TemplateLoader.findTemplateSource("logger/logger-dashboard.ftl"): Found
2023-04-26 02:10:15,214 TestNG-tests-1 freemarker.cache: debug Loading template for "logger/logger-dashboard.ftl"("en", UTF-8, parsed) from "jar:file:/C:/Users/sonal/.gradle/caches/modules-2/files-2.1/com.aventstack/extentreports/4.0.9/272a055be574edaa8e609476077f56d3aa65b58a/extentreports-4.0.9.jar!/com/aventstack/extentreports/view/logger/logger-dashboard.ftl"
2023-04-26 02:10:15,224 TestNG-tests-1 freemarker.cache: debug Couldn't find template in cache for "commons/commons-variables.ftl"("en", UTF-8, parsed); will try to load it.
2023-04-26 02:10:15,256 TestNG-tests-1 freemarker.cache: debug TemplateLoader.findTemplateSource("commons/commons-variables_en.ftl"): Not found
2023-04-26 02:10:15,256 TestNG-tests-1 freemarker.cache: debug TemplateLoader.findTemplateSource("commons/commons-variables.ftl"): Found
2023-04-26 02:10:15,257 TestNG-tests-1 freemarker.cache: debug Loading template for "commons/commons-variables.ftl"("en", UTF-8, parsed) from "jar:file:/C:/Users/sonal/.gradle/caches/modules-2/files-2.1/com.aventstack/extentreports/4.0.9/272a055be574edaa8e609476077f56d3aa65b58a/extentreports-4.0.9.jar!/com/aventstack/extentreports/view/commons/commons-variables.ftl"
2023-04-26 02:10:15,264 TestNG-tests-1 freemarker.cache: debug Couldn't find template in cache for "logger/partials/logger-head.ftl"("en", UTF-8, parsed); will try to load it.
2023-04-26 02:10:15,265 TestNG-tests-1 freemarker.cache: debug TemplateLoader.findTemplateSource("logger/partials/logger-head_en.ftl"): Not found
2023-04-26 02:10:15,266 TestNG-tests-1 freemarker.cache: debug TemplateLoader.findTemplateSource("logger/partials/logger-head.ftl"): Found
2023-04-26 02:10:15,266 TestNG-tests-1 freemarker.cache: debug Loading template for "logger/partials/logger-head.ftl"("en", UTF-8, parsed) from "jar:file:/C:/Users/sonal/.gradle/caches/modules-2/files-2.1/com.aventstack/extentreports/4.0.9/272a055be574edaa8e609476077f56d3aa65b58a/extentreports-4.0.9.jar!/com/aventstack/extentreports/view/logger/partials/logger-head.ftl"
2023-04-26 02:10:15,271 TestNG-tests-1 freemarker.cache: debug Couldn't find template in cache for "logger/partials/logger-nav.ftl"("en", UTF-8, parsed); will try to load it.
2023-04-26 02:10:15,272 TestNG-tests-1 freemarker.cache: debug TemplateLoader.findTemplateSource("logger/partials/logger-nav_en.ftl"): Not found
2023-04-26 02:10:15,273 TestNG-tests-1 freemarker.cache: debug TemplateLoader.findTemplateSource("logger/partials/logger-nav.ftl"): Found
2023-04-26 02:10:15,273 TestNG-tests-1 freemarker.cache: debug Loading template for "logger/partials/logger-nav.ftl"("en", UTF-8, parsed) from "jar:file:/C:/Users/sonal/.gradle/caches/modules-2/files-2.1/com.aventstack/extentreports/4.0.9/272a055be574edaa8e609476077f56d3aa65b58a/extentreports-4.0.9.jar!/com/aventstack/extentreports/view/logger/partials/logger-nav.ftl"
2023-04-26 02:10:15,277 TestNG-tests-1 freemarker.cache: debug Couldn't find template in cache for "logger/partials/logger-nav-right-items.ftl"("en", UTF-8, parsed); will try to load it.
2023-04-26 02:10:15,281 TestNG-tests-1 freemarker.cache: debug TemplateLoader.findTemplateSource("logger/partials/logger-nav-right-items_en.ftl"): Not found
2023-04-26 02:10:15,282 TestNG-tests-1 freemarker.cache: debug TemplateLoader.findTemplateSource("logger/partials/logger-nav-right-items.ftl"): Found
2023-04-26 02:10:15,283 TestNG-tests-1 freemarker.cache: debug Loading template for "logger/partials/logger-nav-right-items.ftl"("en", UTF-8, parsed) from "jar:file:/C:/Users/sonal/.gradle/caches/modules-2/files-2.1/com.aventstack/extentreports/4.0.9/272a055be574edaa8e609476077f56d3aa65b58a/extentreports-4.0.9.jar!/com/aventstack/extentreports/view/logger/partials/logger-nav-right-items.ftl"
2023-04-26 02:10:15,286 TestNG-tests-1 freemarker.cache: debug Couldn't find template in cache for "commons/commons-dashboard.ftl"("en", UTF-8, parsed); will try to load it.
2023-04-26 02:10:15,288 TestNG-tests-1 freemarker.cache: debug TemplateLoader.findTemplateSource("commons/commons-dashboard_en.ftl"): Not found
2023-04-26 02:10:15,288 TestNG-tests-1 freemarker.cache: debug TemplateLoader.findTemplateSource("commons/commons-dashboard.ftl"): Found
2023-04-26 02:10:15,289 TestNG-tests-1 freemarker.cache: debug Loading template for "commons/commons-dashboard.ftl"("en", UTF-8, parsed) from "jar:file:/C:/Users/sonal/.gradle/caches/modules-2/files-2.1/com.aventstack/extentreports/4.0.9/272a055be574edaa8e609476077f56d3aa65b58a/extentreports-4.0.9.jar!/com/aventstack/extentreports/view/commons/commons-dashboard.ftl"
2023-04-26 02:10:15,313 TestNG-tests-1 freemarker.cache: debug Couldn't find template in cache for "commons/commons-dashboard-scripts.ftl"("en", UTF-8, parsed); will try to load it.
2023-04-26 02:10:15,315 TestNG-tests-1 freemarker.cache: debug TemplateLoader.findTemplateSource("commons/commons-dashboard-scripts_en.ftl"): Not found
2023-04-26 02:10:15,315 TestNG-tests-1 freemarker.cache: debug TemplateLoader.findTemplateSource("commons/commons-dashboard-scripts.ftl"): Found
2023-04-26 02:10:15,316 TestNG-tests-1 freemarker.cache: debug Loading template for "commons/commons-dashboard-scripts.ftl"("en", UTF-8, parsed) from "jar:file:/C:/Users/sonal/.gradle/caches/modules-2/files-2.1/com.aventstack/extentreports/4.0.9/272a055be574edaa8e609476077f56d3aa65b58a/extentreports-4.0.9.jar!/com/aventstack/extentreports/view/commons/commons-dashboard-scripts.ftl"
2023-04-26 02:10:15,328 TestNG-tests-1 freemarker.cache: debug Couldn't find template in cache for "logger/logger-tag.ftl"("en", UTF-8, parsed); will try to load it.
2023-04-26 02:10:15,333 TestNG-tests-1 freemarker.cache: debug TemplateLoader.findTemplateSource("logger/logger-tag_en.ftl"): Not found
2023-04-26 02:10:15,336 TestNG-tests-1 freemarker.cache: debug TemplateLoader.findTemplateSource("logger/logger-tag.ftl"): Found
2023-04-26 02:10:15,337 TestNG-tests-1 freemarker.cache: debug Loading template for "logger/logger-tag.ftl"("en", UTF-8, parsed) from "jar:file:/C:/Users/sonal/.gradle/caches/modules-2/files-2.1/com.aventstack/extentreports/4.0.9/272a055be574edaa8e609476077f56d3aa65b58a/extentreports-4.0.9.jar!/com/aventstack/extentreports/view/logger/logger-tag.ftl"
2023-04-26 02:10:15,354 TestNG-tests-1 freemarker.cache: debug Couldn't find template in cache for "commons/commons-variables.ftl"("en", UTF-8, parsed); will try to load it.
2023-04-26 02:10:15,355 TestNG-tests-1 freemarker.cache: debug TemplateLoader.findTemplateSource("commons/commons-variables_en.ftl"): Not found
2023-04-26 02:10:15,356 TestNG-tests-1 freemarker.cache: debug TemplateLoader.findTemplateSource("commons/commons-variables.ftl"): Found
2023-04-26 02:10:15,357 TestNG-tests-1 freemarker.cache: debug Loading template for "commons/commons-variables.ftl"("en", UTF-8, parsed) from "jar:file:/C:/Users/sonal/.gradle/caches/modules-2/files-2.1/com.aventstack/extentreports/4.0.9/272a055be574edaa8e609476077f56d3aa65b58a/extentreports-4.0.9.jar!/com/aventstack/extentreports/view/commons/commons-variables.ftl"
2023-04-26 02:10:15,363 TestNG-tests-1 freemarker.cache: debug Couldn't find template in cache for "logger/partials/logger-head.ftl"("en", UTF-8, parsed); will try to load it.
2023-04-26 02:10:15,365 TestNG-tests-1 freemarker.cache: debug TemplateLoader.findTemplateSource("logger/partials/logger-head_en.ftl"): Not found
2023-04-26 02:10:15,366 TestNG-tests-1 freemarker.cache: debug TemplateLoader.findTemplateSource("logger/partials/logger-head.ftl"): Found
2023-04-26 02:10:15,366 TestNG-tests-1 freemarker.cache: debug Loading template for "logger/partials/logger-head.ftl"("en", UTF-8, parsed) from "jar:file:/C:/Users/sonal/.gradle/caches/modules-2/files-2.1/com.aventstack/extentreports/4.0.9/272a055be574edaa8e609476077f56d3aa65b58a/extentreports-4.0.9.jar!/com/aventstack/extentreports/view/logger/partials/logger-head.ftl"
2023-04-26 02:10:15,371 TestNG-tests-1 freemarker.cache: debug Couldn't find template in cache for "logger/partials/logger-nav.ftl"("en", UTF-8, parsed); will try to load it.
2023-04-26 02:10:15,372 TestNG-tests-1 freemarker.cache: debug TemplateLoader.findTemplateSource("logger/partials/logger-nav_en.ftl"): Not found
2023-04-26 02:10:15,372 TestNG-tests-1 freemarker.cache: debug TemplateLoader.findTemplateSource("logger/partials/logger-nav.ftl"): Found
2023-04-26 02:10:15,372 TestNG-tests-1 freemarker.cache: debug Loading template for "logger/partials/logger-nav.ftl"("en", UTF-8, parsed) from "jar:file:/C:/Users/sonal/.gradle/caches/modules-2/files-2.1/com.aventstack/extentreports/4.0.9/272a055be574edaa8e609476077f56d3aa65b58a/extentreports-4.0.9.jar!/com/aventstack/extentreports/view/logger/partials/logger-nav.ftl"
2023-04-26 02:10:15,382 TestNG-tests-1 freemarker.cache: debug Couldn't find template in cache for "commons/commons-tag.ftl"("en", UTF-8, parsed); will try to load it.
2023-04-26 02:10:15,385 TestNG-tests-1 freemarker.cache: debug TemplateLoader.findTemplateSource("commons/commons-tag_en.ftl"): Not found
2023-04-26 02:10:15,386 TestNG-tests-1 freemarker.cache: debug TemplateLoader.findTemplateSource("commons/commons-tag.ftl"): Found
2023-04-26 02:10:15,386 TestNG-tests-1 freemarker.cache: debug Loading template for "commons/commons-tag.ftl"("en", UTF-8, parsed) from "jar:file:/C:/Users/sonal/.gradle/caches/modules-2/files-2.1/com.aventstack/extentreports/4.0.9/272a055be574edaa8e609476077f56d3aa65b58a/extentreports-4.0.9.jar!/com/aventstack/extentreports/view/commons/commons-tag.ftl"
2023-04-26 02:10:15,390 TestNG-tests-1 freemarker.cache: debug Couldn't find template in cache for "commons/commons-macros.ftl"("en", UTF-8, parsed); will try to load it.
2023-04-26 02:10:15,393 TestNG-tests-1 freemarker.cache: debug TemplateLoader.findTemplateSource("commons/commons-macros_en.ftl"): Not found
2023-04-26 02:10:15,396 TestNG-tests-1 freemarker.cache: debug TemplateLoader.findTemplateSource("commons/commons-macros.ftl"): Found
2023-04-26 02:10:15,397 TestNG-tests-1 freemarker.cache: debug Loading template for "commons/commons-macros.ftl"("en", UTF-8, parsed) from "jar:file:/C:/Users/sonal/.gradle/caches/modules-2/files-2.1/com.aventstack/extentreports/4.0.9/272a055be574edaa8e609476077f56d3aa65b58a/extentreports-4.0.9.jar!/com/aventstack/extentreports/view/commons/commons-macros.ftl"
2023-04-26 02:10:15,405 TestNG-tests-1 freemarker.cache: debug Couldn't find template in cache for "logger/partials/logger-nav-right-items.ftl"("en", UTF-8, parsed); will try to load it.
2023-04-26 02:10:15,407 TestNG-tests-1 freemarker.cache: debug TemplateLoader.findTemplateSource("logger/partials/logger-nav-right-items_en.ftl"): Not found
2023-04-26 02:10:15,408 TestNG-tests-1 freemarker.cache: debug TemplateLoader.findTemplateSource("logger/partials/logger-nav-right-items.ftl"): Found
2023-04-26 02:10:15,409 TestNG-tests-1 freemarker.cache: debug Loading template for "logger/partials/logger-nav-right-items.ftl"("en", UTF-8, parsed) from "jar:file:/C:/Users/sonal/.gradle/caches/modules-2/files-2.1/com.aventstack/extentreports/4.0.9/272a055be574edaa8e609476077f56d3aa65b58a/extentreports-4.0.9.jar!/com/aventstack/extentreports/view/logger/partials/logger-nav-right-items.ftl"
