2023-04-26 01:45:11,656 TestNG-tests-1 io.netty.util.internal.logging.InternalLoggerFactory: useLog4JLoggerFactory Using Log4J as the default logging framework
2023-04-26 01:45:11,661 TestNG-tests-1 io.netty.util.ResourceLeakDetector: <clinit> -Dio.netty.leakDetection.level: simple
2023-04-26 01:45:11,661 TestNG-tests-1 io.netty.util.ResourceLeakDetector: <clinit> -Dio.netty.leakDetection.targetRecords: 4
2023-04-26 01:45:11,666 TestNG-tests-1 io.netty.util.ResourceLeakDetectorFactory: newResourceLeakDetector Loaded default ResourceLeakDetector: io.netty.util.ResourceLeakDetector@32b0fdcf
2023-04-26 01:45:11,681 TestNG-tests-1 io.netty.util.internal.PlatformDependent0: explicitNoUnsafeCause0 -Dio.netty.noUnsafe: false
2023-04-26 01:45:11,682 TestNG-tests-1 io.netty.util.internal.PlatformDependent0: javaVersion0 Java version: 11
2023-04-26 01:45:11,683 TestNG-tests-1 io.netty.util.internal.PlatformDependent0: <clinit> sun.misc.Unsafe.theUnsafe: available
2023-04-26 01:45:11,683 TestNG-tests-1 io.netty.util.internal.PlatformDependent0: <clinit> sun.misc.Unsafe.copyMemory: available
2023-04-26 01:45:11,684 TestNG-tests-1 io.netty.util.internal.PlatformDependent0: <clinit> sun.misc.Unsafe.storeFence: available
2023-04-26 01:45:11,684 TestNG-tests-1 io.netty.util.internal.PlatformDependent0: <clinit> java.nio.Buffer.address: available
2023-04-26 01:45:11,684 TestNG-tests-1 io.netty.util.internal.PlatformDependent0: <clinit> direct buffer constructor: unavailable: Reflective setAccessible(true) disabled
2023-04-26 01:45:11,685 TestNG-tests-1 io.netty.util.internal.PlatformDependent0: <clinit> java.nio.Bits.unaligned: available, true
2023-04-26 01:45:11,686 TestNG-tests-1 io.netty.util.internal.PlatformDependent0: <clinit> jdk.internal.misc.Unsafe.allocateUninitializedArray(int): unavailable: class io.netty.util.internal.PlatformDependent0$7 cannot access class jdk.internal.misc.Unsafe (in module java.base) because module java.base does not export jdk.internal.misc to unnamed module @5fd4f8f5
2023-04-26 01:45:11,687 TestNG-tests-1 io.netty.util.internal.PlatformDependent0: <clinit> java.nio.DirectByteBuffer.<init>(long, int): unavailable
2023-04-26 01:45:11,688 TestNG-tests-1 io.netty.util.internal.PlatformDependent: unsafeUnavailabilityCause0 sun.misc.Unsafe: available
2023-04-26 01:45:11,700 TestNG-tests-1 io.netty.util.internal.PlatformDependent: estimateMaxDirectMemory maxDirectMemory: 4238344192 bytes (maybe)
2023-04-26 01:45:11,702 TestNG-tests-1 io.netty.util.internal.PlatformDependent: tmpdir0 -Dio.netty.tmpdir: C:\Users\sonal\AppData\Local\Temp (java.io.tmpdir)
2023-04-26 01:45:11,702 TestNG-tests-1 io.netty.util.internal.PlatformDependent: bitMode0 -Dio.netty.bitMode: 64 (sun.arch.data.model)
2023-04-26 01:45:11,702 TestNG-tests-1 io.netty.util.internal.PlatformDependent: isWindows0 Platform: Windows
2023-04-26 01:45:11,703 TestNG-tests-1 io.netty.util.internal.PlatformDependent: <clinit> -Dio.netty.maxDirectMemory: -1 bytes
2023-04-26 01:45:11,703 TestNG-tests-1 io.netty.util.internal.PlatformDependent: <clinit> -Dio.netty.uninitializedArrayAllocationThreshold: -1
2023-04-26 01:45:11,704 TestNG-tests-1 io.netty.util.internal.CleanerJava9: <clinit> java.nio.ByteBuffer.cleaner(): available
2023-04-26 01:45:11,704 TestNG-tests-1 io.netty.util.internal.PlatformDependent: <clinit> -Dio.netty.noPreferDirect: false
2023-04-26 01:45:11,717 TestNG-tests-1 io.netty.util.internal.PlatformDependent: <clinit> org.jctools-core.MpscChunkedArrayQueue: available
2023-04-26 01:45:11,733 TestNG-tests-1 io.netty.util.internal.InternalThreadLocalMap: <clinit> -Dio.netty.threadLocalMap.stringBuilder.initialSize: 1024
2023-04-26 01:45:11,733 TestNG-tests-1 io.netty.util.internal.InternalThreadLocalMap: <clinit> -Dio.netty.threadLocalMap.stringBuilder.maxSize: 4096
2023-04-26 01:45:11,828 TestNG-tests-1 io.netty.handler.ssl.JdkSslContext: <clinit> Default protocols (JDK): [TLSv1.3, TLSv1.2] 
2023-04-26 01:45:11,828 TestNG-tests-1 io.netty.handler.ssl.JdkSslContext: <clinit> Default cipher suites (JDK): [TLS_ECDHE_ECDSA_WITH_AES_256_GCM_SHA384, TLS_ECDHE_ECDSA_WITH_AES_128_GCM_SHA256, TLS_ECDHE_RSA_WITH_AES_128_GCM_SHA256, TLS_ECDHE_RSA_WITH_AES_256_GCM_SHA384, TLS_ECDHE_RSA_WITH_AES_128_CBC_SHA, TLS_ECDHE_RSA_WITH_AES_256_CBC_SHA, TLS_RSA_WITH_AES_128_GCM_SHA256, TLS_RSA_WITH_AES_128_CBC_SHA, TLS_RSA_WITH_AES_256_CBC_SHA, TLS_AES_128_GCM_SHA256, TLS_AES_256_GCM_SHA384]
2023-04-26 01:45:11,840 TestNG-tests-1 io.netty.util.concurrent.GlobalEventExecutor: <clinit> -Dio.netty.globalEventExecutor.quietPeriodSeconds: 1
2023-04-26 01:45:11,851 TestNG-tests-1 io.netty.channel.MultithreadEventLoopGroup: <clinit> -Dio.netty.eventLoopThreads: 16
2023-04-26 01:45:11,861 TestNG-tests-1 io.netty.channel.nio.NioEventLoop: <clinit> -Dio.netty.noKeySetOptimization: false
2023-04-26 01:45:11,862 TestNG-tests-1 io.netty.channel.nio.NioEventLoop: <clinit> -Dio.netty.selectorAutoRebuildThreshold: 512
2023-04-26 01:45:11,895 TestNG-tests-1 io.netty.buffer.PooledByteBufAllocator: <clinit> -Dio.netty.allocator.numHeapArenas: 16
2023-04-26 01:45:11,896 TestNG-tests-1 io.netty.buffer.PooledByteBufAllocator: <clinit> -Dio.netty.allocator.numDirectArenas: 16
2023-04-26 01:45:11,896 TestNG-tests-1 io.netty.buffer.PooledByteBufAllocator: <clinit> -Dio.netty.allocator.pageSize: 8192
2023-04-26 01:45:11,896 TestNG-tests-1 io.netty.buffer.PooledByteBufAllocator: <clinit> -Dio.netty.allocator.maxOrder: 9
2023-04-26 01:45:11,896 TestNG-tests-1 io.netty.buffer.PooledByteBufAllocator: <clinit> -Dio.netty.allocator.chunkSize: 4194304
2023-04-26 01:45:11,896 TestNG-tests-1 io.netty.buffer.PooledByteBufAllocator: <clinit> -Dio.netty.allocator.smallCacheSize: 256
2023-04-26 01:45:11,896 TestNG-tests-1 io.netty.buffer.PooledByteBufAllocator: <clinit> -Dio.netty.allocator.normalCacheSize: 64
2023-04-26 01:45:11,896 TestNG-tests-1 io.netty.buffer.PooledByteBufAllocator: <clinit> -Dio.netty.allocator.maxCachedBufferCapacity: 32768
2023-04-26 01:45:11,896 TestNG-tests-1 io.netty.buffer.PooledByteBufAllocator: <clinit> -Dio.netty.allocator.cacheTrimInterval: 8192
2023-04-26 01:45:11,896 TestNG-tests-1 io.netty.buffer.PooledByteBufAllocator: <clinit> -Dio.netty.allocator.cacheTrimIntervalMillis: 0
2023-04-26 01:45:11,897 TestNG-tests-1 io.netty.buffer.PooledByteBufAllocator: <clinit> -Dio.netty.allocator.useCacheForAllThreads: false
2023-04-26 01:45:11,897 TestNG-tests-1 io.netty.buffer.PooledByteBufAllocator: <clinit> -Dio.netty.allocator.maxCachedByteBuffersPerChunk: 1023
2023-04-26 01:45:11,905 TestNG-tests-1 io.netty.buffer.ByteBufUtil: <clinit> -Dio.netty.allocator.type: pooled
2023-04-26 01:45:11,905 TestNG-tests-1 io.netty.buffer.ByteBufUtil: <clinit> -Dio.netty.threadLocalDirectBufferSize: 0
2023-04-26 01:45:11,905 TestNG-tests-1 io.netty.buffer.ByteBufUtil: <clinit> -Dio.netty.maxThreadLocalCharBufferSize: 16384
2023-04-26 01:45:12,921 Forwarding newSession on session null to remote io.netty.channel.DefaultChannelId: <clinit> -Dio.netty.processId: 6212 (auto-detected)
2023-04-26 01:45:12,922 Forwarding newSession on session null to remote io.netty.util.NetUtil: <clinit> -Djava.net.preferIPv4Stack: false
2023-04-26 01:45:12,922 Forwarding newSession on session null to remote io.netty.util.NetUtil: <clinit> -Djava.net.preferIPv6Addresses: false
2023-04-26 01:45:13,001 Forwarding newSession on session null to remote io.netty.util.NetUtilInitializations: determineLoopback Loopback interface: lo (Software Loopback Interface 1, 127.0.0.1)
2023-04-26 01:45:13,002 Forwarding newSession on session null to remote io.netty.util.NetUtil: run Failed to get SOMAXCONN from sysctl and file \proc\sys\net\core\somaxconn. Default: 200
2023-04-26 01:45:13,008 Forwarding newSession on session null to remote io.netty.channel.DefaultChannelId: <clinit> -Dio.netty.machineId: 8c:b8:7e:ff:fe:f3:ca:46 (auto-detected)
2023-04-26 01:45:13,059 AsyncHttpClient-1-2 io.netty.buffer.AbstractByteBuf: <clinit> -Dio.netty.buffer.checkAccessible: true
2023-04-26 01:45:13,060 AsyncHttpClient-1-2 io.netty.buffer.AbstractByteBuf: <clinit> -Dio.netty.buffer.checkBounds: true
2023-04-26 01:45:13,060 AsyncHttpClient-1-2 io.netty.util.ResourceLeakDetectorFactory: newResourceLeakDetector Loaded default ResourceLeakDetector: io.netty.util.ResourceLeakDetector@5ba4af30
2023-04-26 01:45:13,092 AsyncHttpClient-1-2 io.netty.util.Recycler: <clinit> -Dio.netty.recycler.maxCapacityPerThread: 4096
2023-04-26 01:45:13,093 AsyncHttpClient-1-2 io.netty.util.Recycler: <clinit> -Dio.netty.recycler.ratio: 8
2023-04-26 01:45:13,093 AsyncHttpClient-1-2 io.netty.util.Recycler: <clinit> -Dio.netty.recycler.chunkSize: 32
2023-04-26 01:45:13,093 AsyncHttpClient-1-2 io.netty.util.Recycler: <clinit> -Dio.netty.recycler.blocking: false
2023-04-26 01:45:13,093 AsyncHttpClient-1-2 io.netty.util.Recycler: <clinit> -Dio.netty.recycler.batchFastThreadLocalOnly: true
2023-04-26 01:45:14,345 AsyncHttpClient-1-2 io.netty.handler.codec.compression.Brotli: <clinit> brotli4j not in the classpath; Brotli support will be unavailable.
2023-04-26 01:45:14,601 TestNG-tests-1 io.netty.util.internal.ThreadLocalRandom: newSeed -Dio.netty.initialSeedUniquifier: 0x7982170203ccbb03
2023-04-26 01:45:17,786 TestNG-tests-1 pageSteps.landingPageSteps: getWaitDuration selenium getDriver() getWait() time set from environment properties: PT15S
2023-04-26 01:45:17,806 TestNG-tests-1 pageSteps.landingPageSteps: getWait obtaining the wait for current thread
2023-04-26 01:45:21,521 TestNG-tests-1 pageSteps.landingPageSteps: getWait obtaining the wait for current thread
2023-04-26 01:45:24,949 TestNG-tests-1 uiAutomationHelper.element: <init> element located successfully:By.xpath: //li/a[text()='Women']
2023-04-26 01:45:26,137 TestNG-tests-1 uiAutomationHelper.element: refind Attempting to refind the element: By.xpath: //li/a[text()='Women']
2023-04-26 01:45:26,146 TestNG-tests-1 uiAutomationHelper.element: refind retry number 0
2023-04-26 01:45:38,912 TestNG-tests-1 freemarker.cache: debug Couldn't find template in cache for "v3html/v3-html-index.ftl"("en", UTF-8, parsed); will try to load it.
2023-04-26 01:45:38,915 TestNG-tests-1 freemarker.cache: debug TemplateLoader.findTemplateSource("v3html/v3-html-index_en.ftl"): Not found
2023-04-26 01:45:38,920 TestNG-tests-1 freemarker.cache: debug TemplateLoader.findTemplateSource("v3html/v3-html-index.ftl"): Found
2023-04-26 01:45:38,920 TestNG-tests-1 freemarker.cache: debug Loading template for "v3html/v3-html-index.ftl"("en", UTF-8, parsed) from "jar:file:/C:/Users/sonal/.gradle/caches/modules-2/files-2.1/com.aventstack/extentreports/4.0.9/272a055be574edaa8e609476077f56d3aa65b58a/extentreports-4.0.9.jar!/com/aventstack/extentreports/view/v3html/v3-html-index.ftl"
2023-04-26 01:45:39,457 TestNG-tests-1 freemarker.cache: debug Couldn't find template in cache for "v3html/v3-html-head.ftl"("en", UTF-8, parsed); will try to load it.
2023-04-26 01:45:39,460 TestNG-tests-1 freemarker.cache: debug TemplateLoader.findTemplateSource("v3html/v3-html-head_en.ftl"): Not found
2023-04-26 01:45:39,461 TestNG-tests-1 freemarker.cache: debug TemplateLoader.findTemplateSource("v3html/v3-html-head.ftl"): Found
2023-04-26 01:45:39,462 TestNG-tests-1 freemarker.cache: debug Loading template for "v3html/v3-html-head.ftl"("en", UTF-8, parsed) from "jar:file:/C:/Users/sonal/.gradle/caches/modules-2/files-2.1/com.aventstack/extentreports/4.0.9/272a055be574edaa8e609476077f56d3aa65b58a/extentreports-4.0.9.jar!/com/aventstack/extentreports/view/v3html/v3-html-head.ftl"
2023-04-26 01:45:39,473 TestNG-tests-1 freemarker.cache: debug Couldn't find template in cache for "v3html/v3-html-nav.ftl"("en", UTF-8, parsed); will try to load it.
2023-04-26 01:45:39,475 TestNG-tests-1 freemarker.cache: debug TemplateLoader.findTemplateSource("v3html/v3-html-nav_en.ftl"): Not found
2023-04-26 01:45:39,476 TestNG-tests-1 freemarker.cache: debug TemplateLoader.findTemplateSource("v3html/v3-html-nav.ftl"): Found
2023-04-26 01:45:39,478 TestNG-tests-1 freemarker.cache: debug Loading template for "v3html/v3-html-nav.ftl"("en", UTF-8, parsed) from "jar:file:/C:/Users/sonal/.gradle/caches/modules-2/files-2.1/com.aventstack/extentreports/4.0.9/272a055be574edaa8e609476077f56d3aa65b58a/extentreports-4.0.9.jar!/com/aventstack/extentreports/view/v3html/v3-html-nav.ftl"
2023-04-26 01:45:39,506 TestNG-tests-1 freemarker.cache: debug Couldn't find template in cache for "v3html/test-view/v3-html-test-view.ftl"("en", UTF-8, parsed); will try to load it.
2023-04-26 01:45:39,508 TestNG-tests-1 freemarker.cache: debug TemplateLoader.findTemplateSource("v3html/test-view/v3-html-test-view_en.ftl"): Not found
2023-04-26 01:45:39,512 TestNG-tests-1 freemarker.cache: debug TemplateLoader.findTemplateSource("v3html/test-view/v3-html-test-view.ftl"): Found
2023-04-26 01:45:39,512 TestNG-tests-1 freemarker.cache: debug Loading template for "v3html/test-view/v3-html-test-view.ftl"("en", UTF-8, parsed) from "jar:file:/C:/Users/sonal/.gradle/caches/modules-2/files-2.1/com.aventstack/extentreports/4.0.9/272a055be574edaa8e609476077f56d3aa65b58a/extentreports-4.0.9.jar!/com/aventstack/extentreports/view/v3html/test-view/v3-html-test-view.ftl"
2023-04-26 01:45:39,545 TestNG-tests-1 freemarker.cache: debug Couldn't find template in cache for "v3html/test-view/v3-html-test-view-charts.ftl"("en", UTF-8, parsed); will try to load it.
2023-04-26 01:45:39,546 TestNG-tests-1 freemarker.cache: debug TemplateLoader.findTemplateSource("v3html/test-view/v3-html-test-view-charts_en.ftl"): Not found
2023-04-26 01:45:39,547 TestNG-tests-1 freemarker.cache: debug TemplateLoader.findTemplateSource("v3html/test-view/v3-html-test-view-charts.ftl"): Found
2023-04-26 01:45:39,548 TestNG-tests-1 freemarker.cache: debug Loading template for "v3html/test-view/v3-html-test-view-charts.ftl"("en", UTF-8, parsed) from "jar:file:/C:/Users/sonal/.gradle/caches/modules-2/files-2.1/com.aventstack/extentreports/4.0.9/272a055be574edaa8e609476077f56d3aa65b58a/extentreports-4.0.9.jar!/com/aventstack/extentreports/view/v3html/test-view/v3-html-test-view-charts.ftl"
2023-04-26 01:45:39,573 TestNG-tests-1 freemarker.cache: debug Couldn't find template in cache for "v3html/test-view/v3-html-bdd.ftl"("en", UTF-8, parsed); will try to load it.
2023-04-26 01:45:39,575 TestNG-tests-1 freemarker.cache: debug TemplateLoader.findTemplateSource("v3html/test-view/v3-html-bdd_en.ftl"): Not found
2023-04-26 01:45:39,577 TestNG-tests-1 freemarker.cache: debug TemplateLoader.findTemplateSource("v3html/test-view/v3-html-bdd.ftl"): Found
2023-04-26 01:45:39,577 TestNG-tests-1 freemarker.cache: debug Loading template for "v3html/test-view/v3-html-bdd.ftl"("en", UTF-8, parsed) from "jar:file:/C:/Users/sonal/.gradle/caches/modules-2/files-2.1/com.aventstack/extentreports/4.0.9/272a055be574edaa8e609476077f56d3aa65b58a/extentreports-4.0.9.jar!/com/aventstack/extentreports/view/v3html/test-view/v3-html-bdd.ftl"
2023-04-26 01:45:39,649 TestNG-tests-1 freemarker.cache: debug Couldn't find template in cache for "v3html/category-view/v3-html-category-view.ftl"("en", UTF-8, parsed); will try to load it.
2023-04-26 01:45:39,652 TestNG-tests-1 freemarker.cache: debug TemplateLoader.findTemplateSource("v3html/category-view/v3-html-category-view_en.ftl"): Not found
2023-04-26 01:45:39,654 TestNG-tests-1 freemarker.cache: debug TemplateLoader.findTemplateSource("v3html/category-view/v3-html-category-view.ftl"): Found
2023-04-26 01:45:39,654 TestNG-tests-1 freemarker.cache: debug Loading template for "v3html/category-view/v3-html-category-view.ftl"("en", UTF-8, parsed) from "jar:file:/C:/Users/sonal/.gradle/caches/modules-2/files-2.1/com.aventstack/extentreports/4.0.9/272a055be574edaa8e609476077f56d3aa65b58a/extentreports-4.0.9.jar!/com/aventstack/extentreports/view/v3html/category-view/v3-html-category-view.ftl"
2023-04-26 01:45:39,710 TestNG-tests-1 freemarker.cache: debug Couldn't find template in cache for "v3html/exception-view/v3-html-exception-view.ftl"("en", UTF-8, parsed); will try to load it.
2023-04-26 01:45:39,711 TestNG-tests-1 freemarker.cache: debug TemplateLoader.findTemplateSource("v3html/exception-view/v3-html-exception-view_en.ftl"): Not found
2023-04-26 01:45:39,712 TestNG-tests-1 freemarker.cache: debug TemplateLoader.findTemplateSource("v3html/exception-view/v3-html-exception-view.ftl"): Found
2023-04-26 01:45:39,713 TestNG-tests-1 freemarker.cache: debug Loading template for "v3html/exception-view/v3-html-exception-view.ftl"("en", UTF-8, parsed) from "jar:file:/C:/Users/sonal/.gradle/caches/modules-2/files-2.1/com.aventstack/extentreports/4.0.9/272a055be574edaa8e609476077f56d3aa65b58a/extentreports-4.0.9.jar!/com/aventstack/extentreports/view/v3html/exception-view/v3-html-exception-view.ftl"
2023-04-26 01:45:39,720 TestNG-tests-1 freemarker.cache: debug Couldn't find template in cache for "v3html/author-view/v3-html-author-view.ftl"("en", UTF-8, parsed); will try to load it.
2023-04-26 01:45:39,721 TestNG-tests-1 freemarker.cache: debug TemplateLoader.findTemplateSource("v3html/author-view/v3-html-author-view_en.ftl"): Not found
2023-04-26 01:45:39,722 TestNG-tests-1 freemarker.cache: debug TemplateLoader.findTemplateSource("v3html/author-view/v3-html-author-view.ftl"): Found
2023-04-26 01:45:39,751 TestNG-tests-1 freemarker.cache: debug Loading template for "v3html/author-view/v3-html-author-view.ftl"("en", UTF-8, parsed) from "jar:file:/C:/Users/sonal/.gradle/caches/modules-2/files-2.1/com.aventstack/extentreports/4.0.9/272a055be574edaa8e609476077f56d3aa65b58a/extentreports-4.0.9.jar!/com/aventstack/extentreports/view/v3html/author-view/v3-html-author-view.ftl"
2023-04-26 01:45:39,757 TestNG-tests-1 freemarker.cache: debug Couldn't find template in cache for "v3html/dashboard-view/v3-html-dashboard-view.ftl"("en", UTF-8, parsed); will try to load it.
2023-04-26 01:45:39,760 TestNG-tests-1 freemarker.cache: debug TemplateLoader.findTemplateSource("v3html/dashboard-view/v3-html-dashboard-view_en.ftl"): Not found
2023-04-26 01:45:39,762 TestNG-tests-1 freemarker.cache: debug TemplateLoader.findTemplateSource("v3html/dashboard-view/v3-html-dashboard-view.ftl"): Found
2023-04-26 01:45:39,763 TestNG-tests-1 freemarker.cache: debug Loading template for "v3html/dashboard-view/v3-html-dashboard-view.ftl"("en", UTF-8, parsed) from "jar:file:/C:/Users/sonal/.gradle/caches/modules-2/files-2.1/com.aventstack/extentreports/4.0.9/272a055be574edaa8e609476077f56d3aa65b58a/extentreports-4.0.9.jar!/com/aventstack/extentreports/view/v3html/dashboard-view/v3-html-dashboard-view.ftl"
2023-04-26 01:45:39,772 TestNG-tests-1 freemarker.cache: debug Couldn't find template in cache for "v3html/logs-view/v3-html-testrunner-logs-view.ftl"("en", UTF-8, parsed); will try to load it.
2023-04-26 01:45:39,773 TestNG-tests-1 freemarker.cache: debug TemplateLoader.findTemplateSource("v3html/logs-view/v3-html-testrunner-logs-view_en.ftl"): Not found
2023-04-26 01:45:39,776 TestNG-tests-1 freemarker.cache: debug TemplateLoader.findTemplateSource("v3html/logs-view/v3-html-testrunner-logs-view.ftl"): Found
2023-04-26 01:45:39,778 TestNG-tests-1 freemarker.cache: debug Loading template for "v3html/logs-view/v3-html-testrunner-logs-view.ftl"("en", UTF-8, parsed) from "jar:file:/C:/Users/sonal/.gradle/caches/modules-2/files-2.1/com.aventstack/extentreports/4.0.9/272a055be574edaa8e609476077f56d3aa65b58a/extentreports-4.0.9.jar!/com/aventstack/extentreports/view/v3html/logs-view/v3-html-testrunner-logs-view.ftl"
2023-04-26 01:45:39,887 TestNG-tests-1 freemarker.cache: debug Couldn't find template in cache for "logger/logger-test.ftl"("en", UTF-8, parsed); will try to load it.
2023-04-26 01:45:39,889 TestNG-tests-1 freemarker.cache: debug TemplateLoader.findTemplateSource("logger/logger-test_en.ftl"): Not found
2023-04-26 01:45:39,890 TestNG-tests-1 freemarker.cache: debug TemplateLoader.findTemplateSource("logger/logger-test.ftl"): Found
2023-04-26 01:45:39,890 TestNG-tests-1 freemarker.cache: debug Loading template for "logger/logger-test.ftl"("en", UTF-8, parsed) from "jar:file:/C:/Users/sonal/.gradle/caches/modules-2/files-2.1/com.aventstack/extentreports/4.0.9/272a055be574edaa8e609476077f56d3aa65b58a/extentreports-4.0.9.jar!/com/aventstack/extentreports/view/logger/logger-test.ftl"
2023-04-26 01:45:39,917 TestNG-tests-1 freemarker.cache: debug Couldn't find template in cache for "commons/commons-variables.ftl"("en", UTF-8, parsed); will try to load it.
2023-04-26 01:45:39,919 TestNG-tests-1 freemarker.cache: debug TemplateLoader.findTemplateSource("commons/commons-variables_en.ftl"): Not found
2023-04-26 01:45:39,920 TestNG-tests-1 freemarker.cache: debug TemplateLoader.findTemplateSource("commons/commons-variables.ftl"): Found
2023-04-26 01:45:39,920 TestNG-tests-1 freemarker.cache: debug Loading template for "commons/commons-variables.ftl"("en", UTF-8, parsed) from "jar:file:/C:/Users/sonal/.gradle/caches/modules-2/files-2.1/com.aventstack/extentreports/4.0.9/272a055be574edaa8e609476077f56d3aa65b58a/extentreports-4.0.9.jar!/com/aventstack/extentreports/view/commons/commons-variables.ftl"
2023-04-26 01:45:39,950 TestNG-tests-1 freemarker.cache: debug Couldn't find template in cache for "logger/partials/logger-head.ftl"("en", UTF-8, parsed); will try to load it.
2023-04-26 01:45:39,952 TestNG-tests-1 freemarker.cache: debug TemplateLoader.findTemplateSource("logger/partials/logger-head_en.ftl"): Not found
2023-04-26 01:45:39,955 TestNG-tests-1 freemarker.cache: debug TemplateLoader.findTemplateSource("logger/partials/logger-head.ftl"): Found
2023-04-26 01:45:39,955 TestNG-tests-1 freemarker.cache: debug Loading template for "logger/partials/logger-head.ftl"("en", UTF-8, parsed) from "jar:file:/C:/Users/sonal/.gradle/caches/modules-2/files-2.1/com.aventstack/extentreports/4.0.9/272a055be574edaa8e609476077f56d3aa65b58a/extentreports-4.0.9.jar!/com/aventstack/extentreports/view/logger/partials/logger-head.ftl"
2023-04-26 01:45:39,961 TestNG-tests-1 freemarker.cache: debug Couldn't find template in cache for "logger/partials/logger-nav.ftl"("en", UTF-8, parsed); will try to load it.
2023-04-26 01:45:39,963 TestNG-tests-1 freemarker.cache: debug TemplateLoader.findTemplateSource("logger/partials/logger-nav_en.ftl"): Not found
2023-04-26 01:45:39,963 TestNG-tests-1 freemarker.cache: debug TemplateLoader.findTemplateSource("logger/partials/logger-nav.ftl"): Found
2023-04-26 01:45:39,964 TestNG-tests-1 freemarker.cache: debug Loading template for "logger/partials/logger-nav.ftl"("en", UTF-8, parsed) from "jar:file:/C:/Users/sonal/.gradle/caches/modules-2/files-2.1/com.aventstack/extentreports/4.0.9/272a055be574edaa8e609476077f56d3aa65b58a/extentreports-4.0.9.jar!/com/aventstack/extentreports/view/logger/partials/logger-nav.ftl"
2023-04-26 01:45:39,986 TestNG-tests-1 freemarker.cache: debug Couldn't find template in cache for "logger/logger-dashboard.ftl"("en", UTF-8, parsed); will try to load it.
2023-04-26 01:45:39,987 TestNG-tests-1 freemarker.cache: debug TemplateLoader.findTemplateSource("logger/logger-dashboard_en.ftl"): Not found
2023-04-26 01:45:39,988 TestNG-tests-1 freemarker.cache: debug TemplateLoader.findTemplateSource("logger/logger-dashboard.ftl"): Found
2023-04-26 01:45:39,988 TestNG-tests-1 freemarker.cache: debug Loading template for "logger/logger-dashboard.ftl"("en", UTF-8, parsed) from "jar:file:/C:/Users/sonal/.gradle/caches/modules-2/files-2.1/com.aventstack/extentreports/4.0.9/272a055be574edaa8e609476077f56d3aa65b58a/extentreports-4.0.9.jar!/com/aventstack/extentreports/view/logger/logger-dashboard.ftl"
2023-04-26 01:45:39,992 TestNG-tests-1 freemarker.cache: debug Couldn't find template in cache for "commons/commons-variables.ftl"("en", UTF-8, parsed); will try to load it.
2023-04-26 01:45:39,993 TestNG-tests-1 freemarker.cache: debug TemplateLoader.findTemplateSource("commons/commons-variables_en.ftl"): Not found
2023-04-26 01:45:39,994 TestNG-tests-1 freemarker.cache: debug TemplateLoader.findTemplateSource("commons/commons-variables.ftl"): Found
2023-04-26 01:45:39,995 TestNG-tests-1 freemarker.cache: debug Loading template for "commons/commons-variables.ftl"("en", UTF-8, parsed) from "jar:file:/C:/Users/sonal/.gradle/caches/modules-2/files-2.1/com.aventstack/extentreports/4.0.9/272a055be574edaa8e609476077f56d3aa65b58a/extentreports-4.0.9.jar!/com/aventstack/extentreports/view/commons/commons-variables.ftl"
2023-04-26 01:45:40,000 TestNG-tests-1 freemarker.cache: debug Couldn't find template in cache for "logger/partials/logger-head.ftl"("en", UTF-8, parsed); will try to load it.
2023-04-26 01:45:40,001 TestNG-tests-1 freemarker.cache: debug TemplateLoader.findTemplateSource("logger/partials/logger-head_en.ftl"): Not found
2023-04-26 01:45:40,001 TestNG-tests-1 freemarker.cache: debug TemplateLoader.findTemplateSource("logger/partials/logger-head.ftl"): Found
2023-04-26 01:45:40,002 TestNG-tests-1 freemarker.cache: debug Loading template for "logger/partials/logger-head.ftl"("en", UTF-8, parsed) from "jar:file:/C:/Users/sonal/.gradle/caches/modules-2/files-2.1/com.aventstack/extentreports/4.0.9/272a055be574edaa8e609476077f56d3aa65b58a/extentreports-4.0.9.jar!/com/aventstack/extentreports/view/logger/partials/logger-head.ftl"
2023-04-26 01:45:40,006 TestNG-tests-1 freemarker.cache: debug Couldn't find template in cache for "logger/partials/logger-nav.ftl"("en", UTF-8, parsed); will try to load it.
2023-04-26 01:45:40,007 TestNG-tests-1 freemarker.cache: debug TemplateLoader.findTemplateSource("logger/partials/logger-nav_en.ftl"): Not found
2023-04-26 01:45:40,008 TestNG-tests-1 freemarker.cache: debug TemplateLoader.findTemplateSource("logger/partials/logger-nav.ftl"): Found
2023-04-26 01:45:40,008 TestNG-tests-1 freemarker.cache: debug Loading template for "logger/partials/logger-nav.ftl"("en", UTF-8, parsed) from "jar:file:/C:/Users/sonal/.gradle/caches/modules-2/files-2.1/com.aventstack/extentreports/4.0.9/272a055be574edaa8e609476077f56d3aa65b58a/extentreports-4.0.9.jar!/com/aventstack/extentreports/view/logger/partials/logger-nav.ftl"
2023-04-26 01:45:40,015 TestNG-tests-1 freemarker.cache: debug Couldn't find template in cache for "logger/partials/logger-nav-right-items.ftl"("en", UTF-8, parsed); will try to load it.
2023-04-26 01:45:40,018 TestNG-tests-1 freemarker.cache: debug TemplateLoader.findTemplateSource("logger/partials/logger-nav-right-items_en.ftl"): Not found
2023-04-26 01:45:40,018 TestNG-tests-1 freemarker.cache: debug TemplateLoader.findTemplateSource("logger/partials/logger-nav-right-items.ftl"): Found
2023-04-26 01:45:40,018 TestNG-tests-1 freemarker.cache: debug Loading template for "logger/partials/logger-nav-right-items.ftl"("en", UTF-8, parsed) from "jar:file:/C:/Users/sonal/.gradle/caches/modules-2/files-2.1/com.aventstack/extentreports/4.0.9/272a055be574edaa8e609476077f56d3aa65b58a/extentreports-4.0.9.jar!/com/aventstack/extentreports/view/logger/partials/logger-nav-right-items.ftl"
2023-04-26 01:45:40,021 TestNG-tests-1 freemarker.cache: debug Couldn't find template in cache for "commons/commons-dashboard.ftl"("en", UTF-8, parsed); will try to load it.
2023-04-26 01:45:40,023 TestNG-tests-1 freemarker.cache: debug TemplateLoader.findTemplateSource("commons/commons-dashboard_en.ftl"): Not found
2023-04-26 01:45:40,023 TestNG-tests-1 freemarker.cache: debug TemplateLoader.findTemplateSource("commons/commons-dashboard.ftl"): Found
2023-04-26 01:45:40,024 TestNG-tests-1 freemarker.cache: debug Loading template for "commons/commons-dashboard.ftl"("en", UTF-8, parsed) from "jar:file:/C:/Users/sonal/.gradle/caches/modules-2/files-2.1/com.aventstack/extentreports/4.0.9/272a055be574edaa8e609476077f56d3aa65b58a/extentreports-4.0.9.jar!/com/aventstack/extentreports/view/commons/commons-dashboard.ftl"
2023-04-26 01:45:40,049 TestNG-tests-1 freemarker.cache: debug Couldn't find template in cache for "commons/commons-dashboard-scripts.ftl"("en", UTF-8, parsed); will try to load it.
2023-04-26 01:45:40,050 TestNG-tests-1 freemarker.cache: debug TemplateLoader.findTemplateSource("commons/commons-dashboard-scripts_en.ftl"): Not found
2023-04-26 01:45:40,051 TestNG-tests-1 freemarker.cache: debug TemplateLoader.findTemplateSource("commons/commons-dashboard-scripts.ftl"): Found
2023-04-26 01:45:40,052 TestNG-tests-1 freemarker.cache: debug Loading template for "commons/commons-dashboard-scripts.ftl"("en", UTF-8, parsed) from "jar:file:/C:/Users/sonal/.gradle/caches/modules-2/files-2.1/com.aventstack/extentreports/4.0.9/272a055be574edaa8e609476077f56d3aa65b58a/extentreports-4.0.9.jar!/com/aventstack/extentreports/view/commons/commons-dashboard-scripts.ftl"
2023-04-26 01:45:40,063 TestNG-tests-1 freemarker.cache: debug Couldn't find template in cache for "logger/logger-tag.ftl"("en", UTF-8, parsed); will try to load it.
2023-04-26 01:45:40,065 TestNG-tests-1 freemarker.cache: debug TemplateLoader.findTemplateSource("logger/logger-tag_en.ftl"): Not found
2023-04-26 01:45:40,066 TestNG-tests-1 freemarker.cache: debug TemplateLoader.findTemplateSource("logger/logger-tag.ftl"): Found
2023-04-26 01:45:40,066 TestNG-tests-1 freemarker.cache: debug Loading template for "logger/logger-tag.ftl"("en", UTF-8, parsed) from "jar:file:/C:/Users/sonal/.gradle/caches/modules-2/files-2.1/com.aventstack/extentreports/4.0.9/272a055be574edaa8e609476077f56d3aa65b58a/extentreports-4.0.9.jar!/com/aventstack/extentreports/view/logger/logger-tag.ftl"
2023-04-26 01:45:40,071 TestNG-tests-1 freemarker.cache: debug Couldn't find template in cache for "commons/commons-variables.ftl"("en", UTF-8, parsed); will try to load it.
2023-04-26 01:45:40,072 TestNG-tests-1 freemarker.cache: debug TemplateLoader.findTemplateSource("commons/commons-variables_en.ftl"): Not found
2023-04-26 01:45:40,073 TestNG-tests-1 freemarker.cache: debug TemplateLoader.findTemplateSource("commons/commons-variables.ftl"): Found
2023-04-26 01:45:40,073 TestNG-tests-1 freemarker.cache: debug Loading template for "commons/commons-variables.ftl"("en", UTF-8, parsed) from "jar:file:/C:/Users/sonal/.gradle/caches/modules-2/files-2.1/com.aventstack/extentreports/4.0.9/272a055be574edaa8e609476077f56d3aa65b58a/extentreports-4.0.9.jar!/com/aventstack/extentreports/view/commons/commons-variables.ftl"
2023-04-26 01:45:40,078 TestNG-tests-1 freemarker.cache: debug Couldn't find template in cache for "logger/partials/logger-head.ftl"("en", UTF-8, parsed); will try to load it.
2023-04-26 01:45:40,080 TestNG-tests-1 freemarker.cache: debug TemplateLoader.findTemplateSource("logger/partials/logger-head_en.ftl"): Not found
2023-04-26 01:45:40,081 TestNG-tests-1 freemarker.cache: debug TemplateLoader.findTemplateSource("logger/partials/logger-head.ftl"): Found
2023-04-26 01:45:40,081 TestNG-tests-1 freemarker.cache: debug Loading template for "logger/partials/logger-head.ftl"("en", UTF-8, parsed) from "jar:file:/C:/Users/sonal/.gradle/caches/modules-2/files-2.1/com.aventstack/extentreports/4.0.9/272a055be574edaa8e609476077f56d3aa65b58a/extentreports-4.0.9.jar!/com/aventstack/extentreports/view/logger/partials/logger-head.ftl"
2023-04-26 01:45:40,085 TestNG-tests-1 freemarker.cache: debug Couldn't find template in cache for "logger/partials/logger-nav.ftl"("en", UTF-8, parsed); will try to load it.
2023-04-26 01:45:40,086 TestNG-tests-1 freemarker.cache: debug TemplateLoader.findTemplateSource("logger/partials/logger-nav_en.ftl"): Not found
2023-04-26 01:45:40,086 TestNG-tests-1 freemarker.cache: debug TemplateLoader.findTemplateSource("logger/partials/logger-nav.ftl"): Found
2023-04-26 01:45:40,087 TestNG-tests-1 freemarker.cache: debug Loading template for "logger/partials/logger-nav.ftl"("en", UTF-8, parsed) from "jar:file:/C:/Users/sonal/.gradle/caches/modules-2/files-2.1/com.aventstack/extentreports/4.0.9/272a055be574edaa8e609476077f56d3aa65b58a/extentreports-4.0.9.jar!/com/aventstack/extentreports/view/logger/partials/logger-nav.ftl"
2023-04-26 01:45:40,092 TestNG-tests-1 freemarker.cache: debug Couldn't find template in cache for "commons/commons-tag.ftl"("en", UTF-8, parsed); will try to load it.
2023-04-26 01:45:40,093 TestNG-tests-1 freemarker.cache: debug TemplateLoader.findTemplateSource("commons/commons-tag_en.ftl"): Not found
2023-04-26 01:45:40,095 TestNG-tests-1 freemarker.cache: debug TemplateLoader.findTemplateSource("commons/commons-tag.ftl"): Found
2023-04-26 01:45:40,095 TestNG-tests-1 freemarker.cache: debug Loading template for "commons/commons-tag.ftl"("en", UTF-8, parsed) from "jar:file:/C:/Users/sonal/.gradle/caches/modules-2/files-2.1/com.aventstack/extentreports/4.0.9/272a055be574edaa8e609476077f56d3aa65b58a/extentreports-4.0.9.jar!/com/aventstack/extentreports/view/commons/commons-tag.ftl"
2023-04-26 01:45:40,100 TestNG-tests-1 freemarker.cache: debug Couldn't find template in cache for "commons/commons-macros.ftl"("en", UTF-8, parsed); will try to load it.
2023-04-26 01:45:40,101 TestNG-tests-1 freemarker.cache: debug TemplateLoader.findTemplateSource("commons/commons-macros_en.ftl"): Not found
2023-04-26 01:45:40,102 TestNG-tests-1 freemarker.cache: debug TemplateLoader.findTemplateSource("commons/commons-macros.ftl"): Found
2023-04-26 01:45:40,102 TestNG-tests-1 freemarker.cache: debug Loading template for "commons/commons-macros.ftl"("en", UTF-8, parsed) from "jar:file:/C:/Users/sonal/.gradle/caches/modules-2/files-2.1/com.aventstack/extentreports/4.0.9/272a055be574edaa8e609476077f56d3aa65b58a/extentreports-4.0.9.jar!/com/aventstack/extentreports/view/commons/commons-macros.ftl"
2023-04-26 01:45:40,111 TestNG-tests-1 freemarker.cache: debug Couldn't find template in cache for "logger/partials/logger-nav-right-items.ftl"("en", UTF-8, parsed); will try to load it.
2023-04-26 01:45:40,112 TestNG-tests-1 freemarker.cache: debug TemplateLoader.findTemplateSource("logger/partials/logger-nav-right-items_en.ftl"): Not found
2023-04-26 01:45:40,112 TestNG-tests-1 freemarker.cache: debug TemplateLoader.findTemplateSource("logger/partials/logger-nav-right-items.ftl"): Found
2023-04-26 01:45:40,113 TestNG-tests-1 freemarker.cache: debug Loading template for "logger/partials/logger-nav-right-items.ftl"("en", UTF-8, parsed) from "jar:file:/C:/Users/sonal/.gradle/caches/modules-2/files-2.1/com.aventstack/extentreports/4.0.9/272a055be574edaa8e609476077f56d3aa65b58a/extentreports-4.0.9.jar!/com/aventstack/extentreports/view/logger/partials/logger-nav-right-items.ftl"
