2023-04-26 02:11:10,236 TestNG-tests-1 io.netty.util.internal.logging.InternalLoggerFactory: useLog4JLoggerFactory Using Log4J as the default logging framework
2023-04-26 02:11:10,242 TestNG-tests-1 io.netty.util.ResourceLeakDetector: <clinit> -Dio.netty.leakDetection.level: simple
2023-04-26 02:11:10,243 TestNG-tests-1 io.netty.util.ResourceLeakDetector: <clinit> -Dio.netty.leakDetection.targetRecords: 4
2023-04-26 02:11:10,246 TestNG-tests-1 io.netty.util.ResourceLeakDetectorFactory: newResourceLeakDetector Loaded default ResourceLeakDetector: io.netty.util.ResourceLeakDetector@227b3281
2023-04-26 02:11:10,258 TestNG-tests-1 io.netty.util.internal.PlatformDependent0: explicitNoUnsafeCause0 -Dio.netty.noUnsafe: false
2023-04-26 02:11:10,258 TestNG-tests-1 io.netty.util.internal.PlatformDependent0: javaVersion0 Java version: 11
2023-04-26 02:11:10,260 TestNG-tests-1 io.netty.util.internal.PlatformDependent0: <clinit> sun.misc.Unsafe.theUnsafe: available
2023-04-26 02:11:10,260 TestNG-tests-1 io.netty.util.internal.PlatformDependent0: <clinit> sun.misc.Unsafe.copyMemory: available
2023-04-26 02:11:10,261 TestNG-tests-1 io.netty.util.internal.PlatformDependent0: <clinit> sun.misc.Unsafe.storeFence: available
2023-04-26 02:11:10,261 TestNG-tests-1 io.netty.util.internal.PlatformDependent0: <clinit> java.nio.Buffer.address: available
2023-04-26 02:11:10,261 TestNG-tests-1 io.netty.util.internal.PlatformDependent0: <clinit> direct buffer constructor: unavailable: Reflective setAccessible(true) disabled
2023-04-26 02:11:10,262 TestNG-tests-1 io.netty.util.internal.PlatformDependent0: <clinit> java.nio.Bits.unaligned: available, true
2023-04-26 02:11:10,262 TestNG-tests-1 io.netty.util.internal.PlatformDependent0: <clinit> jdk.internal.misc.Unsafe.allocateUninitializedArray(int): unavailable: class io.netty.util.internal.PlatformDependent0$7 cannot access class jdk.internal.misc.Unsafe (in module java.base) because module java.base does not export jdk.internal.misc to unnamed module @4c835587
2023-04-26 02:11:10,264 TestNG-tests-1 io.netty.util.internal.PlatformDependent0: <clinit> java.nio.DirectByteBuffer.<init>(long, int): unavailable
2023-04-26 02:11:10,264 TestNG-tests-1 io.netty.util.internal.PlatformDependent: unsafeUnavailabilityCause0 sun.misc.Unsafe: available
2023-04-26 02:11:10,273 TestNG-tests-1 io.netty.util.internal.PlatformDependent: estimateMaxDirectMemory maxDirectMemory: 4238344192 bytes (maybe)
2023-04-26 02:11:10,274 TestNG-tests-1 io.netty.util.internal.PlatformDependent: tmpdir0 -Dio.netty.tmpdir: C:\Users\sonal\AppData\Local\Temp (java.io.tmpdir)
2023-04-26 02:11:10,274 TestNG-tests-1 io.netty.util.internal.PlatformDependent: bitMode0 -Dio.netty.bitMode: 64 (sun.arch.data.model)
2023-04-26 02:11:10,274 TestNG-tests-1 io.netty.util.internal.PlatformDependent: isWindows0 Platform: Windows
2023-04-26 02:11:10,275 TestNG-tests-1 io.netty.util.internal.PlatformDependent: <clinit> -Dio.netty.maxDirectMemory: -1 bytes
2023-04-26 02:11:10,275 TestNG-tests-1 io.netty.util.internal.PlatformDependent: <clinit> -Dio.netty.uninitializedArrayAllocationThreshold: -1
2023-04-26 02:11:10,275 TestNG-tests-1 io.netty.util.internal.CleanerJava9: <clinit> java.nio.ByteBuffer.cleaner(): available
2023-04-26 02:11:10,276 TestNG-tests-1 io.netty.util.internal.PlatformDependent: <clinit> -Dio.netty.noPreferDirect: false
2023-04-26 02:11:10,280 TestNG-tests-1 io.netty.util.internal.PlatformDependent: <clinit> org.jctools-core.MpscChunkedArrayQueue: available
2023-04-26 02:11:10,293 TestNG-tests-1 io.netty.util.internal.InternalThreadLocalMap: <clinit> -Dio.netty.threadLocalMap.stringBuilder.initialSize: 1024
2023-04-26 02:11:10,293 TestNG-tests-1 io.netty.util.internal.InternalThreadLocalMap: <clinit> -Dio.netty.threadLocalMap.stringBuilder.maxSize: 4096
2023-04-26 02:11:10,367 TestNG-tests-1 io.netty.handler.ssl.JdkSslContext: <clinit> Default protocols (JDK): [TLSv1.3, TLSv1.2] 
2023-04-26 02:11:10,367 TestNG-tests-1 io.netty.handler.ssl.JdkSslContext: <clinit> Default cipher suites (JDK): [TLS_ECDHE_ECDSA_WITH_AES_256_GCM_SHA384, TLS_ECDHE_ECDSA_WITH_AES_128_GCM_SHA256, TLS_ECDHE_RSA_WITH_AES_128_GCM_SHA256, TLS_ECDHE_RSA_WITH_AES_256_GCM_SHA384, TLS_ECDHE_RSA_WITH_AES_128_CBC_SHA, TLS_ECDHE_RSA_WITH_AES_256_CBC_SHA, TLS_RSA_WITH_AES_128_GCM_SHA256, TLS_RSA_WITH_AES_128_CBC_SHA, TLS_RSA_WITH_AES_256_CBC_SHA, TLS_AES_128_GCM_SHA256, TLS_AES_256_GCM_SHA384]
2023-04-26 02:11:10,375 TestNG-tests-1 io.netty.util.concurrent.GlobalEventExecutor: <clinit> -Dio.netty.globalEventExecutor.quietPeriodSeconds: 1
2023-04-26 02:11:10,382 TestNG-tests-1 io.netty.channel.MultithreadEventLoopGroup: <clinit> -Dio.netty.eventLoopThreads: 16
2023-04-26 02:11:10,387 TestNG-tests-1 io.netty.channel.nio.NioEventLoop: <clinit> -Dio.netty.noKeySetOptimization: false
2023-04-26 02:11:10,388 TestNG-tests-1 io.netty.channel.nio.NioEventLoop: <clinit> -Dio.netty.selectorAutoRebuildThreshold: 512
2023-04-26 02:11:10,414 TestNG-tests-1 io.netty.buffer.PooledByteBufAllocator: <clinit> -Dio.netty.allocator.numHeapArenas: 16
2023-04-26 02:11:10,415 TestNG-tests-1 io.netty.buffer.PooledByteBufAllocator: <clinit> -Dio.netty.allocator.numDirectArenas: 16
2023-04-26 02:11:10,415 TestNG-tests-1 io.netty.buffer.PooledByteBufAllocator: <clinit> -Dio.netty.allocator.pageSize: 8192
2023-04-26 02:11:10,415 TestNG-tests-1 io.netty.buffer.PooledByteBufAllocator: <clinit> -Dio.netty.allocator.maxOrder: 9
2023-04-26 02:11:10,415 TestNG-tests-1 io.netty.buffer.PooledByteBufAllocator: <clinit> -Dio.netty.allocator.chunkSize: 4194304
2023-04-26 02:11:10,415 TestNG-tests-1 io.netty.buffer.PooledByteBufAllocator: <clinit> -Dio.netty.allocator.smallCacheSize: 256
2023-04-26 02:11:10,415 TestNG-tests-1 io.netty.buffer.PooledByteBufAllocator: <clinit> -Dio.netty.allocator.normalCacheSize: 64
2023-04-26 02:11:10,415 TestNG-tests-1 io.netty.buffer.PooledByteBufAllocator: <clinit> -Dio.netty.allocator.maxCachedBufferCapacity: 32768
2023-04-26 02:11:10,415 TestNG-tests-1 io.netty.buffer.PooledByteBufAllocator: <clinit> -Dio.netty.allocator.cacheTrimInterval: 8192
2023-04-26 02:11:10,415 TestNG-tests-1 io.netty.buffer.PooledByteBufAllocator: <clinit> -Dio.netty.allocator.cacheTrimIntervalMillis: 0
2023-04-26 02:11:10,415 TestNG-tests-1 io.netty.buffer.PooledByteBufAllocator: <clinit> -Dio.netty.allocator.useCacheForAllThreads: false
2023-04-26 02:11:10,415 TestNG-tests-1 io.netty.buffer.PooledByteBufAllocator: <clinit> -Dio.netty.allocator.maxCachedByteBuffersPerChunk: 1023
2023-04-26 02:11:10,425 TestNG-tests-1 io.netty.buffer.ByteBufUtil: <clinit> -Dio.netty.allocator.type: pooled
2023-04-26 02:11:10,425 TestNG-tests-1 io.netty.buffer.ByteBufUtil: <clinit> -Dio.netty.threadLocalDirectBufferSize: 0
2023-04-26 02:11:10,425 TestNG-tests-1 io.netty.buffer.ByteBufUtil: <clinit> -Dio.netty.maxThreadLocalCharBufferSize: 16384
2023-04-26 02:11:11,098 Forwarding newSession on session null to remote io.netty.channel.DefaultChannelId: <clinit> -Dio.netty.processId: 26528 (auto-detected)
2023-04-26 02:11:11,099 Forwarding newSession on session null to remote io.netty.util.NetUtil: <clinit> -Djava.net.preferIPv4Stack: false
2023-04-26 02:11:11,099 Forwarding newSession on session null to remote io.netty.util.NetUtil: <clinit> -Djava.net.preferIPv6Addresses: false
2023-04-26 02:11:11,154 Forwarding newSession on session null to remote io.netty.util.NetUtilInitializations: determineLoopback Loopback interface: lo (Software Loopback Interface 1, 127.0.0.1)
2023-04-26 02:11:11,155 Forwarding newSession on session null to remote io.netty.util.NetUtil: run Failed to get SOMAXCONN from sysctl and file \proc\sys\net\core\somaxconn. Default: 200
2023-04-26 02:11:11,159 Forwarding newSession on session null to remote io.netty.channel.DefaultChannelId: <clinit> -Dio.netty.machineId: 8c:b8:7e:ff:fe:f3:ca:46 (auto-detected)
2023-04-26 02:11:11,197 AsyncHttpClient-1-2 io.netty.buffer.AbstractByteBuf: <clinit> -Dio.netty.buffer.checkAccessible: true
2023-04-26 02:11:11,198 AsyncHttpClient-1-2 io.netty.buffer.AbstractByteBuf: <clinit> -Dio.netty.buffer.checkBounds: true
2023-04-26 02:11:11,198 AsyncHttpClient-1-2 io.netty.util.ResourceLeakDetectorFactory: newResourceLeakDetector Loaded default ResourceLeakDetector: io.netty.util.ResourceLeakDetector@1b62bb69
2023-04-26 02:11:11,227 AsyncHttpClient-1-2 io.netty.util.Recycler: <clinit> -Dio.netty.recycler.maxCapacityPerThread: 4096
2023-04-26 02:11:11,227 AsyncHttpClient-1-2 io.netty.util.Recycler: <clinit> -Dio.netty.recycler.ratio: 8
2023-04-26 02:11:11,227 AsyncHttpClient-1-2 io.netty.util.Recycler: <clinit> -Dio.netty.recycler.chunkSize: 32
2023-04-26 02:11:11,227 AsyncHttpClient-1-2 io.netty.util.Recycler: <clinit> -Dio.netty.recycler.blocking: false
2023-04-26 02:11:11,227 AsyncHttpClient-1-2 io.netty.util.Recycler: <clinit> -Dio.netty.recycler.batchFastThreadLocalOnly: true
2023-04-26 02:11:11,796 AsyncHttpClient-1-2 io.netty.handler.codec.compression.Brotli: <clinit> brotli4j not in the classpath; Brotli support will be unavailable.
2023-04-26 02:11:11,854 TestNG-tests-1 io.netty.util.internal.ThreadLocalRandom: newSeed -Dio.netty.initialSeedUniquifier: 0xa4a27988f27cc3a6
2023-04-26 02:11:13,261 TestNG-tests-1 pageSteps.landingPageSteps: getWaitDuration selenium getDriver() getWait() time set from environment properties: PT15S
2023-04-26 02:11:13,266 TestNG-tests-1 pageSteps.landingPageSteps: getWait obtaining the wait for current thread
2023-04-26 02:11:13,958 TestNG-tests-1 pageSteps.landingPageSteps: getWait obtaining the wait for current thread
2023-04-26 02:11:19,843 TestNG-tests-1 uiAutomationHelper.element: <init> element located successfully:By.xpath: //li/a[text()='Women']
2023-04-26 02:11:21,064 TestNG-tests-1 uiAutomationHelper.element: refind Attempting to refind the element: By.xpath: //li/a[text()='Women']
2023-04-26 02:11:21,072 TestNG-tests-1 uiAutomationHelper.element: refind retry number 0
2023-04-26 02:11:23,079 TestNG-tests-1 freemarker.cache: debug Couldn't find template in cache for "v3html/v3-html-index.ftl"("en", UTF-8, parsed); will try to load it.
2023-04-26 02:11:23,080 TestNG-tests-1 freemarker.cache: debug TemplateLoader.findTemplateSource("v3html/v3-html-index_en.ftl"): Not found
2023-04-26 02:11:23,084 TestNG-tests-1 freemarker.cache: debug TemplateLoader.findTemplateSource("v3html/v3-html-index.ftl"): Found
2023-04-26 02:11:23,086 TestNG-tests-1 freemarker.cache: debug Loading template for "v3html/v3-html-index.ftl"("en", UTF-8, parsed) from "jar:file:/C:/Users/sonal/.gradle/caches/modules-2/files-2.1/com.aventstack/extentreports/4.0.9/272a055be574edaa8e609476077f56d3aa65b58a/extentreports-4.0.9.jar!/com/aventstack/extentreports/view/v3html/v3-html-index.ftl"
2023-04-26 02:11:23,430 TestNG-tests-1 freemarker.cache: debug Couldn't find template in cache for "v3html/v3-html-head.ftl"("en", UTF-8, parsed); will try to load it.
2023-04-26 02:11:23,433 TestNG-tests-1 freemarker.cache: debug TemplateLoader.findTemplateSource("v3html/v3-html-head_en.ftl"): Not found
2023-04-26 02:11:23,434 TestNG-tests-1 freemarker.cache: debug TemplateLoader.findTemplateSource("v3html/v3-html-head.ftl"): Found
2023-04-26 02:11:23,435 TestNG-tests-1 freemarker.cache: debug Loading template for "v3html/v3-html-head.ftl"("en", UTF-8, parsed) from "jar:file:/C:/Users/sonal/.gradle/caches/modules-2/files-2.1/com.aventstack/extentreports/4.0.9/272a055be574edaa8e609476077f56d3aa65b58a/extentreports-4.0.9.jar!/com/aventstack/extentreports/view/v3html/v3-html-head.ftl"
2023-04-26 02:11:23,442 TestNG-tests-1 freemarker.cache: debug Couldn't find template in cache for "v3html/v3-html-nav.ftl"("en", UTF-8, parsed); will try to load it.
2023-04-26 02:11:23,443 TestNG-tests-1 freemarker.cache: debug TemplateLoader.findTemplateSource("v3html/v3-html-nav_en.ftl"): Not found
2023-04-26 02:11:23,444 TestNG-tests-1 freemarker.cache: debug TemplateLoader.findTemplateSource("v3html/v3-html-nav.ftl"): Found
2023-04-26 02:11:23,445 TestNG-tests-1 freemarker.cache: debug Loading template for "v3html/v3-html-nav.ftl"("en", UTF-8, parsed) from "jar:file:/C:/Users/sonal/.gradle/caches/modules-2/files-2.1/com.aventstack/extentreports/4.0.9/272a055be574edaa8e609476077f56d3aa65b58a/extentreports-4.0.9.jar!/com/aventstack/extentreports/view/v3html/v3-html-nav.ftl"
2023-04-26 02:11:23,462 TestNG-tests-1 freemarker.cache: debug Couldn't find template in cache for "v3html/test-view/v3-html-test-view.ftl"("en", UTF-8, parsed); will try to load it.
2023-04-26 02:11:23,464 TestNG-tests-1 freemarker.cache: debug TemplateLoader.findTemplateSource("v3html/test-view/v3-html-test-view_en.ftl"): Not found
2023-04-26 02:11:23,465 TestNG-tests-1 freemarker.cache: debug TemplateLoader.findTemplateSource("v3html/test-view/v3-html-test-view.ftl"): Found
2023-04-26 02:11:23,465 TestNG-tests-1 freemarker.cache: debug Loading template for "v3html/test-view/v3-html-test-view.ftl"("en", UTF-8, parsed) from "jar:file:/C:/Users/sonal/.gradle/caches/modules-2/files-2.1/com.aventstack/extentreports/4.0.9/272a055be574edaa8e609476077f56d3aa65b58a/extentreports-4.0.9.jar!/com/aventstack/extentreports/view/v3html/test-view/v3-html-test-view.ftl"
2023-04-26 02:11:23,505 TestNG-tests-1 freemarker.cache: debug Couldn't find template in cache for "v3html/test-view/v3-html-test-view-charts.ftl"("en", UTF-8, parsed); will try to load it.
2023-04-26 02:11:23,506 TestNG-tests-1 freemarker.cache: debug TemplateLoader.findTemplateSource("v3html/test-view/v3-html-test-view-charts_en.ftl"): Not found
2023-04-26 02:11:23,508 TestNG-tests-1 freemarker.cache: debug TemplateLoader.findTemplateSource("v3html/test-view/v3-html-test-view-charts.ftl"): Found
2023-04-26 02:11:23,509 TestNG-tests-1 freemarker.cache: debug Loading template for "v3html/test-view/v3-html-test-view-charts.ftl"("en", UTF-8, parsed) from "jar:file:/C:/Users/sonal/.gradle/caches/modules-2/files-2.1/com.aventstack/extentreports/4.0.9/272a055be574edaa8e609476077f56d3aa65b58a/extentreports-4.0.9.jar!/com/aventstack/extentreports/view/v3html/test-view/v3-html-test-view-charts.ftl"
2023-04-26 02:11:23,536 TestNG-tests-1 freemarker.cache: debug Couldn't find template in cache for "v3html/test-view/v3-html-bdd.ftl"("en", UTF-8, parsed); will try to load it.
2023-04-26 02:11:23,538 TestNG-tests-1 freemarker.cache: debug TemplateLoader.findTemplateSource("v3html/test-view/v3-html-bdd_en.ftl"): Not found
2023-04-26 02:11:23,539 TestNG-tests-1 freemarker.cache: debug TemplateLoader.findTemplateSource("v3html/test-view/v3-html-bdd.ftl"): Found
2023-04-26 02:11:23,539 TestNG-tests-1 freemarker.cache: debug Loading template for "v3html/test-view/v3-html-bdd.ftl"("en", UTF-8, parsed) from "jar:file:/C:/Users/sonal/.gradle/caches/modules-2/files-2.1/com.aventstack/extentreports/4.0.9/272a055be574edaa8e609476077f56d3aa65b58a/extentreports-4.0.9.jar!/com/aventstack/extentreports/view/v3html/test-view/v3-html-bdd.ftl"
2023-04-26 02:11:23,615 TestNG-tests-1 freemarker.cache: debug Couldn't find template in cache for "v3html/category-view/v3-html-category-view.ftl"("en", UTF-8, parsed); will try to load it.
2023-04-26 02:11:23,617 TestNG-tests-1 freemarker.cache: debug TemplateLoader.findTemplateSource("v3html/category-view/v3-html-category-view_en.ftl"): Not found
2023-04-26 02:11:23,619 TestNG-tests-1 freemarker.cache: debug TemplateLoader.findTemplateSource("v3html/category-view/v3-html-category-view.ftl"): Found
2023-04-26 02:11:23,620 TestNG-tests-1 freemarker.cache: debug Loading template for "v3html/category-view/v3-html-category-view.ftl"("en", UTF-8, parsed) from "jar:file:/C:/Users/sonal/.gradle/caches/modules-2/files-2.1/com.aventstack/extentreports/4.0.9/272a055be574edaa8e609476077f56d3aa65b58a/extentreports-4.0.9.jar!/com/aventstack/extentreports/view/v3html/category-view/v3-html-category-view.ftl"
2023-04-26 02:11:23,633 TestNG-tests-1 freemarker.cache: debug Couldn't find template in cache for "v3html/exception-view/v3-html-exception-view.ftl"("en", UTF-8, parsed); will try to load it.
2023-04-26 02:11:23,635 TestNG-tests-1 freemarker.cache: debug TemplateLoader.findTemplateSource("v3html/exception-view/v3-html-exception-view_en.ftl"): Not found
2023-04-26 02:11:23,637 TestNG-tests-1 freemarker.cache: debug TemplateLoader.findTemplateSource("v3html/exception-view/v3-html-exception-view.ftl"): Found
2023-04-26 02:11:23,638 TestNG-tests-1 freemarker.cache: debug Loading template for "v3html/exception-view/v3-html-exception-view.ftl"("en", UTF-8, parsed) from "jar:file:/C:/Users/sonal/.gradle/caches/modules-2/files-2.1/com.aventstack/extentreports/4.0.9/272a055be574edaa8e609476077f56d3aa65b58a/extentreports-4.0.9.jar!/com/aventstack/extentreports/view/v3html/exception-view/v3-html-exception-view.ftl"
2023-04-26 02:11:23,653 TestNG-tests-1 freemarker.cache: debug Couldn't find template in cache for "v3html/author-view/v3-html-author-view.ftl"("en", UTF-8, parsed); will try to load it.
2023-04-26 02:11:23,656 TestNG-tests-1 freemarker.cache: debug TemplateLoader.findTemplateSource("v3html/author-view/v3-html-author-view_en.ftl"): Not found
2023-04-26 02:11:23,657 TestNG-tests-1 freemarker.cache: debug TemplateLoader.findTemplateSource("v3html/author-view/v3-html-author-view.ftl"): Found
2023-04-26 02:11:23,658 TestNG-tests-1 freemarker.cache: debug Loading template for "v3html/author-view/v3-html-author-view.ftl"("en", UTF-8, parsed) from "jar:file:/C:/Users/sonal/.gradle/caches/modules-2/files-2.1/com.aventstack/extentreports/4.0.9/272a055be574edaa8e609476077f56d3aa65b58a/extentreports-4.0.9.jar!/com/aventstack/extentreports/view/v3html/author-view/v3-html-author-view.ftl"
2023-04-26 02:11:23,666 TestNG-tests-1 freemarker.cache: debug Couldn't find template in cache for "v3html/dashboard-view/v3-html-dashboard-view.ftl"("en", UTF-8, parsed); will try to load it.
2023-04-26 02:11:23,669 TestNG-tests-1 freemarker.cache: debug TemplateLoader.findTemplateSource("v3html/dashboard-view/v3-html-dashboard-view_en.ftl"): Not found
2023-04-26 02:11:23,672 TestNG-tests-1 freemarker.cache: debug TemplateLoader.findTemplateSource("v3html/dashboard-view/v3-html-dashboard-view.ftl"): Found
2023-04-26 02:11:23,672 TestNG-tests-1 freemarker.cache: debug Loading template for "v3html/dashboard-view/v3-html-dashboard-view.ftl"("en", UTF-8, parsed) from "jar:file:/C:/Users/sonal/.gradle/caches/modules-2/files-2.1/com.aventstack/extentreports/4.0.9/272a055be574edaa8e609476077f56d3aa65b58a/extentreports-4.0.9.jar!/com/aventstack/extentreports/view/v3html/dashboard-view/v3-html-dashboard-view.ftl"
2023-04-26 02:11:23,681 TestNG-tests-1 freemarker.cache: debug Couldn't find template in cache for "v3html/logs-view/v3-html-testrunner-logs-view.ftl"("en", UTF-8, parsed); will try to load it.
2023-04-26 02:11:23,683 TestNG-tests-1 freemarker.cache: debug TemplateLoader.findTemplateSource("v3html/logs-view/v3-html-testrunner-logs-view_en.ftl"): Not found
2023-04-26 02:11:23,686 TestNG-tests-1 freemarker.cache: debug TemplateLoader.findTemplateSource("v3html/logs-view/v3-html-testrunner-logs-view.ftl"): Found
2023-04-26 02:11:23,687 TestNG-tests-1 freemarker.cache: debug Loading template for "v3html/logs-view/v3-html-testrunner-logs-view.ftl"("en", UTF-8, parsed) from "jar:file:/C:/Users/sonal/.gradle/caches/modules-2/files-2.1/com.aventstack/extentreports/4.0.9/272a055be574edaa8e609476077f56d3aa65b58a/extentreports-4.0.9.jar!/com/aventstack/extentreports/view/v3html/logs-view/v3-html-testrunner-logs-view.ftl"
2023-04-26 02:11:23,764 TestNG-tests-1 freemarker.cache: debug Couldn't find template in cache for "logger/logger-test.ftl"("en", UTF-8, parsed); will try to load it.
2023-04-26 02:11:23,767 TestNG-tests-1 freemarker.cache: debug TemplateLoader.findTemplateSource("logger/logger-test_en.ftl"): Not found
2023-04-26 02:11:23,769 TestNG-tests-1 freemarker.cache: debug TemplateLoader.findTemplateSource("logger/logger-test.ftl"): Found
2023-04-26 02:11:23,770 TestNG-tests-1 freemarker.cache: debug Loading template for "logger/logger-test.ftl"("en", UTF-8, parsed) from "jar:file:/C:/Users/sonal/.gradle/caches/modules-2/files-2.1/com.aventstack/extentreports/4.0.9/272a055be574edaa8e609476077f56d3aa65b58a/extentreports-4.0.9.jar!/com/aventstack/extentreports/view/logger/logger-test.ftl"
2023-04-26 02:11:23,804 TestNG-tests-1 freemarker.cache: debug Couldn't find template in cache for "commons/commons-variables.ftl"("en", UTF-8, parsed); will try to load it.
2023-04-26 02:11:23,805 TestNG-tests-1 freemarker.cache: debug TemplateLoader.findTemplateSource("commons/commons-variables_en.ftl"): Not found
2023-04-26 02:11:23,807 TestNG-tests-1 freemarker.cache: debug TemplateLoader.findTemplateSource("commons/commons-variables.ftl"): Found
2023-04-26 02:11:23,809 TestNG-tests-1 freemarker.cache: debug Loading template for "commons/commons-variables.ftl"("en", UTF-8, parsed) from "jar:file:/C:/Users/sonal/.gradle/caches/modules-2/files-2.1/com.aventstack/extentreports/4.0.9/272a055be574edaa8e609476077f56d3aa65b58a/extentreports-4.0.9.jar!/com/aventstack/extentreports/view/commons/commons-variables.ftl"
2023-04-26 02:11:23,832 TestNG-tests-1 freemarker.cache: debug Couldn't find template in cache for "logger/partials/logger-head.ftl"("en", UTF-8, parsed); will try to load it.
2023-04-26 02:11:23,832 TestNG-tests-1 freemarker.cache: debug TemplateLoader.findTemplateSource("logger/partials/logger-head_en.ftl"): Not found
2023-04-26 02:11:23,834 TestNG-tests-1 freemarker.cache: debug TemplateLoader.findTemplateSource("logger/partials/logger-head.ftl"): Found
2023-04-26 02:11:23,834 TestNG-tests-1 freemarker.cache: debug Loading template for "logger/partials/logger-head.ftl"("en", UTF-8, parsed) from "jar:file:/C:/Users/sonal/.gradle/caches/modules-2/files-2.1/com.aventstack/extentreports/4.0.9/272a055be574edaa8e609476077f56d3aa65b58a/extentreports-4.0.9.jar!/com/aventstack/extentreports/view/logger/partials/logger-head.ftl"
2023-04-26 02:11:23,838 TestNG-tests-1 freemarker.cache: debug Couldn't find template in cache for "logger/partials/logger-nav.ftl"("en", UTF-8, parsed); will try to load it.
2023-04-26 02:11:23,841 TestNG-tests-1 freemarker.cache: debug TemplateLoader.findTemplateSource("logger/partials/logger-nav_en.ftl"): Not found
2023-04-26 02:11:23,842 TestNG-tests-1 freemarker.cache: debug TemplateLoader.findTemplateSource("logger/partials/logger-nav.ftl"): Found
2023-04-26 02:11:23,845 TestNG-tests-1 freemarker.cache: debug Loading template for "logger/partials/logger-nav.ftl"("en", UTF-8, parsed) from "jar:file:/C:/Users/sonal/.gradle/caches/modules-2/files-2.1/com.aventstack/extentreports/4.0.9/272a055be574edaa8e609476077f56d3aa65b58a/extentreports-4.0.9.jar!/com/aventstack/extentreports/view/logger/partials/logger-nav.ftl"
2023-04-26 02:11:23,882 TestNG-tests-1 freemarker.cache: debug Couldn't find template in cache for "logger/logger-dashboard.ftl"("en", UTF-8, parsed); will try to load it.
2023-04-26 02:11:23,886 TestNG-tests-1 freemarker.cache: debug TemplateLoader.findTemplateSource("logger/logger-dashboard_en.ftl"): Not found
2023-04-26 02:11:23,889 TestNG-tests-1 freemarker.cache: debug TemplateLoader.findTemplateSource("logger/logger-dashboard.ftl"): Found
2023-04-26 02:11:23,890 TestNG-tests-1 freemarker.cache: debug Loading template for "logger/logger-dashboard.ftl"("en", UTF-8, parsed) from "jar:file:/C:/Users/sonal/.gradle/caches/modules-2/files-2.1/com.aventstack/extentreports/4.0.9/272a055be574edaa8e609476077f56d3aa65b58a/extentreports-4.0.9.jar!/com/aventstack/extentreports/view/logger/logger-dashboard.ftl"
2023-04-26 02:11:23,896 TestNG-tests-1 freemarker.cache: debug Couldn't find template in cache for "commons/commons-variables.ftl"("en", UTF-8, parsed); will try to load it.
2023-04-26 02:11:23,898 TestNG-tests-1 freemarker.cache: debug TemplateLoader.findTemplateSource("commons/commons-variables_en.ftl"): Not found
2023-04-26 02:11:23,899 TestNG-tests-1 freemarker.cache: debug TemplateLoader.findTemplateSource("commons/commons-variables.ftl"): Found
2023-04-26 02:11:23,899 TestNG-tests-1 freemarker.cache: debug Loading template for "commons/commons-variables.ftl"("en", UTF-8, parsed) from "jar:file:/C:/Users/sonal/.gradle/caches/modules-2/files-2.1/com.aventstack/extentreports/4.0.9/272a055be574edaa8e609476077f56d3aa65b58a/extentreports-4.0.9.jar!/com/aventstack/extentreports/view/commons/commons-variables.ftl"
2023-04-26 02:11:23,908 TestNG-tests-1 freemarker.cache: debug Couldn't find template in cache for "logger/partials/logger-head.ftl"("en", UTF-8, parsed); will try to load it.
2023-04-26 02:11:23,909 TestNG-tests-1 freemarker.cache: debug TemplateLoader.findTemplateSource("logger/partials/logger-head_en.ftl"): Not found
2023-04-26 02:11:23,910 TestNG-tests-1 freemarker.cache: debug TemplateLoader.findTemplateSource("logger/partials/logger-head.ftl"): Found
2023-04-26 02:11:23,910 TestNG-tests-1 freemarker.cache: debug Loading template for "logger/partials/logger-head.ftl"("en", UTF-8, parsed) from "jar:file:/C:/Users/sonal/.gradle/caches/modules-2/files-2.1/com.aventstack/extentreports/4.0.9/272a055be574edaa8e609476077f56d3aa65b58a/extentreports-4.0.9.jar!/com/aventstack/extentreports/view/logger/partials/logger-head.ftl"
2023-04-26 02:11:23,915 TestNG-tests-1 freemarker.cache: debug Couldn't find template in cache for "logger/partials/logger-nav.ftl"("en", UTF-8, parsed); will try to load it.
2023-04-26 02:11:23,917 TestNG-tests-1 freemarker.cache: debug TemplateLoader.findTemplateSource("logger/partials/logger-nav_en.ftl"): Not found
2023-04-26 02:11:23,919 TestNG-tests-1 freemarker.cache: debug TemplateLoader.findTemplateSource("logger/partials/logger-nav.ftl"): Found
2023-04-26 02:11:23,919 TestNG-tests-1 freemarker.cache: debug Loading template for "logger/partials/logger-nav.ftl"("en", UTF-8, parsed) from "jar:file:/C:/Users/sonal/.gradle/caches/modules-2/files-2.1/com.aventstack/extentreports/4.0.9/272a055be574edaa8e609476077f56d3aa65b58a/extentreports-4.0.9.jar!/com/aventstack/extentreports/view/logger/partials/logger-nav.ftl"
2023-04-26 02:11:23,925 TestNG-tests-1 freemarker.cache: debug Couldn't find template in cache for "logger/partials/logger-nav-right-items.ftl"("en", UTF-8, parsed); will try to load it.
2023-04-26 02:11:23,926 TestNG-tests-1 freemarker.cache: debug TemplateLoader.findTemplateSource("logger/partials/logger-nav-right-items_en.ftl"): Not found
2023-04-26 02:11:23,928 TestNG-tests-1 freemarker.cache: debug TemplateLoader.findTemplateSource("logger/partials/logger-nav-right-items.ftl"): Found
2023-04-26 02:11:23,930 TestNG-tests-1 freemarker.cache: debug Loading template for "logger/partials/logger-nav-right-items.ftl"("en", UTF-8, parsed) from "jar:file:/C:/Users/sonal/.gradle/caches/modules-2/files-2.1/com.aventstack/extentreports/4.0.9/272a055be574edaa8e609476077f56d3aa65b58a/extentreports-4.0.9.jar!/com/aventstack/extentreports/view/logger/partials/logger-nav-right-items.ftl"
2023-04-26 02:11:23,933 TestNG-tests-1 freemarker.cache: debug Couldn't find template in cache for "commons/commons-dashboard.ftl"("en", UTF-8, parsed); will try to load it.
2023-04-26 02:11:23,936 TestNG-tests-1 freemarker.cache: debug TemplateLoader.findTemplateSource("commons/commons-dashboard_en.ftl"): Not found
2023-04-26 02:11:23,938 TestNG-tests-1 freemarker.cache: debug TemplateLoader.findTemplateSource("commons/commons-dashboard.ftl"): Found
2023-04-26 02:11:23,938 TestNG-tests-1 freemarker.cache: debug Loading template for "commons/commons-dashboard.ftl"("en", UTF-8, parsed) from "jar:file:/C:/Users/sonal/.gradle/caches/modules-2/files-2.1/com.aventstack/extentreports/4.0.9/272a055be574edaa8e609476077f56d3aa65b58a/extentreports-4.0.9.jar!/com/aventstack/extentreports/view/commons/commons-dashboard.ftl"
2023-04-26 02:11:23,958 TestNG-tests-1 freemarker.cache: debug Couldn't find template in cache for "commons/commons-dashboard-scripts.ftl"("en", UTF-8, parsed); will try to load it.
2023-04-26 02:11:23,959 TestNG-tests-1 freemarker.cache: debug TemplateLoader.findTemplateSource("commons/commons-dashboard-scripts_en.ftl"): Not found
2023-04-26 02:11:23,960 TestNG-tests-1 freemarker.cache: debug TemplateLoader.findTemplateSource("commons/commons-dashboard-scripts.ftl"): Found
2023-04-26 02:11:23,961 TestNG-tests-1 freemarker.cache: debug Loading template for "commons/commons-dashboard-scripts.ftl"("en", UTF-8, parsed) from "jar:file:/C:/Users/sonal/.gradle/caches/modules-2/files-2.1/com.aventstack/extentreports/4.0.9/272a055be574edaa8e609476077f56d3aa65b58a/extentreports-4.0.9.jar!/com/aventstack/extentreports/view/commons/commons-dashboard-scripts.ftl"
2023-04-26 02:11:23,976 TestNG-tests-1 freemarker.cache: debug Couldn't find template in cache for "logger/logger-tag.ftl"("en", UTF-8, parsed); will try to load it.
2023-04-26 02:11:23,977 TestNG-tests-1 freemarker.cache: debug TemplateLoader.findTemplateSource("logger/logger-tag_en.ftl"): Not found
2023-04-26 02:11:23,979 TestNG-tests-1 freemarker.cache: debug TemplateLoader.findTemplateSource("logger/logger-tag.ftl"): Found
2023-04-26 02:11:23,980 TestNG-tests-1 freemarker.cache: debug Loading template for "logger/logger-tag.ftl"("en", UTF-8, parsed) from "jar:file:/C:/Users/sonal/.gradle/caches/modules-2/files-2.1/com.aventstack/extentreports/4.0.9/272a055be574edaa8e609476077f56d3aa65b58a/extentreports-4.0.9.jar!/com/aventstack/extentreports/view/logger/logger-tag.ftl"
2023-04-26 02:11:23,988 TestNG-tests-1 freemarker.cache: debug Couldn't find template in cache for "commons/commons-variables.ftl"("en", UTF-8, parsed); will try to load it.
2023-04-26 02:11:23,990 TestNG-tests-1 freemarker.cache: debug TemplateLoader.findTemplateSource("commons/commons-variables_en.ftl"): Not found
2023-04-26 02:11:23,991 TestNG-tests-1 freemarker.cache: debug TemplateLoader.findTemplateSource("commons/commons-variables.ftl"): Found
2023-04-26 02:11:23,991 TestNG-tests-1 freemarker.cache: debug Loading template for "commons/commons-variables.ftl"("en", UTF-8, parsed) from "jar:file:/C:/Users/sonal/.gradle/caches/modules-2/files-2.1/com.aventstack/extentreports/4.0.9/272a055be574edaa8e609476077f56d3aa65b58a/extentreports-4.0.9.jar!/com/aventstack/extentreports/view/commons/commons-variables.ftl"
2023-04-26 02:11:23,997 TestNG-tests-1 freemarker.cache: debug Couldn't find template in cache for "logger/partials/logger-head.ftl"("en", UTF-8, parsed); will try to load it.
2023-04-26 02:11:23,998 TestNG-tests-1 freemarker.cache: debug TemplateLoader.findTemplateSource("logger/partials/logger-head_en.ftl"): Not found
2023-04-26 02:11:23,999 TestNG-tests-1 freemarker.cache: debug TemplateLoader.findTemplateSource("logger/partials/logger-head.ftl"): Found
2023-04-26 02:11:23,999 TestNG-tests-1 freemarker.cache: debug Loading template for "logger/partials/logger-head.ftl"("en", UTF-8, parsed) from "jar:file:/C:/Users/sonal/.gradle/caches/modules-2/files-2.1/com.aventstack/extentreports/4.0.9/272a055be574edaa8e609476077f56d3aa65b58a/extentreports-4.0.9.jar!/com/aventstack/extentreports/view/logger/partials/logger-head.ftl"
2023-04-26 02:11:24,004 TestNG-tests-1 freemarker.cache: debug Couldn't find template in cache for "logger/partials/logger-nav.ftl"("en", UTF-8, parsed); will try to load it.
2023-04-26 02:11:24,006 TestNG-tests-1 freemarker.cache: debug TemplateLoader.findTemplateSource("logger/partials/logger-nav_en.ftl"): Not found
2023-04-26 02:11:24,006 TestNG-tests-1 freemarker.cache: debug TemplateLoader.findTemplateSource("logger/partials/logger-nav.ftl"): Found
2023-04-26 02:11:24,007 TestNG-tests-1 freemarker.cache: debug Loading template for "logger/partials/logger-nav.ftl"("en", UTF-8, parsed) from "jar:file:/C:/Users/sonal/.gradle/caches/modules-2/files-2.1/com.aventstack/extentreports/4.0.9/272a055be574edaa8e609476077f56d3aa65b58a/extentreports-4.0.9.jar!/com/aventstack/extentreports/view/logger/partials/logger-nav.ftl"
2023-04-26 02:11:24,011 TestNG-tests-1 freemarker.cache: debug Couldn't find template in cache for "commons/commons-tag.ftl"("en", UTF-8, parsed); will try to load it.
2023-04-26 02:11:24,012 TestNG-tests-1 freemarker.cache: debug TemplateLoader.findTemplateSource("commons/commons-tag_en.ftl"): Not found
2023-04-26 02:11:24,013 TestNG-tests-1 freemarker.cache: debug TemplateLoader.findTemplateSource("commons/commons-tag.ftl"): Found
2023-04-26 02:11:24,013 TestNG-tests-1 freemarker.cache: debug Loading template for "commons/commons-tag.ftl"("en", UTF-8, parsed) from "jar:file:/C:/Users/sonal/.gradle/caches/modules-2/files-2.1/com.aventstack/extentreports/4.0.9/272a055be574edaa8e609476077f56d3aa65b58a/extentreports-4.0.9.jar!/com/aventstack/extentreports/view/commons/commons-tag.ftl"
2023-04-26 02:11:24,019 TestNG-tests-1 freemarker.cache: debug Couldn't find template in cache for "commons/commons-macros.ftl"("en", UTF-8, parsed); will try to load it.
2023-04-26 02:11:24,021 TestNG-tests-1 freemarker.cache: debug TemplateLoader.findTemplateSource("commons/commons-macros_en.ftl"): Not found
2023-04-26 02:11:24,022 TestNG-tests-1 freemarker.cache: debug TemplateLoader.findTemplateSource("commons/commons-macros.ftl"): Found
2023-04-26 02:11:24,022 TestNG-tests-1 freemarker.cache: debug Loading template for "commons/commons-macros.ftl"("en", UTF-8, parsed) from "jar:file:/C:/Users/sonal/.gradle/caches/modules-2/files-2.1/com.aventstack/extentreports/4.0.9/272a055be574edaa8e609476077f56d3aa65b58a/extentreports-4.0.9.jar!/com/aventstack/extentreports/view/commons/commons-macros.ftl"
2023-04-26 02:11:24,033 TestNG-tests-1 freemarker.cache: debug Couldn't find template in cache for "logger/partials/logger-nav-right-items.ftl"("en", UTF-8, parsed); will try to load it.
2023-04-26 02:11:24,035 TestNG-tests-1 freemarker.cache: debug TemplateLoader.findTemplateSource("logger/partials/logger-nav-right-items_en.ftl"): Not found
2023-04-26 02:11:24,036 TestNG-tests-1 freemarker.cache: debug TemplateLoader.findTemplateSource("logger/partials/logger-nav-right-items.ftl"): Found
2023-04-26 02:11:24,037 TestNG-tests-1 freemarker.cache: debug Loading template for "logger/partials/logger-nav-right-items.ftl"("en", UTF-8, parsed) from "jar:file:/C:/Users/sonal/.gradle/caches/modules-2/files-2.1/com.aventstack/extentreports/4.0.9/272a055be574edaa8e609476077f56d3aa65b58a/extentreports-4.0.9.jar!/com/aventstack/extentreports/view/logger/partials/logger-nav-right-items.ftl"
