2023-04-26 00:12:08,167 TestNG-tests-1 io.netty.util.internal.logging.InternalLoggerFactory: useLog4JLoggerFactory Using Log4J as the default logging framework
2023-04-26 00:12:08,182 TestNG-tests-1 io.netty.util.ResourceLeakDetector: <clinit> -Dio.netty.leakDetection.level: simple
2023-04-26 00:12:08,183 TestNG-tests-1 io.netty.util.ResourceLeakDetector: <clinit> -Dio.netty.leakDetection.targetRecords: 4
2023-04-26 00:12:08,197 TestNG-tests-1 io.netty.util.ResourceLeakDetectorFactory: newResourceLeakDetector Loaded default ResourceLeakDetector: io.netty.util.ResourceLeakDetector@7aa7bd36
2023-04-26 00:12:08,237 TestNG-tests-1 io.netty.util.internal.PlatformDependent0: explicitNoUnsafeCause0 -Dio.netty.noUnsafe: false
2023-04-26 00:12:08,238 TestNG-tests-1 io.netty.util.internal.PlatformDependent0: javaVersion0 Java version: 11
2023-04-26 00:12:08,244 TestNG-tests-1 io.netty.util.internal.PlatformDependent0: <clinit> sun.misc.Unsafe.theUnsafe: available
2023-04-26 00:12:08,246 TestNG-tests-1 io.netty.util.internal.PlatformDependent0: <clinit> sun.misc.Unsafe.copyMemory: available
2023-04-26 00:12:08,247 TestNG-tests-1 io.netty.util.internal.PlatformDependent0: <clinit> sun.misc.Unsafe.storeFence: available
2023-04-26 00:12:08,249 TestNG-tests-1 io.netty.util.internal.PlatformDependent0: <clinit> java.nio.Buffer.address: available
2023-04-26 00:12:08,251 TestNG-tests-1 io.netty.util.internal.PlatformDependent0: <clinit> direct buffer constructor: unavailable: Reflective setAccessible(true) disabled
2023-04-26 00:12:08,253 TestNG-tests-1 io.netty.util.internal.PlatformDependent0: <clinit> java.nio.Bits.unaligned: available, true
2023-04-26 00:12:08,256 TestNG-tests-1 io.netty.util.internal.PlatformDependent0: <clinit> jdk.internal.misc.Unsafe.allocateUninitializedArray(int): unavailable: class io.netty.util.internal.PlatformDependent0$7 cannot access class jdk.internal.misc.Unsafe (in module java.base) because module java.base does not export jdk.internal.misc to unnamed module @68f7f27
2023-04-26 00:12:08,259 TestNG-tests-1 io.netty.util.internal.PlatformDependent0: <clinit> java.nio.DirectByteBuffer.<init>(long, int): unavailable
2023-04-26 00:12:08,260 TestNG-tests-1 io.netty.util.internal.PlatformDependent: unsafeUnavailabilityCause0 sun.misc.Unsafe: available
2023-04-26 00:12:08,288 TestNG-tests-1 io.netty.util.internal.PlatformDependent: estimateMaxDirectMemory maxDirectMemory: 4238344192 bytes (maybe)
2023-04-26 00:12:08,292 TestNG-tests-1 io.netty.util.internal.PlatformDependent: tmpdir0 -Dio.netty.tmpdir: C:\Users\sonal\AppData\Local\Temp (java.io.tmpdir)
2023-04-26 00:12:08,293 TestNG-tests-1 io.netty.util.internal.PlatformDependent: bitMode0 -Dio.netty.bitMode: 64 (sun.arch.data.model)
2023-04-26 00:12:08,293 TestNG-tests-1 io.netty.util.internal.PlatformDependent: isWindows0 Platform: Windows
2023-04-26 00:12:08,296 TestNG-tests-1 io.netty.util.internal.PlatformDependent: <clinit> -Dio.netty.maxDirectMemory: -1 bytes
2023-04-26 00:12:08,296 TestNG-tests-1 io.netty.util.internal.PlatformDependent: <clinit> -Dio.netty.uninitializedArrayAllocationThreshold: -1
2023-04-26 00:12:08,298 TestNG-tests-1 io.netty.util.internal.CleanerJava9: <clinit> java.nio.ByteBuffer.cleaner(): available
2023-04-26 00:12:08,300 TestNG-tests-1 io.netty.util.internal.PlatformDependent: <clinit> -Dio.netty.noPreferDirect: false
2023-04-26 00:12:08,331 TestNG-tests-1 io.netty.util.internal.PlatformDependent: <clinit> org.jctools-core.MpscChunkedArrayQueue: available
2023-04-26 00:12:08,369 TestNG-tests-1 io.netty.util.internal.InternalThreadLocalMap: <clinit> -Dio.netty.threadLocalMap.stringBuilder.initialSize: 1024
2023-04-26 00:12:08,369 TestNG-tests-1 io.netty.util.internal.InternalThreadLocalMap: <clinit> -Dio.netty.threadLocalMap.stringBuilder.maxSize: 4096
2023-04-26 00:12:08,712 TestNG-tests-1 io.netty.handler.ssl.JdkSslContext: <clinit> Default protocols (JDK): [TLSv1.3, TLSv1.2] 
2023-04-26 00:12:08,712 TestNG-tests-1 io.netty.handler.ssl.JdkSslContext: <clinit> Default cipher suites (JDK): [TLS_ECDHE_ECDSA_WITH_AES_256_GCM_SHA384, TLS_ECDHE_ECDSA_WITH_AES_128_GCM_SHA256, TLS_ECDHE_RSA_WITH_AES_128_GCM_SHA256, TLS_ECDHE_RSA_WITH_AES_256_GCM_SHA384, TLS_ECDHE_RSA_WITH_AES_128_CBC_SHA, TLS_ECDHE_RSA_WITH_AES_256_CBC_SHA, TLS_RSA_WITH_AES_128_GCM_SHA256, TLS_RSA_WITH_AES_128_CBC_SHA, TLS_RSA_WITH_AES_256_CBC_SHA, TLS_AES_128_GCM_SHA256, TLS_AES_256_GCM_SHA384]
2023-04-26 00:12:08,742 TestNG-tests-1 io.netty.util.concurrent.GlobalEventExecutor: <clinit> -Dio.netty.globalEventExecutor.quietPeriodSeconds: 1
2023-04-26 00:12:08,776 TestNG-tests-1 io.netty.channel.MultithreadEventLoopGroup: <clinit> -Dio.netty.eventLoopThreads: 16
2023-04-26 00:12:08,796 TestNG-tests-1 io.netty.channel.nio.NioEventLoop: <clinit> -Dio.netty.noKeySetOptimization: false
2023-04-26 00:12:08,797 TestNG-tests-1 io.netty.channel.nio.NioEventLoop: <clinit> -Dio.netty.selectorAutoRebuildThreshold: 512
2023-04-26 00:12:08,884 TestNG-tests-1 io.netty.buffer.PooledByteBufAllocator: <clinit> -Dio.netty.allocator.numHeapArenas: 16
2023-04-26 00:12:08,885 TestNG-tests-1 io.netty.buffer.PooledByteBufAllocator: <clinit> -Dio.netty.allocator.numDirectArenas: 16
2023-04-26 00:12:08,885 TestNG-tests-1 io.netty.buffer.PooledByteBufAllocator: <clinit> -Dio.netty.allocator.pageSize: 8192
2023-04-26 00:12:08,886 TestNG-tests-1 io.netty.buffer.PooledByteBufAllocator: <clinit> -Dio.netty.allocator.maxOrder: 9
2023-04-26 00:12:08,886 TestNG-tests-1 io.netty.buffer.PooledByteBufAllocator: <clinit> -Dio.netty.allocator.chunkSize: 4194304
2023-04-26 00:12:08,886 TestNG-tests-1 io.netty.buffer.PooledByteBufAllocator: <clinit> -Dio.netty.allocator.smallCacheSize: 256
2023-04-26 00:12:08,887 TestNG-tests-1 io.netty.buffer.PooledByteBufAllocator: <clinit> -Dio.netty.allocator.normalCacheSize: 64
2023-04-26 00:12:08,887 TestNG-tests-1 io.netty.buffer.PooledByteBufAllocator: <clinit> -Dio.netty.allocator.maxCachedBufferCapacity: 32768
2023-04-26 00:12:08,887 TestNG-tests-1 io.netty.buffer.PooledByteBufAllocator: <clinit> -Dio.netty.allocator.cacheTrimInterval: 8192
2023-04-26 00:12:08,888 TestNG-tests-1 io.netty.buffer.PooledByteBufAllocator: <clinit> -Dio.netty.allocator.cacheTrimIntervalMillis: 0
2023-04-26 00:12:08,888 TestNG-tests-1 io.netty.buffer.PooledByteBufAllocator: <clinit> -Dio.netty.allocator.useCacheForAllThreads: false
2023-04-26 00:12:08,889 TestNG-tests-1 io.netty.buffer.PooledByteBufAllocator: <clinit> -Dio.netty.allocator.maxCachedByteBuffersPerChunk: 1023
2023-04-26 00:12:08,916 TestNG-tests-1 io.netty.buffer.ByteBufUtil: <clinit> -Dio.netty.allocator.type: pooled
2023-04-26 00:12:08,918 TestNG-tests-1 io.netty.buffer.ByteBufUtil: <clinit> -Dio.netty.threadLocalDirectBufferSize: 0
2023-04-26 00:12:08,918 TestNG-tests-1 io.netty.buffer.ByteBufUtil: <clinit> -Dio.netty.maxThreadLocalCharBufferSize: 16384
2023-04-26 00:12:11,786 Forwarding newSession on session null to remote io.netty.channel.DefaultChannelId: <clinit> -Dio.netty.processId: 19864 (auto-detected)
2023-04-26 00:12:11,796 Forwarding newSession on session null to remote io.netty.util.NetUtil: <clinit> -Djava.net.preferIPv4Stack: false
2023-04-26 00:12:11,798 Forwarding newSession on session null to remote io.netty.util.NetUtil: <clinit> -Djava.net.preferIPv6Addresses: false
2023-04-26 00:12:12,158 Forwarding newSession on session null to remote io.netty.util.NetUtilInitializations: determineLoopback Loopback interface: lo (Software Loopback Interface 1, 127.0.0.1)
2023-04-26 00:12:12,161 Forwarding newSession on session null to remote io.netty.util.NetUtil: run Failed to get SOMAXCONN from sysctl and file \proc\sys\net\core\somaxconn. Default: 200
2023-04-26 00:12:12,187 Forwarding newSession on session null to remote io.netty.channel.DefaultChannelId: <clinit> -Dio.netty.machineId: 8c:b8:7e:ff:fe:f3:ca:46 (auto-detected)
2023-04-26 00:12:12,336 AsyncHttpClient-1-2 io.netty.buffer.AbstractByteBuf: <clinit> -Dio.netty.buffer.checkAccessible: true
2023-04-26 00:12:12,339 AsyncHttpClient-1-2 io.netty.buffer.AbstractByteBuf: <clinit> -Dio.netty.buffer.checkBounds: true
2023-04-26 00:12:12,339 AsyncHttpClient-1-2 io.netty.util.ResourceLeakDetectorFactory: newResourceLeakDetector Loaded default ResourceLeakDetector: io.netty.util.ResourceLeakDetector@2eba6dfe
2023-04-26 00:12:12,421 AsyncHttpClient-1-2 io.netty.util.Recycler: <clinit> -Dio.netty.recycler.maxCapacityPerThread: 4096
2023-04-26 00:12:12,423 AsyncHttpClient-1-2 io.netty.util.Recycler: <clinit> -Dio.netty.recycler.ratio: 8
2023-04-26 00:12:12,424 AsyncHttpClient-1-2 io.netty.util.Recycler: <clinit> -Dio.netty.recycler.chunkSize: 32
2023-04-26 00:12:12,424 AsyncHttpClient-1-2 io.netty.util.Recycler: <clinit> -Dio.netty.recycler.blocking: false
2023-04-26 00:12:12,425 AsyncHttpClient-1-2 io.netty.util.Recycler: <clinit> -Dio.netty.recycler.batchFastThreadLocalOnly: true
2023-04-26 00:12:14,192 AsyncHttpClient-1-2 io.netty.handler.codec.compression.Brotli: <clinit> brotli4j not in the classpath; Brotli support will be unavailable.
2023-04-26 00:12:14,474 TestNG-tests-1 io.netty.util.internal.ThreadLocalRandom: newSeed -Dio.netty.initialSeedUniquifier: 0x125d3f47cd68276d
2023-04-26 00:12:17,584 TestNG-tests-1 pageSteps.landingPageSteps: getWaitDuration selenium getDriver() getWait() time set from environment properties: PT15S
2023-04-26 00:12:17,608 TestNG-tests-1 pageSteps.landingPageSteps: getWait obtaining the wait for current thread
2023-04-26 00:12:22,324 TestNG-tests-1 pageSteps.landingPageSteps: getWait obtaining the wait for current thread
2023-04-26 00:12:25,266 TestNG-tests-1 freemarker.cache: debug Couldn't find template in cache for "v3html/v3-html-index.ftl"("en", UTF-8, parsed); will try to load it.
2023-04-26 00:12:25,275 TestNG-tests-1 freemarker.cache: debug TemplateLoader.findTemplateSource("v3html/v3-html-index_en.ftl"): Not found
2023-04-26 00:12:25,281 TestNG-tests-1 freemarker.cache: debug TemplateLoader.findTemplateSource("v3html/v3-html-index.ftl"): Found
2023-04-26 00:12:25,283 TestNG-tests-1 freemarker.cache: debug Loading template for "v3html/v3-html-index.ftl"("en", UTF-8, parsed) from "jar:file:/C:/Users/sonal/.gradle/caches/modules-2/files-2.1/com.aventstack/extentreports/4.0.9/272a055be574edaa8e609476077f56d3aa65b58a/extentreports-4.0.9.jar!/com/aventstack/extentreports/view/v3html/v3-html-index.ftl"
2023-04-26 00:12:26,116 TestNG-tests-1 freemarker.cache: debug Couldn't find template in cache for "v3html/v3-html-head.ftl"("en", UTF-8, parsed); will try to load it.
2023-04-26 00:12:26,120 TestNG-tests-1 freemarker.cache: debug TemplateLoader.findTemplateSource("v3html/v3-html-head_en.ftl"): Not found
2023-04-26 00:12:26,122 TestNG-tests-1 freemarker.cache: debug TemplateLoader.findTemplateSource("v3html/v3-html-head.ftl"): Found
2023-04-26 00:12:26,122 TestNG-tests-1 freemarker.cache: debug Loading template for "v3html/v3-html-head.ftl"("en", UTF-8, parsed) from "jar:file:/C:/Users/sonal/.gradle/caches/modules-2/files-2.1/com.aventstack/extentreports/4.0.9/272a055be574edaa8e609476077f56d3aa65b58a/extentreports-4.0.9.jar!/com/aventstack/extentreports/view/v3html/v3-html-head.ftl"
2023-04-26 00:12:26,133 TestNG-tests-1 freemarker.cache: debug Couldn't find template in cache for "v3html/v3-html-nav.ftl"("en", UTF-8, parsed); will try to load it.
2023-04-26 00:12:26,137 TestNG-tests-1 freemarker.cache: debug TemplateLoader.findTemplateSource("v3html/v3-html-nav_en.ftl"): Not found
2023-04-26 00:12:26,138 TestNG-tests-1 freemarker.cache: debug TemplateLoader.findTemplateSource("v3html/v3-html-nav.ftl"): Found
2023-04-26 00:12:26,139 TestNG-tests-1 freemarker.cache: debug Loading template for "v3html/v3-html-nav.ftl"("en", UTF-8, parsed) from "jar:file:/C:/Users/sonal/.gradle/caches/modules-2/files-2.1/com.aventstack/extentreports/4.0.9/272a055be574edaa8e609476077f56d3aa65b58a/extentreports-4.0.9.jar!/com/aventstack/extentreports/view/v3html/v3-html-nav.ftl"
2023-04-26 00:12:26,223 TestNG-tests-1 freemarker.cache: debug Couldn't find template in cache for "v3html/test-view/v3-html-test-view.ftl"("en", UTF-8, parsed); will try to load it.
2023-04-26 00:12:26,225 TestNG-tests-1 freemarker.cache: debug TemplateLoader.findTemplateSource("v3html/test-view/v3-html-test-view_en.ftl"): Not found
2023-04-26 00:12:26,229 TestNG-tests-1 freemarker.cache: debug TemplateLoader.findTemplateSource("v3html/test-view/v3-html-test-view.ftl"): Found
2023-04-26 00:12:26,229 TestNG-tests-1 freemarker.cache: debug Loading template for "v3html/test-view/v3-html-test-view.ftl"("en", UTF-8, parsed) from "jar:file:/C:/Users/sonal/.gradle/caches/modules-2/files-2.1/com.aventstack/extentreports/4.0.9/272a055be574edaa8e609476077f56d3aa65b58a/extentreports-4.0.9.jar!/com/aventstack/extentreports/view/v3html/test-view/v3-html-test-view.ftl"
2023-04-26 00:12:26,283 TestNG-tests-1 freemarker.cache: debug Couldn't find template in cache for "v3html/test-view/v3-html-test-view-charts.ftl"("en", UTF-8, parsed); will try to load it.
2023-04-26 00:12:26,285 TestNG-tests-1 freemarker.cache: debug TemplateLoader.findTemplateSource("v3html/test-view/v3-html-test-view-charts_en.ftl"): Not found
2023-04-26 00:12:26,287 TestNG-tests-1 freemarker.cache: debug TemplateLoader.findTemplateSource("v3html/test-view/v3-html-test-view-charts.ftl"): Found
2023-04-26 00:12:26,287 TestNG-tests-1 freemarker.cache: debug Loading template for "v3html/test-view/v3-html-test-view-charts.ftl"("en", UTF-8, parsed) from "jar:file:/C:/Users/sonal/.gradle/caches/modules-2/files-2.1/com.aventstack/extentreports/4.0.9/272a055be574edaa8e609476077f56d3aa65b58a/extentreports-4.0.9.jar!/com/aventstack/extentreports/view/v3html/test-view/v3-html-test-view-charts.ftl"
2023-04-26 00:12:26,341 TestNG-tests-1 freemarker.cache: debug Couldn't find template in cache for "v3html/test-view/v3-html-bdd.ftl"("en", UTF-8, parsed); will try to load it.
2023-04-26 00:12:26,345 TestNG-tests-1 freemarker.cache: debug TemplateLoader.findTemplateSource("v3html/test-view/v3-html-bdd_en.ftl"): Not found
2023-04-26 00:12:26,366 TestNG-tests-1 freemarker.cache: debug TemplateLoader.findTemplateSource("v3html/test-view/v3-html-bdd.ftl"): Found
2023-04-26 00:12:26,368 TestNG-tests-1 freemarker.cache: debug Loading template for "v3html/test-view/v3-html-bdd.ftl"("en", UTF-8, parsed) from "jar:file:/C:/Users/sonal/.gradle/caches/modules-2/files-2.1/com.aventstack/extentreports/4.0.9/272a055be574edaa8e609476077f56d3aa65b58a/extentreports-4.0.9.jar!/com/aventstack/extentreports/view/v3html/test-view/v3-html-bdd.ftl"
2023-04-26 00:12:26,489 TestNG-tests-1 freemarker.cache: debug Couldn't find template in cache for "v3html/category-view/v3-html-category-view.ftl"("en", UTF-8, parsed); will try to load it.
2023-04-26 00:12:26,491 TestNG-tests-1 freemarker.cache: debug TemplateLoader.findTemplateSource("v3html/category-view/v3-html-category-view_en.ftl"): Not found
2023-04-26 00:12:26,496 TestNG-tests-1 freemarker.cache: debug TemplateLoader.findTemplateSource("v3html/category-view/v3-html-category-view.ftl"): Found
2023-04-26 00:12:26,497 TestNG-tests-1 freemarker.cache: debug Loading template for "v3html/category-view/v3-html-category-view.ftl"("en", UTF-8, parsed) from "jar:file:/C:/Users/sonal/.gradle/caches/modules-2/files-2.1/com.aventstack/extentreports/4.0.9/272a055be574edaa8e609476077f56d3aa65b58a/extentreports-4.0.9.jar!/com/aventstack/extentreports/view/v3html/category-view/v3-html-category-view.ftl"
2023-04-26 00:12:26,510 TestNG-tests-1 freemarker.cache: debug Couldn't find template in cache for "v3html/exception-view/v3-html-exception-view.ftl"("en", UTF-8, parsed); will try to load it.
2023-04-26 00:12:26,512 TestNG-tests-1 freemarker.cache: debug TemplateLoader.findTemplateSource("v3html/exception-view/v3-html-exception-view_en.ftl"): Not found
2023-04-26 00:12:26,517 TestNG-tests-1 freemarker.cache: debug TemplateLoader.findTemplateSource("v3html/exception-view/v3-html-exception-view.ftl"): Found
2023-04-26 00:12:26,518 TestNG-tests-1 freemarker.cache: debug Loading template for "v3html/exception-view/v3-html-exception-view.ftl"("en", UTF-8, parsed) from "jar:file:/C:/Users/sonal/.gradle/caches/modules-2/files-2.1/com.aventstack/extentreports/4.0.9/272a055be574edaa8e609476077f56d3aa65b58a/extentreports-4.0.9.jar!/com/aventstack/extentreports/view/v3html/exception-view/v3-html-exception-view.ftl"
2023-04-26 00:12:26,533 TestNG-tests-1 freemarker.cache: debug Couldn't find template in cache for "v3html/author-view/v3-html-author-view.ftl"("en", UTF-8, parsed); will try to load it.
2023-04-26 00:12:26,536 TestNG-tests-1 freemarker.cache: debug TemplateLoader.findTemplateSource("v3html/author-view/v3-html-author-view_en.ftl"): Not found
2023-04-26 00:12:26,538 TestNG-tests-1 freemarker.cache: debug TemplateLoader.findTemplateSource("v3html/author-view/v3-html-author-view.ftl"): Found
2023-04-26 00:12:26,539 TestNG-tests-1 freemarker.cache: debug Loading template for "v3html/author-view/v3-html-author-view.ftl"("en", UTF-8, parsed) from "jar:file:/C:/Users/sonal/.gradle/caches/modules-2/files-2.1/com.aventstack/extentreports/4.0.9/272a055be574edaa8e609476077f56d3aa65b58a/extentreports-4.0.9.jar!/com/aventstack/extentreports/view/v3html/author-view/v3-html-author-view.ftl"
2023-04-26 00:12:26,547 TestNG-tests-1 freemarker.cache: debug Couldn't find template in cache for "v3html/dashboard-view/v3-html-dashboard-view.ftl"("en", UTF-8, parsed); will try to load it.
2023-04-26 00:12:26,548 TestNG-tests-1 freemarker.cache: debug TemplateLoader.findTemplateSource("v3html/dashboard-view/v3-html-dashboard-view_en.ftl"): Not found
2023-04-26 00:12:26,550 TestNG-tests-1 freemarker.cache: debug TemplateLoader.findTemplateSource("v3html/dashboard-view/v3-html-dashboard-view.ftl"): Found
2023-04-26 00:12:26,550 TestNG-tests-1 freemarker.cache: debug Loading template for "v3html/dashboard-view/v3-html-dashboard-view.ftl"("en", UTF-8, parsed) from "jar:file:/C:/Users/sonal/.gradle/caches/modules-2/files-2.1/com.aventstack/extentreports/4.0.9/272a055be574edaa8e609476077f56d3aa65b58a/extentreports-4.0.9.jar!/com/aventstack/extentreports/view/v3html/dashboard-view/v3-html-dashboard-view.ftl"
2023-04-26 00:12:26,601 TestNG-tests-1 freemarker.cache: debug Couldn't find template in cache for "v3html/logs-view/v3-html-testrunner-logs-view.ftl"("en", UTF-8, parsed); will try to load it.
2023-04-26 00:12:26,603 TestNG-tests-1 freemarker.cache: debug TemplateLoader.findTemplateSource("v3html/logs-view/v3-html-testrunner-logs-view_en.ftl"): Not found
2023-04-26 00:12:26,605 TestNG-tests-1 freemarker.cache: debug TemplateLoader.findTemplateSource("v3html/logs-view/v3-html-testrunner-logs-view.ftl"): Found
2023-04-26 00:12:26,605 TestNG-tests-1 freemarker.cache: debug Loading template for "v3html/logs-view/v3-html-testrunner-logs-view.ftl"("en", UTF-8, parsed) from "jar:file:/C:/Users/sonal/.gradle/caches/modules-2/files-2.1/com.aventstack/extentreports/4.0.9/272a055be574edaa8e609476077f56d3aa65b58a/extentreports-4.0.9.jar!/com/aventstack/extentreports/view/v3html/logs-view/v3-html-testrunner-logs-view.ftl"
2023-04-26 00:12:26,688 TestNG-tests-1 freemarker.cache: debug Couldn't find template in cache for "logger/logger-test.ftl"("en", UTF-8, parsed); will try to load it.
2023-04-26 00:12:26,689 TestNG-tests-1 freemarker.cache: debug TemplateLoader.findTemplateSource("logger/logger-test_en.ftl"): Not found
2023-04-26 00:12:26,696 TestNG-tests-1 freemarker.cache: debug TemplateLoader.findTemplateSource("logger/logger-test.ftl"): Found
2023-04-26 00:12:26,697 TestNG-tests-1 freemarker.cache: debug Loading template for "logger/logger-test.ftl"("en", UTF-8, parsed) from "jar:file:/C:/Users/sonal/.gradle/caches/modules-2/files-2.1/com.aventstack/extentreports/4.0.9/272a055be574edaa8e609476077f56d3aa65b58a/extentreports-4.0.9.jar!/com/aventstack/extentreports/view/logger/logger-test.ftl"
2023-04-26 00:12:26,734 TestNG-tests-1 freemarker.cache: debug Couldn't find template in cache for "commons/commons-variables.ftl"("en", UTF-8, parsed); will try to load it.
2023-04-26 00:12:26,737 TestNG-tests-1 freemarker.cache: debug TemplateLoader.findTemplateSource("commons/commons-variables_en.ftl"): Not found
2023-04-26 00:12:26,749 TestNG-tests-1 freemarker.cache: debug TemplateLoader.findTemplateSource("commons/commons-variables.ftl"): Found
2023-04-26 00:12:26,750 TestNG-tests-1 freemarker.cache: debug Loading template for "commons/commons-variables.ftl"("en", UTF-8, parsed) from "jar:file:/C:/Users/sonal/.gradle/caches/modules-2/files-2.1/com.aventstack/extentreports/4.0.9/272a055be574edaa8e609476077f56d3aa65b58a/extentreports-4.0.9.jar!/com/aventstack/extentreports/view/commons/commons-variables.ftl"
2023-04-26 00:12:26,771 TestNG-tests-1 freemarker.cache: debug Couldn't find template in cache for "logger/partials/logger-head.ftl"("en", UTF-8, parsed); will try to load it.
2023-04-26 00:12:26,773 TestNG-tests-1 freemarker.cache: debug TemplateLoader.findTemplateSource("logger/partials/logger-head_en.ftl"): Not found
2023-04-26 00:12:26,780 TestNG-tests-1 freemarker.cache: debug TemplateLoader.findTemplateSource("logger/partials/logger-head.ftl"): Found
2023-04-26 00:12:26,781 TestNG-tests-1 freemarker.cache: debug Loading template for "logger/partials/logger-head.ftl"("en", UTF-8, parsed) from "jar:file:/C:/Users/sonal/.gradle/caches/modules-2/files-2.1/com.aventstack/extentreports/4.0.9/272a055be574edaa8e609476077f56d3aa65b58a/extentreports-4.0.9.jar!/com/aventstack/extentreports/view/logger/partials/logger-head.ftl"
2023-04-26 00:12:26,786 TestNG-tests-1 freemarker.cache: debug Couldn't find template in cache for "logger/partials/logger-nav.ftl"("en", UTF-8, parsed); will try to load it.
2023-04-26 00:12:26,788 TestNG-tests-1 freemarker.cache: debug TemplateLoader.findTemplateSource("logger/partials/logger-nav_en.ftl"): Not found
2023-04-26 00:12:26,789 TestNG-tests-1 freemarker.cache: debug TemplateLoader.findTemplateSource("logger/partials/logger-nav.ftl"): Found
2023-04-26 00:12:26,790 TestNG-tests-1 freemarker.cache: debug Loading template for "logger/partials/logger-nav.ftl"("en", UTF-8, parsed) from "jar:file:/C:/Users/sonal/.gradle/caches/modules-2/files-2.1/com.aventstack/extentreports/4.0.9/272a055be574edaa8e609476077f56d3aa65b58a/extentreports-4.0.9.jar!/com/aventstack/extentreports/view/logger/partials/logger-nav.ftl"
2023-04-26 00:12:26,808 TestNG-tests-1 freemarker.cache: debug Couldn't find template in cache for "logger/logger-dashboard.ftl"("en", UTF-8, parsed); will try to load it.
2023-04-26 00:12:26,811 TestNG-tests-1 freemarker.cache: debug TemplateLoader.findTemplateSource("logger/logger-dashboard_en.ftl"): Not found
2023-04-26 00:12:26,816 TestNG-tests-1 freemarker.cache: debug TemplateLoader.findTemplateSource("logger/logger-dashboard.ftl"): Found
2023-04-26 00:12:26,817 TestNG-tests-1 freemarker.cache: debug Loading template for "logger/logger-dashboard.ftl"("en", UTF-8, parsed) from "jar:file:/C:/Users/sonal/.gradle/caches/modules-2/files-2.1/com.aventstack/extentreports/4.0.9/272a055be574edaa8e609476077f56d3aa65b58a/extentreports-4.0.9.jar!/com/aventstack/extentreports/view/logger/logger-dashboard.ftl"
2023-04-26 00:12:26,820 TestNG-tests-1 freemarker.cache: debug Couldn't find template in cache for "commons/commons-variables.ftl"("en", UTF-8, parsed); will try to load it.
2023-04-26 00:12:26,822 TestNG-tests-1 freemarker.cache: debug TemplateLoader.findTemplateSource("commons/commons-variables_en.ftl"): Not found
2023-04-26 00:12:26,823 TestNG-tests-1 freemarker.cache: debug TemplateLoader.findTemplateSource("commons/commons-variables.ftl"): Found
2023-04-26 00:12:26,825 TestNG-tests-1 freemarker.cache: debug Loading template for "commons/commons-variables.ftl"("en", UTF-8, parsed) from "jar:file:/C:/Users/sonal/.gradle/caches/modules-2/files-2.1/com.aventstack/extentreports/4.0.9/272a055be574edaa8e609476077f56d3aa65b58a/extentreports-4.0.9.jar!/com/aventstack/extentreports/view/commons/commons-variables.ftl"
2023-04-26 00:12:26,836 TestNG-tests-1 freemarker.cache: debug Couldn't find template in cache for "logger/partials/logger-head.ftl"("en", UTF-8, parsed); will try to load it.
2023-04-26 00:12:26,837 TestNG-tests-1 freemarker.cache: debug TemplateLoader.findTemplateSource("logger/partials/logger-head_en.ftl"): Not found
2023-04-26 00:12:26,837 TestNG-tests-1 freemarker.cache: debug TemplateLoader.findTemplateSource("logger/partials/logger-head.ftl"): Found
2023-04-26 00:12:26,851 TestNG-tests-1 freemarker.cache: debug Loading template for "logger/partials/logger-head.ftl"("en", UTF-8, parsed) from "jar:file:/C:/Users/sonal/.gradle/caches/modules-2/files-2.1/com.aventstack/extentreports/4.0.9/272a055be574edaa8e609476077f56d3aa65b58a/extentreports-4.0.9.jar!/com/aventstack/extentreports/view/logger/partials/logger-head.ftl"
2023-04-26 00:12:26,911 TestNG-tests-1 freemarker.cache: debug Couldn't find template in cache for "logger/partials/logger-nav.ftl"("en", UTF-8, parsed); will try to load it.
2023-04-26 00:12:26,914 TestNG-tests-1 freemarker.cache: debug TemplateLoader.findTemplateSource("logger/partials/logger-nav_en.ftl"): Not found
2023-04-26 00:12:26,916 TestNG-tests-1 freemarker.cache: debug TemplateLoader.findTemplateSource("logger/partials/logger-nav.ftl"): Found
2023-04-26 00:12:26,917 TestNG-tests-1 freemarker.cache: debug Loading template for "logger/partials/logger-nav.ftl"("en", UTF-8, parsed) from "jar:file:/C:/Users/sonal/.gradle/caches/modules-2/files-2.1/com.aventstack/extentreports/4.0.9/272a055be574edaa8e609476077f56d3aa65b58a/extentreports-4.0.9.jar!/com/aventstack/extentreports/view/logger/partials/logger-nav.ftl"
2023-04-26 00:12:26,923 TestNG-tests-1 freemarker.cache: debug Couldn't find template in cache for "logger/partials/logger-nav-right-items.ftl"("en", UTF-8, parsed); will try to load it.
2023-04-26 00:12:26,925 TestNG-tests-1 freemarker.cache: debug TemplateLoader.findTemplateSource("logger/partials/logger-nav-right-items_en.ftl"): Not found
2023-04-26 00:12:26,927 TestNG-tests-1 freemarker.cache: debug TemplateLoader.findTemplateSource("logger/partials/logger-nav-right-items.ftl"): Found
2023-04-26 00:12:26,928 TestNG-tests-1 freemarker.cache: debug Loading template for "logger/partials/logger-nav-right-items.ftl"("en", UTF-8, parsed) from "jar:file:/C:/Users/sonal/.gradle/caches/modules-2/files-2.1/com.aventstack/extentreports/4.0.9/272a055be574edaa8e609476077f56d3aa65b58a/extentreports-4.0.9.jar!/com/aventstack/extentreports/view/logger/partials/logger-nav-right-items.ftl"
2023-04-26 00:12:26,931 TestNG-tests-1 freemarker.cache: debug Couldn't find template in cache for "commons/commons-dashboard.ftl"("en", UTF-8, parsed); will try to load it.
2023-04-26 00:12:26,933 TestNG-tests-1 freemarker.cache: debug TemplateLoader.findTemplateSource("commons/commons-dashboard_en.ftl"): Not found
2023-04-26 00:12:26,937 TestNG-tests-1 freemarker.cache: debug TemplateLoader.findTemplateSource("commons/commons-dashboard.ftl"): Found
2023-04-26 00:12:26,938 TestNG-tests-1 freemarker.cache: debug Loading template for "commons/commons-dashboard.ftl"("en", UTF-8, parsed) from "jar:file:/C:/Users/sonal/.gradle/caches/modules-2/files-2.1/com.aventstack/extentreports/4.0.9/272a055be574edaa8e609476077f56d3aa65b58a/extentreports-4.0.9.jar!/com/aventstack/extentreports/view/commons/commons-dashboard.ftl"
2023-04-26 00:12:27,058 TestNG-tests-1 freemarker.cache: debug Couldn't find template in cache for "commons/commons-dashboard-scripts.ftl"("en", UTF-8, parsed); will try to load it.
2023-04-26 00:12:27,060 TestNG-tests-1 freemarker.cache: debug TemplateLoader.findTemplateSource("commons/commons-dashboard-scripts_en.ftl"): Not found
2023-04-26 00:12:27,061 TestNG-tests-1 freemarker.cache: debug TemplateLoader.findTemplateSource("commons/commons-dashboard-scripts.ftl"): Found
2023-04-26 00:12:27,062 TestNG-tests-1 freemarker.cache: debug Loading template for "commons/commons-dashboard-scripts.ftl"("en", UTF-8, parsed) from "jar:file:/C:/Users/sonal/.gradle/caches/modules-2/files-2.1/com.aventstack/extentreports/4.0.9/272a055be574edaa8e609476077f56d3aa65b58a/extentreports-4.0.9.jar!/com/aventstack/extentreports/view/commons/commons-dashboard-scripts.ftl"
2023-04-26 00:12:27,105 TestNG-tests-1 freemarker.cache: debug Couldn't find template in cache for "logger/logger-tag.ftl"("en", UTF-8, parsed); will try to load it.
2023-04-26 00:12:27,119 TestNG-tests-1 freemarker.cache: debug TemplateLoader.findTemplateSource("logger/logger-tag_en.ftl"): Not found
2023-04-26 00:12:27,121 TestNG-tests-1 freemarker.cache: debug TemplateLoader.findTemplateSource("logger/logger-tag.ftl"): Found
2023-04-26 00:12:27,122 TestNG-tests-1 freemarker.cache: debug Loading template for "logger/logger-tag.ftl"("en", UTF-8, parsed) from "jar:file:/C:/Users/sonal/.gradle/caches/modules-2/files-2.1/com.aventstack/extentreports/4.0.9/272a055be574edaa8e609476077f56d3aa65b58a/extentreports-4.0.9.jar!/com/aventstack/extentreports/view/logger/logger-tag.ftl"
2023-04-26 00:12:27,131 TestNG-tests-1 freemarker.cache: debug Couldn't find template in cache for "commons/commons-variables.ftl"("en", UTF-8, parsed); will try to load it.
2023-04-26 00:12:27,135 TestNG-tests-1 freemarker.cache: debug TemplateLoader.findTemplateSource("commons/commons-variables_en.ftl"): Not found
2023-04-26 00:12:27,136 TestNG-tests-1 freemarker.cache: debug TemplateLoader.findTemplateSource("commons/commons-variables.ftl"): Found
2023-04-26 00:12:27,137 TestNG-tests-1 freemarker.cache: debug Loading template for "commons/commons-variables.ftl"("en", UTF-8, parsed) from "jar:file:/C:/Users/sonal/.gradle/caches/modules-2/files-2.1/com.aventstack/extentreports/4.0.9/272a055be574edaa8e609476077f56d3aa65b58a/extentreports-4.0.9.jar!/com/aventstack/extentreports/view/commons/commons-variables.ftl"
2023-04-26 00:12:27,144 TestNG-tests-1 freemarker.cache: debug Couldn't find template in cache for "logger/partials/logger-head.ftl"("en", UTF-8, parsed); will try to load it.
2023-04-26 00:12:27,206 TestNG-tests-1 freemarker.cache: debug TemplateLoader.findTemplateSource("logger/partials/logger-head_en.ftl"): Not found
2023-04-26 00:12:27,217 TestNG-tests-1 freemarker.cache: debug TemplateLoader.findTemplateSource("logger/partials/logger-head.ftl"): Found
2023-04-26 00:12:27,218 TestNG-tests-1 freemarker.cache: debug Loading template for "logger/partials/logger-head.ftl"("en", UTF-8, parsed) from "jar:file:/C:/Users/sonal/.gradle/caches/modules-2/files-2.1/com.aventstack/extentreports/4.0.9/272a055be574edaa8e609476077f56d3aa65b58a/extentreports-4.0.9.jar!/com/aventstack/extentreports/view/logger/partials/logger-head.ftl"
2023-04-26 00:12:27,223 TestNG-tests-1 freemarker.cache: debug Couldn't find template in cache for "logger/partials/logger-nav.ftl"("en", UTF-8, parsed); will try to load it.
2023-04-26 00:12:27,224 TestNG-tests-1 freemarker.cache: debug TemplateLoader.findTemplateSource("logger/partials/logger-nav_en.ftl"): Not found
2023-04-26 00:12:27,226 TestNG-tests-1 freemarker.cache: debug TemplateLoader.findTemplateSource("logger/partials/logger-nav.ftl"): Found
2023-04-26 00:12:27,227 TestNG-tests-1 freemarker.cache: debug Loading template for "logger/partials/logger-nav.ftl"("en", UTF-8, parsed) from "jar:file:/C:/Users/sonal/.gradle/caches/modules-2/files-2.1/com.aventstack/extentreports/4.0.9/272a055be574edaa8e609476077f56d3aa65b58a/extentreports-4.0.9.jar!/com/aventstack/extentreports/view/logger/partials/logger-nav.ftl"
2023-04-26 00:12:27,233 TestNG-tests-1 freemarker.cache: debug Couldn't find template in cache for "commons/commons-tag.ftl"("en", UTF-8, parsed); will try to load it.
2023-04-26 00:12:27,235 TestNG-tests-1 freemarker.cache: debug TemplateLoader.findTemplateSource("commons/commons-tag_en.ftl"): Not found
2023-04-26 00:12:27,236 TestNG-tests-1 freemarker.cache: debug TemplateLoader.findTemplateSource("commons/commons-tag.ftl"): Found
2023-04-26 00:12:27,237 TestNG-tests-1 freemarker.cache: debug Loading template for "commons/commons-tag.ftl"("en", UTF-8, parsed) from "jar:file:/C:/Users/sonal/.gradle/caches/modules-2/files-2.1/com.aventstack/extentreports/4.0.9/272a055be574edaa8e609476077f56d3aa65b58a/extentreports-4.0.9.jar!/com/aventstack/extentreports/view/commons/commons-tag.ftl"
2023-04-26 00:12:27,243 TestNG-tests-1 freemarker.cache: debug Couldn't find template in cache for "commons/commons-macros.ftl"("en", UTF-8, parsed); will try to load it.
2023-04-26 00:12:27,247 TestNG-tests-1 freemarker.cache: debug TemplateLoader.findTemplateSource("commons/commons-macros_en.ftl"): Not found
2023-04-26 00:12:27,249 TestNG-tests-1 freemarker.cache: debug TemplateLoader.findTemplateSource("commons/commons-macros.ftl"): Found
2023-04-26 00:12:27,250 TestNG-tests-1 freemarker.cache: debug Loading template for "commons/commons-macros.ftl"("en", UTF-8, parsed) from "jar:file:/C:/Users/sonal/.gradle/caches/modules-2/files-2.1/com.aventstack/extentreports/4.0.9/272a055be574edaa8e609476077f56d3aa65b58a/extentreports-4.0.9.jar!/com/aventstack/extentreports/view/commons/commons-macros.ftl"
2023-04-26 00:12:27,289 TestNG-tests-1 freemarker.cache: debug Couldn't find template in cache for "logger/partials/logger-nav-right-items.ftl"("en", UTF-8, parsed); will try to load it.
2023-04-26 00:12:27,290 TestNG-tests-1 freemarker.cache: debug TemplateLoader.findTemplateSource("logger/partials/logger-nav-right-items_en.ftl"): Not found
2023-04-26 00:12:27,292 TestNG-tests-1 freemarker.cache: debug TemplateLoader.findTemplateSource("logger/partials/logger-nav-right-items.ftl"): Found
2023-04-26 00:12:27,293 TestNG-tests-1 freemarker.cache: debug Loading template for "logger/partials/logger-nav-right-items.ftl"("en", UTF-8, parsed) from "jar:file:/C:/Users/sonal/.gradle/caches/modules-2/files-2.1/com.aventstack/extentreports/4.0.9/272a055be574edaa8e609476077f56d3aa65b58a/extentreports-4.0.9.jar!/com/aventstack/extentreports/view/logger/partials/logger-nav-right-items.ftl"
