2023-04-27 01:01:02,415 TestNG-tests-1 io.netty.util.internal.logging.InternalLoggerFactory: useLog4JLoggerFactory Using Log4J as the default logging framework
2023-04-27 01:01:02,429 TestNG-tests-1 io.netty.util.ResourceLeakDetector: <clinit> -Dio.netty.leakDetection.level: simple
2023-04-27 01:01:02,430 TestNG-tests-1 io.netty.util.ResourceLeakDetector: <clinit> -Dio.netty.leakDetection.targetRecords: 4
2023-04-27 01:01:02,442 TestNG-tests-1 io.netty.util.ResourceLeakDetectorFactory: newResourceLeakDetector Loaded default ResourceLeakDetector: io.netty.util.ResourceLeakDetector@4c4ef362
2023-04-27 01:01:02,504 TestNG-tests-1 io.netty.util.internal.PlatformDependent0: explicitNoUnsafeCause0 -Dio.netty.noUnsafe: false
2023-04-27 01:01:02,505 TestNG-tests-1 io.netty.util.internal.PlatformDependent0: javaVersion0 Java version: 11
2023-04-27 01:01:02,512 TestNG-tests-1 io.netty.util.internal.PlatformDependent0: <clinit> sun.misc.Unsafe.theUnsafe: available
2023-04-27 01:01:02,514 TestNG-tests-1 io.netty.util.internal.PlatformDependent0: <clinit> sun.misc.Unsafe.copyMemory: available
2023-04-27 01:01:02,515 TestNG-tests-1 io.netty.util.internal.PlatformDependent0: <clinit> sun.misc.Unsafe.storeFence: available
2023-04-27 01:01:02,517 TestNG-tests-1 io.netty.util.internal.PlatformDependent0: <clinit> java.nio.Buffer.address: available
2023-04-27 01:01:02,518 TestNG-tests-1 io.netty.util.internal.PlatformDependent0: <clinit> direct buffer constructor: unavailable: Reflective setAccessible(true) disabled
2023-04-27 01:01:02,520 TestNG-tests-1 io.netty.util.internal.PlatformDependent0: <clinit> java.nio.Bits.unaligned: available, true
2023-04-27 01:01:02,522 TestNG-tests-1 io.netty.util.internal.PlatformDependent0: <clinit> jdk.internal.misc.Unsafe.allocateUninitializedArray(int): unavailable: class io.netty.util.internal.PlatformDependent0$7 cannot access class jdk.internal.misc.Unsafe (in module java.base) because module java.base does not export jdk.internal.misc to unnamed module @35e7e8e9
2023-04-27 01:01:02,524 TestNG-tests-1 io.netty.util.internal.PlatformDependent0: <clinit> java.nio.DirectByteBuffer.<init>(long, int): unavailable
2023-04-27 01:01:02,525 TestNG-tests-1 io.netty.util.internal.PlatformDependent: unsafeUnavailabilityCause0 sun.misc.Unsafe: available
2023-04-27 01:01:02,549 TestNG-tests-1 io.netty.util.internal.PlatformDependent: estimateMaxDirectMemory maxDirectMemory: 4238344192 bytes (maybe)
2023-04-27 01:01:02,552 TestNG-tests-1 io.netty.util.internal.PlatformDependent: tmpdir0 -Dio.netty.tmpdir: C:\Users\sonal\AppData\Local\Temp (java.io.tmpdir)
2023-04-27 01:01:02,552 TestNG-tests-1 io.netty.util.internal.PlatformDependent: bitMode0 -Dio.netty.bitMode: 64 (sun.arch.data.model)
2023-04-27 01:01:02,553 TestNG-tests-1 io.netty.util.internal.PlatformDependent: isWindows0 Platform: Windows
2023-04-27 01:01:02,555 TestNG-tests-1 io.netty.util.internal.PlatformDependent: <clinit> -Dio.netty.maxDirectMemory: -1 bytes
2023-04-27 01:01:02,555 TestNG-tests-1 io.netty.util.internal.PlatformDependent: <clinit> -Dio.netty.uninitializedArrayAllocationThreshold: -1
2023-04-27 01:01:02,556 TestNG-tests-1 io.netty.util.internal.CleanerJava9: <clinit> java.nio.ByteBuffer.cleaner(): available
2023-04-27 01:01:02,557 TestNG-tests-1 io.netty.util.internal.PlatformDependent: <clinit> -Dio.netty.noPreferDirect: false
2023-04-27 01:01:02,574 TestNG-tests-1 io.netty.util.internal.PlatformDependent: <clinit> org.jctools-core.MpscChunkedArrayQueue: available
2023-04-27 01:01:02,619 TestNG-tests-1 io.netty.util.internal.InternalThreadLocalMap: <clinit> -Dio.netty.threadLocalMap.stringBuilder.initialSize: 1024
2023-04-27 01:01:02,619 TestNG-tests-1 io.netty.util.internal.InternalThreadLocalMap: <clinit> -Dio.netty.threadLocalMap.stringBuilder.maxSize: 4096
2023-04-27 01:01:02,924 TestNG-tests-1 io.netty.handler.ssl.JdkSslContext: <clinit> Default protocols (JDK): [TLSv1.3, TLSv1.2] 
2023-04-27 01:01:02,924 TestNG-tests-1 io.netty.handler.ssl.JdkSslContext: <clinit> Default cipher suites (JDK): [TLS_ECDHE_ECDSA_WITH_AES_256_GCM_SHA384, TLS_ECDHE_ECDSA_WITH_AES_128_GCM_SHA256, TLS_ECDHE_RSA_WITH_AES_128_GCM_SHA256, TLS_ECDHE_RSA_WITH_AES_256_GCM_SHA384, TLS_ECDHE_RSA_WITH_AES_128_CBC_SHA, TLS_ECDHE_RSA_WITH_AES_256_CBC_SHA, TLS_RSA_WITH_AES_128_GCM_SHA256, TLS_RSA_WITH_AES_128_CBC_SHA, TLS_RSA_WITH_AES_256_CBC_SHA, TLS_AES_128_GCM_SHA256, TLS_AES_256_GCM_SHA384]
2023-04-27 01:01:02,951 TestNG-tests-1 io.netty.util.concurrent.GlobalEventExecutor: <clinit> -Dio.netty.globalEventExecutor.quietPeriodSeconds: 1
2023-04-27 01:01:02,981 TestNG-tests-1 io.netty.channel.MultithreadEventLoopGroup: <clinit> -Dio.netty.eventLoopThreads: 16
2023-04-27 01:01:02,997 TestNG-tests-1 io.netty.channel.nio.NioEventLoop: <clinit> -Dio.netty.noKeySetOptimization: false
2023-04-27 01:01:02,998 TestNG-tests-1 io.netty.channel.nio.NioEventLoop: <clinit> -Dio.netty.selectorAutoRebuildThreshold: 512
2023-04-27 01:01:03,064 TestNG-tests-1 io.netty.buffer.PooledByteBufAllocator: <clinit> -Dio.netty.allocator.numHeapArenas: 16
2023-04-27 01:01:03,065 TestNG-tests-1 io.netty.buffer.PooledByteBufAllocator: <clinit> -Dio.netty.allocator.numDirectArenas: 16
2023-04-27 01:01:03,065 TestNG-tests-1 io.netty.buffer.PooledByteBufAllocator: <clinit> -Dio.netty.allocator.pageSize: 8192
2023-04-27 01:01:03,066 TestNG-tests-1 io.netty.buffer.PooledByteBufAllocator: <clinit> -Dio.netty.allocator.maxOrder: 9
2023-04-27 01:01:03,066 TestNG-tests-1 io.netty.buffer.PooledByteBufAllocator: <clinit> -Dio.netty.allocator.chunkSize: 4194304
2023-04-27 01:01:03,066 TestNG-tests-1 io.netty.buffer.PooledByteBufAllocator: <clinit> -Dio.netty.allocator.smallCacheSize: 256
2023-04-27 01:01:03,067 TestNG-tests-1 io.netty.buffer.PooledByteBufAllocator: <clinit> -Dio.netty.allocator.normalCacheSize: 64
2023-04-27 01:01:03,067 TestNG-tests-1 io.netty.buffer.PooledByteBufAllocator: <clinit> -Dio.netty.allocator.maxCachedBufferCapacity: 32768
2023-04-27 01:01:03,067 TestNG-tests-1 io.netty.buffer.PooledByteBufAllocator: <clinit> -Dio.netty.allocator.cacheTrimInterval: 8192
2023-04-27 01:01:03,067 TestNG-tests-1 io.netty.buffer.PooledByteBufAllocator: <clinit> -Dio.netty.allocator.cacheTrimIntervalMillis: 0
2023-04-27 01:01:03,068 TestNG-tests-1 io.netty.buffer.PooledByteBufAllocator: <clinit> -Dio.netty.allocator.useCacheForAllThreads: false
2023-04-27 01:01:03,068 TestNG-tests-1 io.netty.buffer.PooledByteBufAllocator: <clinit> -Dio.netty.allocator.maxCachedByteBuffersPerChunk: 1023
2023-04-27 01:01:03,091 TestNG-tests-1 io.netty.buffer.ByteBufUtil: <clinit> -Dio.netty.allocator.type: pooled
2023-04-27 01:01:03,091 TestNG-tests-1 io.netty.buffer.ByteBufUtil: <clinit> -Dio.netty.threadLocalDirectBufferSize: 0
2023-04-27 01:01:03,091 TestNG-tests-1 io.netty.buffer.ByteBufUtil: <clinit> -Dio.netty.maxThreadLocalCharBufferSize: 16384
2023-04-27 01:01:04,703 Forwarding newSession on session null to remote io.netty.channel.DefaultChannelId: <clinit> -Dio.netty.processId: 38624 (auto-detected)
2023-04-27 01:01:04,706 Forwarding newSession on session null to remote io.netty.util.NetUtil: <clinit> -Djava.net.preferIPv4Stack: false
2023-04-27 01:01:04,706 Forwarding newSession on session null to remote io.netty.util.NetUtil: <clinit> -Djava.net.preferIPv6Addresses: false
2023-04-27 01:01:04,875 Forwarding newSession on session null to remote io.netty.util.NetUtilInitializations: determineLoopback Loopback interface: lo (Software Loopback Interface 1, 127.0.0.1)
2023-04-27 01:01:04,878 Forwarding newSession on session null to remote io.netty.util.NetUtil: run Failed to get SOMAXCONN from sysctl and file \proc\sys\net\core\somaxconn. Default: 200
2023-04-27 01:01:04,890 Forwarding newSession on session null to remote io.netty.channel.DefaultChannelId: <clinit> -Dio.netty.machineId: 8c:b8:7e:ff:fe:f3:ca:46 (auto-detected)
2023-04-27 01:01:04,980 AsyncHttpClient-1-2 io.netty.buffer.AbstractByteBuf: <clinit> -Dio.netty.buffer.checkAccessible: true
2023-04-27 01:01:04,981 AsyncHttpClient-1-2 io.netty.buffer.AbstractByteBuf: <clinit> -Dio.netty.buffer.checkBounds: true
2023-04-27 01:01:04,981 AsyncHttpClient-1-2 io.netty.util.ResourceLeakDetectorFactory: newResourceLeakDetector Loaded default ResourceLeakDetector: io.netty.util.ResourceLeakDetector@440541e3
2023-04-27 01:01:05,037 AsyncHttpClient-1-2 io.netty.util.Recycler: <clinit> -Dio.netty.recycler.maxCapacityPerThread: 4096
2023-04-27 01:01:05,038 AsyncHttpClient-1-2 io.netty.util.Recycler: <clinit> -Dio.netty.recycler.ratio: 8
2023-04-27 01:01:05,038 AsyncHttpClient-1-2 io.netty.util.Recycler: <clinit> -Dio.netty.recycler.chunkSize: 32
2023-04-27 01:01:05,038 AsyncHttpClient-1-2 io.netty.util.Recycler: <clinit> -Dio.netty.recycler.blocking: false
2023-04-27 01:01:05,038 AsyncHttpClient-1-2 io.netty.util.Recycler: <clinit> -Dio.netty.recycler.batchFastThreadLocalOnly: true
2023-04-27 01:01:06,183 AsyncHttpClient-1-2 io.netty.handler.codec.compression.Brotli: <clinit> brotli4j not in the classpath; Brotli support will be unavailable.
2023-04-27 01:01:06,371 TestNG-tests-1 io.netty.util.internal.ThreadLocalRandom: newSeed -Dio.netty.initialSeedUniquifier: 0x5a837812a4a131bc
2023-04-27 01:01:08,674 TestNG-tests-1 pageSteps.landingPageSteps: getWaitDuration selenium getDriver() getWait() time set from environment properties: PT15S
2023-04-27 01:01:08,695 TestNG-tests-1 pages.landingPage: getWaitDuration selenium getDriver() getWait() time set from environment properties: PT15S
2023-04-27 01:01:08,696 TestNG-tests-1 pageSteps.landingPageSteps: getWait obtaining the wait for current thread
2023-04-27 01:01:11,553 TestNG-tests-1 pageSteps.landingPageSteps: getWait obtaining the wait for current thread
2023-04-27 01:01:16,278 TestNG-tests-1 pageSteps.landingPageSteps: getWait obtaining the wait for current thread
