2023-04-26 01:32:48,694 TestNG-tests-1 io.netty.util.internal.logging.InternalLoggerFactory: useLog4JLoggerFactory Using Log4J as the default logging framework
2023-04-26 01:32:48,714 TestNG-tests-1 io.netty.util.ResourceLeakDetector: <clinit> -Dio.netty.leakDetection.level: simple
2023-04-26 01:32:48,715 TestNG-tests-1 io.netty.util.ResourceLeakDetector: <clinit> -Dio.netty.leakDetection.targetRecords: 4
2023-04-26 01:32:48,722 TestNG-tests-1 io.netty.util.ResourceLeakDetectorFactory: newResourceLeakDetector Loaded default ResourceLeakDetector: io.netty.util.ResourceLeakDetector@7ee0d8a2
2023-04-26 01:32:48,748 TestNG-tests-1 io.netty.util.internal.PlatformDependent0: explicitNoUnsafeCause0 -Dio.netty.noUnsafe: false
2023-04-26 01:32:48,749 TestNG-tests-1 io.netty.util.internal.PlatformDependent0: javaVersion0 Java version: 11
2023-04-26 01:32:48,753 TestNG-tests-1 io.netty.util.internal.PlatformDependent0: <clinit> sun.misc.Unsafe.theUnsafe: available
2023-04-26 01:32:48,754 TestNG-tests-1 io.netty.util.internal.PlatformDependent0: <clinit> sun.misc.Unsafe.copyMemory: available
2023-04-26 01:32:48,755 TestNG-tests-1 io.netty.util.internal.PlatformDependent0: <clinit> sun.misc.Unsafe.storeFence: available
2023-04-26 01:32:48,756 TestNG-tests-1 io.netty.util.internal.PlatformDependent0: <clinit> java.nio.Buffer.address: available
2023-04-26 01:32:48,756 TestNG-tests-1 io.netty.util.internal.PlatformDependent0: <clinit> direct buffer constructor: unavailable: Reflective setAccessible(true) disabled
2023-04-26 01:32:48,757 TestNG-tests-1 io.netty.util.internal.PlatformDependent0: <clinit> java.nio.Bits.unaligned: available, true
2023-04-26 01:32:48,759 TestNG-tests-1 io.netty.util.internal.PlatformDependent0: <clinit> jdk.internal.misc.Unsafe.allocateUninitializedArray(int): unavailable: class io.netty.util.internal.PlatformDependent0$7 cannot access class jdk.internal.misc.Unsafe (in module java.base) because module java.base does not export jdk.internal.misc to unnamed module @5fd4f8f5
2023-04-26 01:32:48,761 TestNG-tests-1 io.netty.util.internal.PlatformDependent0: <clinit> java.nio.DirectByteBuffer.<init>(long, int): unavailable
2023-04-26 01:32:48,762 TestNG-tests-1 io.netty.util.internal.PlatformDependent: unsafeUnavailabilityCause0 sun.misc.Unsafe: available
2023-04-26 01:32:48,782 TestNG-tests-1 io.netty.util.internal.PlatformDependent: estimateMaxDirectMemory maxDirectMemory: 4238344192 bytes (maybe)
2023-04-26 01:32:48,785 TestNG-tests-1 io.netty.util.internal.PlatformDependent: tmpdir0 -Dio.netty.tmpdir: C:\Users\sonal\AppData\Local\Temp (java.io.tmpdir)
2023-04-26 01:32:48,785 TestNG-tests-1 io.netty.util.internal.PlatformDependent: bitMode0 -Dio.netty.bitMode: 64 (sun.arch.data.model)
2023-04-26 01:32:48,786 TestNG-tests-1 io.netty.util.internal.PlatformDependent: isWindows0 Platform: Windows
2023-04-26 01:32:48,787 TestNG-tests-1 io.netty.util.internal.PlatformDependent: <clinit> -Dio.netty.maxDirectMemory: -1 bytes
2023-04-26 01:32:48,787 TestNG-tests-1 io.netty.util.internal.PlatformDependent: <clinit> -Dio.netty.uninitializedArrayAllocationThreshold: -1
2023-04-26 01:32:48,790 TestNG-tests-1 io.netty.util.internal.CleanerJava9: <clinit> java.nio.ByteBuffer.cleaner(): available
2023-04-26 01:32:48,790 TestNG-tests-1 io.netty.util.internal.PlatformDependent: <clinit> -Dio.netty.noPreferDirect: false
2023-04-26 01:32:48,801 TestNG-tests-1 io.netty.util.internal.PlatformDependent: <clinit> org.jctools-core.MpscChunkedArrayQueue: available
2023-04-26 01:32:48,835 TestNG-tests-1 io.netty.util.internal.InternalThreadLocalMap: <clinit> -Dio.netty.threadLocalMap.stringBuilder.initialSize: 1024
2023-04-26 01:32:48,836 TestNG-tests-1 io.netty.util.internal.InternalThreadLocalMap: <clinit> -Dio.netty.threadLocalMap.stringBuilder.maxSize: 4096
2023-04-26 01:32:49,051 TestNG-tests-1 io.netty.handler.ssl.JdkSslContext: <clinit> Default protocols (JDK): [TLSv1.3, TLSv1.2] 
2023-04-26 01:32:49,052 TestNG-tests-1 io.netty.handler.ssl.JdkSslContext: <clinit> Default cipher suites (JDK): [TLS_ECDHE_ECDSA_WITH_AES_256_GCM_SHA384, TLS_ECDHE_ECDSA_WITH_AES_128_GCM_SHA256, TLS_ECDHE_RSA_WITH_AES_128_GCM_SHA256, TLS_ECDHE_RSA_WITH_AES_256_GCM_SHA384, TLS_ECDHE_RSA_WITH_AES_128_CBC_SHA, TLS_ECDHE_RSA_WITH_AES_256_CBC_SHA, TLS_RSA_WITH_AES_128_GCM_SHA256, TLS_RSA_WITH_AES_128_CBC_SHA, TLS_RSA_WITH_AES_256_CBC_SHA, TLS_AES_128_GCM_SHA256, TLS_AES_256_GCM_SHA384]
2023-04-26 01:32:49,075 TestNG-tests-1 io.netty.util.concurrent.GlobalEventExecutor: <clinit> -Dio.netty.globalEventExecutor.quietPeriodSeconds: 1
2023-04-26 01:32:49,101 TestNG-tests-1 io.netty.channel.MultithreadEventLoopGroup: <clinit> -Dio.netty.eventLoopThreads: 16
2023-04-26 01:32:49,124 TestNG-tests-1 io.netty.channel.nio.NioEventLoop: <clinit> -Dio.netty.noKeySetOptimization: false
2023-04-26 01:32:49,124 TestNG-tests-1 io.netty.channel.nio.NioEventLoop: <clinit> -Dio.netty.selectorAutoRebuildThreshold: 512
2023-04-26 01:32:49,203 TestNG-tests-1 io.netty.buffer.PooledByteBufAllocator: <clinit> -Dio.netty.allocator.numHeapArenas: 16
2023-04-26 01:32:49,203 TestNG-tests-1 io.netty.buffer.PooledByteBufAllocator: <clinit> -Dio.netty.allocator.numDirectArenas: 16
2023-04-26 01:32:49,204 TestNG-tests-1 io.netty.buffer.PooledByteBufAllocator: <clinit> -Dio.netty.allocator.pageSize: 8192
2023-04-26 01:32:49,204 TestNG-tests-1 io.netty.buffer.PooledByteBufAllocator: <clinit> -Dio.netty.allocator.maxOrder: 9
2023-04-26 01:32:49,204 TestNG-tests-1 io.netty.buffer.PooledByteBufAllocator: <clinit> -Dio.netty.allocator.chunkSize: 4194304
2023-04-26 01:32:49,204 TestNG-tests-1 io.netty.buffer.PooledByteBufAllocator: <clinit> -Dio.netty.allocator.smallCacheSize: 256
2023-04-26 01:32:49,205 TestNG-tests-1 io.netty.buffer.PooledByteBufAllocator: <clinit> -Dio.netty.allocator.normalCacheSize: 64
2023-04-26 01:32:49,205 TestNG-tests-1 io.netty.buffer.PooledByteBufAllocator: <clinit> -Dio.netty.allocator.maxCachedBufferCapacity: 32768
2023-04-26 01:32:49,205 TestNG-tests-1 io.netty.buffer.PooledByteBufAllocator: <clinit> -Dio.netty.allocator.cacheTrimInterval: 8192
2023-04-26 01:32:49,205 TestNG-tests-1 io.netty.buffer.PooledByteBufAllocator: <clinit> -Dio.netty.allocator.cacheTrimIntervalMillis: 0
2023-04-26 01:32:49,206 TestNG-tests-1 io.netty.buffer.PooledByteBufAllocator: <clinit> -Dio.netty.allocator.useCacheForAllThreads: false
2023-04-26 01:32:49,206 TestNG-tests-1 io.netty.buffer.PooledByteBufAllocator: <clinit> -Dio.netty.allocator.maxCachedByteBuffersPerChunk: 1023
2023-04-26 01:32:49,224 TestNG-tests-1 io.netty.buffer.ByteBufUtil: <clinit> -Dio.netty.allocator.type: pooled
2023-04-26 01:32:49,225 TestNG-tests-1 io.netty.buffer.ByteBufUtil: <clinit> -Dio.netty.threadLocalDirectBufferSize: 0
2023-04-26 01:32:49,225 TestNG-tests-1 io.netty.buffer.ByteBufUtil: <clinit> -Dio.netty.maxThreadLocalCharBufferSize: 16384
2023-04-26 01:32:50,822 Forwarding newSession on session null to remote io.netty.channel.DefaultChannelId: <clinit> -Dio.netty.processId: 12392 (auto-detected)
2023-04-26 01:32:50,825 Forwarding newSession on session null to remote io.netty.util.NetUtil: <clinit> -Djava.net.preferIPv4Stack: false
2023-04-26 01:32:50,826 Forwarding newSession on session null to remote io.netty.util.NetUtil: <clinit> -Djava.net.preferIPv6Addresses: false
2023-04-26 01:32:50,952 Forwarding newSession on session null to remote io.netty.util.NetUtilInitializations: determineLoopback Loopback interface: lo (Software Loopback Interface 1, 127.0.0.1)
2023-04-26 01:32:50,955 Forwarding newSession on session null to remote io.netty.util.NetUtil: run Failed to get SOMAXCONN from sysctl and file \proc\sys\net\core\somaxconn. Default: 200
2023-04-26 01:32:50,964 Forwarding newSession on session null to remote io.netty.channel.DefaultChannelId: <clinit> -Dio.netty.machineId: 8c:b8:7e:ff:fe:f3:ca:46 (auto-detected)
2023-04-26 01:32:51,057 AsyncHttpClient-1-2 io.netty.buffer.AbstractByteBuf: <clinit> -Dio.netty.buffer.checkAccessible: true
2023-04-26 01:32:51,059 AsyncHttpClient-1-2 io.netty.buffer.AbstractByteBuf: <clinit> -Dio.netty.buffer.checkBounds: true
2023-04-26 01:32:51,059 AsyncHttpClient-1-2 io.netty.util.ResourceLeakDetectorFactory: newResourceLeakDetector Loaded default ResourceLeakDetector: io.netty.util.ResourceLeakDetector@6ff6a9e5
2023-04-26 01:32:51,111 AsyncHttpClient-1-2 io.netty.util.Recycler: <clinit> -Dio.netty.recycler.maxCapacityPerThread: 4096
2023-04-26 01:32:51,112 AsyncHttpClient-1-2 io.netty.util.Recycler: <clinit> -Dio.netty.recycler.ratio: 8
2023-04-26 01:32:51,112 AsyncHttpClient-1-2 io.netty.util.Recycler: <clinit> -Dio.netty.recycler.chunkSize: 32
2023-04-26 01:32:51,112 AsyncHttpClient-1-2 io.netty.util.Recycler: <clinit> -Dio.netty.recycler.blocking: false
2023-04-26 01:32:51,112 AsyncHttpClient-1-2 io.netty.util.Recycler: <clinit> -Dio.netty.recycler.batchFastThreadLocalOnly: true
2023-04-26 01:32:52,883 AsyncHttpClient-1-2 io.netty.handler.codec.compression.Brotli: <clinit> brotli4j not in the classpath; Brotli support will be unavailable.
2023-04-26 01:32:53,361 TestNG-tests-1 io.netty.util.internal.ThreadLocalRandom: newSeed -Dio.netty.initialSeedUniquifier: 0x31e4ae3343819817
2023-04-26 01:33:28,769 TestNG-tests-1 pageSteps.landingPageSteps: getWaitDuration selenium getDriver() getWait() time set from environment properties: PT15S
2023-04-26 01:33:28,788 TestNG-tests-1 pageSteps.landingPageSteps: getWait obtaining the wait for current thread
2023-04-26 01:33:32,031 TestNG-tests-1 pageSteps.landingPageSteps: getWait obtaining the wait for current thread
2023-04-26 01:33:36,752 TestNG-tests-1 uiAutomationHelper.element: <init> element located successfully:By.xpath: //li/a[text()='Women']
2023-04-26 01:34:00,005 TestNG-tests-1 freemarker.cache: debug Couldn't find template in cache for "v3html/v3-html-index.ftl"("en", UTF-8, parsed); will try to load it.
2023-04-26 01:34:00,022 TestNG-tests-1 freemarker.cache: debug TemplateLoader.findTemplateSource("v3html/v3-html-index_en.ftl"): Not found
2023-04-26 01:34:00,049 TestNG-tests-1 freemarker.cache: debug TemplateLoader.findTemplateSource("v3html/v3-html-index.ftl"): Found
2023-04-26 01:34:00,052 TestNG-tests-1 freemarker.cache: debug Loading template for "v3html/v3-html-index.ftl"("en", UTF-8, parsed) from "jar:file:/C:/Users/sonal/.gradle/caches/modules-2/files-2.1/com.aventstack/extentreports/4.0.9/272a055be574edaa8e609476077f56d3aa65b58a/extentreports-4.0.9.jar!/com/aventstack/extentreports/view/v3html/v3-html-index.ftl"
2023-04-26 01:34:02,442 TestNG-tests-1 freemarker.cache: debug Couldn't find template in cache for "v3html/v3-html-head.ftl"("en", UTF-8, parsed); will try to load it.
2023-04-26 01:34:02,461 TestNG-tests-1 freemarker.cache: debug TemplateLoader.findTemplateSource("v3html/v3-html-head_en.ftl"): Not found
2023-04-26 01:34:02,478 TestNG-tests-1 freemarker.cache: debug TemplateLoader.findTemplateSource("v3html/v3-html-head.ftl"): Found
2023-04-26 01:34:02,480 TestNG-tests-1 freemarker.cache: debug Loading template for "v3html/v3-html-head.ftl"("en", UTF-8, parsed) from "jar:file:/C:/Users/sonal/.gradle/caches/modules-2/files-2.1/com.aventstack/extentreports/4.0.9/272a055be574edaa8e609476077f56d3aa65b58a/extentreports-4.0.9.jar!/com/aventstack/extentreports/view/v3html/v3-html-head.ftl"
2023-04-26 01:34:02,516 TestNG-tests-1 freemarker.cache: debug Couldn't find template in cache for "v3html/v3-html-nav.ftl"("en", UTF-8, parsed); will try to load it.
2023-04-26 01:34:02,543 TestNG-tests-1 freemarker.cache: debug TemplateLoader.findTemplateSource("v3html/v3-html-nav_en.ftl"): Not found
2023-04-26 01:34:02,559 TestNG-tests-1 freemarker.cache: debug TemplateLoader.findTemplateSource("v3html/v3-html-nav.ftl"): Found
2023-04-26 01:34:02,560 TestNG-tests-1 freemarker.cache: debug Loading template for "v3html/v3-html-nav.ftl"("en", UTF-8, parsed) from "jar:file:/C:/Users/sonal/.gradle/caches/modules-2/files-2.1/com.aventstack/extentreports/4.0.9/272a055be574edaa8e609476077f56d3aa65b58a/extentreports-4.0.9.jar!/com/aventstack/extentreports/view/v3html/v3-html-nav.ftl"
2023-04-26 01:34:02,627 TestNG-tests-1 freemarker.cache: debug Couldn't find template in cache for "v3html/test-view/v3-html-test-view.ftl"("en", UTF-8, parsed); will try to load it.
2023-04-26 01:34:02,645 TestNG-tests-1 freemarker.cache: debug TemplateLoader.findTemplateSource("v3html/test-view/v3-html-test-view_en.ftl"): Not found
2023-04-26 01:34:02,663 TestNG-tests-1 freemarker.cache: debug TemplateLoader.findTemplateSource("v3html/test-view/v3-html-test-view.ftl"): Found
2023-04-26 01:34:02,664 TestNG-tests-1 freemarker.cache: debug Loading template for "v3html/test-view/v3-html-test-view.ftl"("en", UTF-8, parsed) from "jar:file:/C:/Users/sonal/.gradle/caches/modules-2/files-2.1/com.aventstack/extentreports/4.0.9/272a055be574edaa8e609476077f56d3aa65b58a/extentreports-4.0.9.jar!/com/aventstack/extentreports/view/v3html/test-view/v3-html-test-view.ftl"
2023-04-26 01:34:02,803 TestNG-tests-1 freemarker.cache: debug Couldn't find template in cache for "v3html/test-view/v3-html-test-view-charts.ftl"("en", UTF-8, parsed); will try to load it.
2023-04-26 01:34:02,832 TestNG-tests-1 freemarker.cache: debug TemplateLoader.findTemplateSource("v3html/test-view/v3-html-test-view-charts_en.ftl"): Not found
2023-04-26 01:34:02,855 TestNG-tests-1 freemarker.cache: debug TemplateLoader.findTemplateSource("v3html/test-view/v3-html-test-view-charts.ftl"): Found
2023-04-26 01:34:02,856 TestNG-tests-1 freemarker.cache: debug Loading template for "v3html/test-view/v3-html-test-view-charts.ftl"("en", UTF-8, parsed) from "jar:file:/C:/Users/sonal/.gradle/caches/modules-2/files-2.1/com.aventstack/extentreports/4.0.9/272a055be574edaa8e609476077f56d3aa65b58a/extentreports-4.0.9.jar!/com/aventstack/extentreports/view/v3html/test-view/v3-html-test-view-charts.ftl"
2023-04-26 01:34:02,928 TestNG-tests-1 freemarker.cache: debug Couldn't find template in cache for "v3html/test-view/v3-html-bdd.ftl"("en", UTF-8, parsed); will try to load it.
2023-04-26 01:34:02,952 TestNG-tests-1 freemarker.cache: debug TemplateLoader.findTemplateSource("v3html/test-view/v3-html-bdd_en.ftl"): Not found
2023-04-26 01:34:02,978 TestNG-tests-1 freemarker.cache: debug TemplateLoader.findTemplateSource("v3html/test-view/v3-html-bdd.ftl"): Found
2023-04-26 01:34:02,981 TestNG-tests-1 freemarker.cache: debug Loading template for "v3html/test-view/v3-html-bdd.ftl"("en", UTF-8, parsed) from "jar:file:/C:/Users/sonal/.gradle/caches/modules-2/files-2.1/com.aventstack/extentreports/4.0.9/272a055be574edaa8e609476077f56d3aa65b58a/extentreports-4.0.9.jar!/com/aventstack/extentreports/view/v3html/test-view/v3-html-bdd.ftl"
2023-04-26 01:34:03,321 TestNG-tests-1 freemarker.cache: debug Couldn't find template in cache for "v3html/category-view/v3-html-category-view.ftl"("en", UTF-8, parsed); will try to load it.
2023-04-26 01:34:03,340 TestNG-tests-1 freemarker.cache: debug TemplateLoader.findTemplateSource("v3html/category-view/v3-html-category-view_en.ftl"): Not found
2023-04-26 01:34:03,355 TestNG-tests-1 freemarker.cache: debug TemplateLoader.findTemplateSource("v3html/category-view/v3-html-category-view.ftl"): Found
2023-04-26 01:34:03,356 TestNG-tests-1 freemarker.cache: debug Loading template for "v3html/category-view/v3-html-category-view.ftl"("en", UTF-8, parsed) from "jar:file:/C:/Users/sonal/.gradle/caches/modules-2/files-2.1/com.aventstack/extentreports/4.0.9/272a055be574edaa8e609476077f56d3aa65b58a/extentreports-4.0.9.jar!/com/aventstack/extentreports/view/v3html/category-view/v3-html-category-view.ftl"
2023-04-26 01:34:03,391 TestNG-tests-1 freemarker.cache: debug Couldn't find template in cache for "v3html/exception-view/v3-html-exception-view.ftl"("en", UTF-8, parsed); will try to load it.
2023-04-26 01:34:03,413 TestNG-tests-1 freemarker.cache: debug TemplateLoader.findTemplateSource("v3html/exception-view/v3-html-exception-view_en.ftl"): Not found
2023-04-26 01:34:03,433 TestNG-tests-1 freemarker.cache: debug TemplateLoader.findTemplateSource("v3html/exception-view/v3-html-exception-view.ftl"): Found
2023-04-26 01:34:03,435 TestNG-tests-1 freemarker.cache: debug Loading template for "v3html/exception-view/v3-html-exception-view.ftl"("en", UTF-8, parsed) from "jar:file:/C:/Users/sonal/.gradle/caches/modules-2/files-2.1/com.aventstack/extentreports/4.0.9/272a055be574edaa8e609476077f56d3aa65b58a/extentreports-4.0.9.jar!/com/aventstack/extentreports/view/v3html/exception-view/v3-html-exception-view.ftl"
2023-04-26 01:34:03,458 TestNG-tests-1 freemarker.cache: debug Couldn't find template in cache for "v3html/author-view/v3-html-author-view.ftl"("en", UTF-8, parsed); will try to load it.
2023-04-26 01:34:03,472 TestNG-tests-1 freemarker.cache: debug TemplateLoader.findTemplateSource("v3html/author-view/v3-html-author-view_en.ftl"): Not found
2023-04-26 01:34:03,489 TestNG-tests-1 freemarker.cache: debug TemplateLoader.findTemplateSource("v3html/author-view/v3-html-author-view.ftl"): Found
2023-04-26 01:34:03,490 TestNG-tests-1 freemarker.cache: debug Loading template for "v3html/author-view/v3-html-author-view.ftl"("en", UTF-8, parsed) from "jar:file:/C:/Users/sonal/.gradle/caches/modules-2/files-2.1/com.aventstack/extentreports/4.0.9/272a055be574edaa8e609476077f56d3aa65b58a/extentreports-4.0.9.jar!/com/aventstack/extentreports/view/v3html/author-view/v3-html-author-view.ftl"
2023-04-26 01:34:03,513 TestNG-tests-1 freemarker.cache: debug Couldn't find template in cache for "v3html/dashboard-view/v3-html-dashboard-view.ftl"("en", UTF-8, parsed); will try to load it.
2023-04-26 01:34:03,530 TestNG-tests-1 freemarker.cache: debug TemplateLoader.findTemplateSource("v3html/dashboard-view/v3-html-dashboard-view_en.ftl"): Not found
2023-04-26 01:34:03,546 TestNG-tests-1 freemarker.cache: debug TemplateLoader.findTemplateSource("v3html/dashboard-view/v3-html-dashboard-view.ftl"): Found
2023-04-26 01:34:03,547 TestNG-tests-1 freemarker.cache: debug Loading template for "v3html/dashboard-view/v3-html-dashboard-view.ftl"("en", UTF-8, parsed) from "jar:file:/C:/Users/sonal/.gradle/caches/modules-2/files-2.1/com.aventstack/extentreports/4.0.9/272a055be574edaa8e609476077f56d3aa65b58a/extentreports-4.0.9.jar!/com/aventstack/extentreports/view/v3html/dashboard-view/v3-html-dashboard-view.ftl"
2023-04-26 01:34:03,585 TestNG-tests-1 freemarker.cache: debug Couldn't find template in cache for "v3html/logs-view/v3-html-testrunner-logs-view.ftl"("en", UTF-8, parsed); will try to load it.
2023-04-26 01:34:03,606 TestNG-tests-1 freemarker.cache: debug TemplateLoader.findTemplateSource("v3html/logs-view/v3-html-testrunner-logs-view_en.ftl"): Not found
2023-04-26 01:34:03,620 TestNG-tests-1 freemarker.cache: debug TemplateLoader.findTemplateSource("v3html/logs-view/v3-html-testrunner-logs-view.ftl"): Found
2023-04-26 01:34:03,621 TestNG-tests-1 freemarker.cache: debug Loading template for "v3html/logs-view/v3-html-testrunner-logs-view.ftl"("en", UTF-8, parsed) from "jar:file:/C:/Users/sonal/.gradle/caches/modules-2/files-2.1/com.aventstack/extentreports/4.0.9/272a055be574edaa8e609476077f56d3aa65b58a/extentreports-4.0.9.jar!/com/aventstack/extentreports/view/v3html/logs-view/v3-html-testrunner-logs-view.ftl"
2023-04-26 01:34:03,757 TestNG-tests-1 freemarker.cache: debug Couldn't find template in cache for "logger/logger-test.ftl"("en", UTF-8, parsed); will try to load it.
2023-04-26 01:34:03,773 TestNG-tests-1 freemarker.cache: debug TemplateLoader.findTemplateSource("logger/logger-test_en.ftl"): Not found
2023-04-26 01:34:03,786 TestNG-tests-1 freemarker.cache: debug TemplateLoader.findTemplateSource("logger/logger-test.ftl"): Found
2023-04-26 01:34:03,787 TestNG-tests-1 freemarker.cache: debug Loading template for "logger/logger-test.ftl"("en", UTF-8, parsed) from "jar:file:/C:/Users/sonal/.gradle/caches/modules-2/files-2.1/com.aventstack/extentreports/4.0.9/272a055be574edaa8e609476077f56d3aa65b58a/extentreports-4.0.9.jar!/com/aventstack/extentreports/view/logger/logger-test.ftl"
2023-04-26 01:34:03,904 TestNG-tests-1 freemarker.cache: debug Couldn't find template in cache for "commons/commons-variables.ftl"("en", UTF-8, parsed); will try to load it.
2023-04-26 01:34:03,924 TestNG-tests-1 freemarker.cache: debug TemplateLoader.findTemplateSource("commons/commons-variables_en.ftl"): Not found
2023-04-26 01:34:03,945 TestNG-tests-1 freemarker.cache: debug TemplateLoader.findTemplateSource("commons/commons-variables.ftl"): Found
2023-04-26 01:34:03,947 TestNG-tests-1 freemarker.cache: debug Loading template for "commons/commons-variables.ftl"("en", UTF-8, parsed) from "jar:file:/C:/Users/sonal/.gradle/caches/modules-2/files-2.1/com.aventstack/extentreports/4.0.9/272a055be574edaa8e609476077f56d3aa65b58a/extentreports-4.0.9.jar!/com/aventstack/extentreports/view/commons/commons-variables.ftl"
2023-04-26 01:34:04,084 TestNG-tests-1 freemarker.cache: debug Couldn't find template in cache for "logger/partials/logger-head.ftl"("en", UTF-8, parsed); will try to load it.
2023-04-26 01:34:04,103 TestNG-tests-1 freemarker.cache: debug TemplateLoader.findTemplateSource("logger/partials/logger-head_en.ftl"): Not found
2023-04-26 01:34:04,131 TestNG-tests-1 freemarker.cache: debug TemplateLoader.findTemplateSource("logger/partials/logger-head.ftl"): Found
2023-04-26 01:34:04,133 TestNG-tests-1 freemarker.cache: debug Loading template for "logger/partials/logger-head.ftl"("en", UTF-8, parsed) from "jar:file:/C:/Users/sonal/.gradle/caches/modules-2/files-2.1/com.aventstack/extentreports/4.0.9/272a055be574edaa8e609476077f56d3aa65b58a/extentreports-4.0.9.jar!/com/aventstack/extentreports/view/logger/partials/logger-head.ftl"
2023-04-26 01:34:04,151 TestNG-tests-1 freemarker.cache: debug Couldn't find template in cache for "logger/partials/logger-nav.ftl"("en", UTF-8, parsed); will try to load it.
2023-04-26 01:34:04,169 TestNG-tests-1 freemarker.cache: debug TemplateLoader.findTemplateSource("logger/partials/logger-nav_en.ftl"): Not found
2023-04-26 01:34:04,185 TestNG-tests-1 freemarker.cache: debug TemplateLoader.findTemplateSource("logger/partials/logger-nav.ftl"): Found
2023-04-26 01:34:04,187 TestNG-tests-1 freemarker.cache: debug Loading template for "logger/partials/logger-nav.ftl"("en", UTF-8, parsed) from "jar:file:/C:/Users/sonal/.gradle/caches/modules-2/files-2.1/com.aventstack/extentreports/4.0.9/272a055be574edaa8e609476077f56d3aa65b58a/extentreports-4.0.9.jar!/com/aventstack/extentreports/view/logger/partials/logger-nav.ftl"
2023-04-26 01:34:04,252 TestNG-tests-1 freemarker.cache: debug Couldn't find template in cache for "logger/logger-dashboard.ftl"("en", UTF-8, parsed); will try to load it.
2023-04-26 01:34:04,267 TestNG-tests-1 freemarker.cache: debug TemplateLoader.findTemplateSource("logger/logger-dashboard_en.ftl"): Not found
2023-04-26 01:34:04,281 TestNG-tests-1 freemarker.cache: debug TemplateLoader.findTemplateSource("logger/logger-dashboard.ftl"): Found
2023-04-26 01:34:04,283 TestNG-tests-1 freemarker.cache: debug Loading template for "logger/logger-dashboard.ftl"("en", UTF-8, parsed) from "jar:file:/C:/Users/sonal/.gradle/caches/modules-2/files-2.1/com.aventstack/extentreports/4.0.9/272a055be574edaa8e609476077f56d3aa65b58a/extentreports-4.0.9.jar!/com/aventstack/extentreports/view/logger/logger-dashboard.ftl"
2023-04-26 01:34:04,299 TestNG-tests-1 freemarker.cache: debug Couldn't find template in cache for "commons/commons-variables.ftl"("en", UTF-8, parsed); will try to load it.
2023-04-26 01:34:04,306 TestNG-tests-1 freemarker.cache: debug TemplateLoader.findTemplateSource("commons/commons-variables_en.ftl"): Not found
2023-04-26 01:34:04,312 TestNG-tests-1 freemarker.cache: debug TemplateLoader.findTemplateSource("commons/commons-variables.ftl"): Found
2023-04-26 01:34:04,313 TestNG-tests-1 freemarker.cache: debug Loading template for "commons/commons-variables.ftl"("en", UTF-8, parsed) from "jar:file:/C:/Users/sonal/.gradle/caches/modules-2/files-2.1/com.aventstack/extentreports/4.0.9/272a055be574edaa8e609476077f56d3aa65b58a/extentreports-4.0.9.jar!/com/aventstack/extentreports/view/commons/commons-variables.ftl"
2023-04-26 01:34:04,329 TestNG-tests-1 freemarker.cache: debug Couldn't find template in cache for "logger/partials/logger-head.ftl"("en", UTF-8, parsed); will try to load it.
2023-04-26 01:34:04,336 TestNG-tests-1 freemarker.cache: debug TemplateLoader.findTemplateSource("logger/partials/logger-head_en.ftl"): Not found
2023-04-26 01:34:04,342 TestNG-tests-1 freemarker.cache: debug TemplateLoader.findTemplateSource("logger/partials/logger-head.ftl"): Found
2023-04-26 01:34:04,343 TestNG-tests-1 freemarker.cache: debug Loading template for "logger/partials/logger-head.ftl"("en", UTF-8, parsed) from "jar:file:/C:/Users/sonal/.gradle/caches/modules-2/files-2.1/com.aventstack/extentreports/4.0.9/272a055be574edaa8e609476077f56d3aa65b58a/extentreports-4.0.9.jar!/com/aventstack/extentreports/view/logger/partials/logger-head.ftl"
2023-04-26 01:34:04,357 TestNG-tests-1 freemarker.cache: debug Couldn't find template in cache for "logger/partials/logger-nav.ftl"("en", UTF-8, parsed); will try to load it.
2023-04-26 01:34:04,364 TestNG-tests-1 freemarker.cache: debug TemplateLoader.findTemplateSource("logger/partials/logger-nav_en.ftl"): Not found
2023-04-26 01:34:04,369 TestNG-tests-1 freemarker.cache: debug TemplateLoader.findTemplateSource("logger/partials/logger-nav.ftl"): Found
2023-04-26 01:34:04,370 TestNG-tests-1 freemarker.cache: debug Loading template for "logger/partials/logger-nav.ftl"("en", UTF-8, parsed) from "jar:file:/C:/Users/sonal/.gradle/caches/modules-2/files-2.1/com.aventstack/extentreports/4.0.9/272a055be574edaa8e609476077f56d3aa65b58a/extentreports-4.0.9.jar!/com/aventstack/extentreports/view/logger/partials/logger-nav.ftl"
2023-04-26 01:34:04,391 TestNG-tests-1 freemarker.cache: debug Couldn't find template in cache for "logger/partials/logger-nav-right-items.ftl"("en", UTF-8, parsed); will try to load it.
2023-04-26 01:34:04,420 TestNG-tests-1 freemarker.cache: debug TemplateLoader.findTemplateSource("logger/partials/logger-nav-right-items_en.ftl"): Not found
2023-04-26 01:34:04,437 TestNG-tests-1 freemarker.cache: debug TemplateLoader.findTemplateSource("logger/partials/logger-nav-right-items.ftl"): Found
2023-04-26 01:34:04,438 TestNG-tests-1 freemarker.cache: debug Loading template for "logger/partials/logger-nav-right-items.ftl"("en", UTF-8, parsed) from "jar:file:/C:/Users/sonal/.gradle/caches/modules-2/files-2.1/com.aventstack/extentreports/4.0.9/272a055be574edaa8e609476077f56d3aa65b58a/extentreports-4.0.9.jar!/com/aventstack/extentreports/view/logger/partials/logger-nav-right-items.ftl"
2023-04-26 01:34:04,446 TestNG-tests-1 freemarker.cache: debug Couldn't find template in cache for "commons/commons-dashboard.ftl"("en", UTF-8, parsed); will try to load it.
2023-04-26 01:34:04,460 TestNG-tests-1 freemarker.cache: debug TemplateLoader.findTemplateSource("commons/commons-dashboard_en.ftl"): Not found
2023-04-26 01:34:04,472 TestNG-tests-1 freemarker.cache: debug TemplateLoader.findTemplateSource("commons/commons-dashboard.ftl"): Found
2023-04-26 01:34:04,473 TestNG-tests-1 freemarker.cache: debug Loading template for "commons/commons-dashboard.ftl"("en", UTF-8, parsed) from "jar:file:/C:/Users/sonal/.gradle/caches/modules-2/files-2.1/com.aventstack/extentreports/4.0.9/272a055be574edaa8e609476077f56d3aa65b58a/extentreports-4.0.9.jar!/com/aventstack/extentreports/view/commons/commons-dashboard.ftl"
2023-04-26 01:34:04,562 TestNG-tests-1 freemarker.cache: debug Couldn't find template in cache for "commons/commons-dashboard-scripts.ftl"("en", UTF-8, parsed); will try to load it.
2023-04-26 01:34:04,579 TestNG-tests-1 freemarker.cache: debug TemplateLoader.findTemplateSource("commons/commons-dashboard-scripts_en.ftl"): Not found
2023-04-26 01:34:04,592 TestNG-tests-1 freemarker.cache: debug TemplateLoader.findTemplateSource("commons/commons-dashboard-scripts.ftl"): Found
2023-04-26 01:34:04,593 TestNG-tests-1 freemarker.cache: debug Loading template for "commons/commons-dashboard-scripts.ftl"("en", UTF-8, parsed) from "jar:file:/C:/Users/sonal/.gradle/caches/modules-2/files-2.1/com.aventstack/extentreports/4.0.9/272a055be574edaa8e609476077f56d3aa65b58a/extentreports-4.0.9.jar!/com/aventstack/extentreports/view/commons/commons-dashboard-scripts.ftl"
2023-04-26 01:34:04,654 TestNG-tests-1 freemarker.cache: debug Couldn't find template in cache for "logger/logger-tag.ftl"("en", UTF-8, parsed); will try to load it.
2023-04-26 01:34:04,673 TestNG-tests-1 freemarker.cache: debug TemplateLoader.findTemplateSource("logger/logger-tag_en.ftl"): Not found
2023-04-26 01:34:04,684 TestNG-tests-1 freemarker.cache: debug TemplateLoader.findTemplateSource("logger/logger-tag.ftl"): Found
2023-04-26 01:34:04,685 TestNG-tests-1 freemarker.cache: debug Loading template for "logger/logger-tag.ftl"("en", UTF-8, parsed) from "jar:file:/C:/Users/sonal/.gradle/caches/modules-2/files-2.1/com.aventstack/extentreports/4.0.9/272a055be574edaa8e609476077f56d3aa65b58a/extentreports-4.0.9.jar!/com/aventstack/extentreports/view/logger/logger-tag.ftl"
2023-04-26 01:34:04,706 TestNG-tests-1 freemarker.cache: debug Couldn't find template in cache for "commons/commons-variables.ftl"("en", UTF-8, parsed); will try to load it.
2023-04-26 01:34:04,713 TestNG-tests-1 freemarker.cache: debug TemplateLoader.findTemplateSource("commons/commons-variables_en.ftl"): Not found
2023-04-26 01:34:04,719 TestNG-tests-1 freemarker.cache: debug TemplateLoader.findTemplateSource("commons/commons-variables.ftl"): Found
2023-04-26 01:34:04,720 TestNG-tests-1 freemarker.cache: debug Loading template for "commons/commons-variables.ftl"("en", UTF-8, parsed) from "jar:file:/C:/Users/sonal/.gradle/caches/modules-2/files-2.1/com.aventstack/extentreports/4.0.9/272a055be574edaa8e609476077f56d3aa65b58a/extentreports-4.0.9.jar!/com/aventstack/extentreports/view/commons/commons-variables.ftl"
2023-04-26 01:34:04,741 TestNG-tests-1 freemarker.cache: debug Couldn't find template in cache for "logger/partials/logger-head.ftl"("en", UTF-8, parsed); will try to load it.
2023-04-26 01:34:04,747 TestNG-tests-1 freemarker.cache: debug TemplateLoader.findTemplateSource("logger/partials/logger-head_en.ftl"): Not found
2023-04-26 01:34:04,752 TestNG-tests-1 freemarker.cache: debug TemplateLoader.findTemplateSource("logger/partials/logger-head.ftl"): Found
2023-04-26 01:34:04,753 TestNG-tests-1 freemarker.cache: debug Loading template for "logger/partials/logger-head.ftl"("en", UTF-8, parsed) from "jar:file:/C:/Users/sonal/.gradle/caches/modules-2/files-2.1/com.aventstack/extentreports/4.0.9/272a055be574edaa8e609476077f56d3aa65b58a/extentreports-4.0.9.jar!/com/aventstack/extentreports/view/logger/partials/logger-head.ftl"
2023-04-26 01:34:04,767 TestNG-tests-1 freemarker.cache: debug Couldn't find template in cache for "logger/partials/logger-nav.ftl"("en", UTF-8, parsed); will try to load it.
2023-04-26 01:34:04,773 TestNG-tests-1 freemarker.cache: debug TemplateLoader.findTemplateSource("logger/partials/logger-nav_en.ftl"): Not found
2023-04-26 01:34:04,779 TestNG-tests-1 freemarker.cache: debug TemplateLoader.findTemplateSource("logger/partials/logger-nav.ftl"): Found
2023-04-26 01:34:04,780 TestNG-tests-1 freemarker.cache: debug Loading template for "logger/partials/logger-nav.ftl"("en", UTF-8, parsed) from "jar:file:/C:/Users/sonal/.gradle/caches/modules-2/files-2.1/com.aventstack/extentreports/4.0.9/272a055be574edaa8e609476077f56d3aa65b58a/extentreports-4.0.9.jar!/com/aventstack/extentreports/view/logger/partials/logger-nav.ftl"
2023-04-26 01:34:04,799 TestNG-tests-1 freemarker.cache: debug Couldn't find template in cache for "commons/commons-tag.ftl"("en", UTF-8, parsed); will try to load it.
2023-04-26 01:34:04,811 TestNG-tests-1 freemarker.cache: debug TemplateLoader.findTemplateSource("commons/commons-tag_en.ftl"): Not found
2023-04-26 01:34:04,822 TestNG-tests-1 freemarker.cache: debug TemplateLoader.findTemplateSource("commons/commons-tag.ftl"): Found
2023-04-26 01:34:04,822 TestNG-tests-1 freemarker.cache: debug Loading template for "commons/commons-tag.ftl"("en", UTF-8, parsed) from "jar:file:/C:/Users/sonal/.gradle/caches/modules-2/files-2.1/com.aventstack/extentreports/4.0.9/272a055be574edaa8e609476077f56d3aa65b58a/extentreports-4.0.9.jar!/com/aventstack/extentreports/view/commons/commons-tag.ftl"
2023-04-26 01:34:04,844 TestNG-tests-1 freemarker.cache: debug Couldn't find template in cache for "commons/commons-macros.ftl"("en", UTF-8, parsed); will try to load it.
2023-04-26 01:34:04,858 TestNG-tests-1 freemarker.cache: debug TemplateLoader.findTemplateSource("commons/commons-macros_en.ftl"): Not found
2023-04-26 01:34:04,872 TestNG-tests-1 freemarker.cache: debug TemplateLoader.findTemplateSource("commons/commons-macros.ftl"): Found
2023-04-26 01:34:04,873 TestNG-tests-1 freemarker.cache: debug Loading template for "commons/commons-macros.ftl"("en", UTF-8, parsed) from "jar:file:/C:/Users/sonal/.gradle/caches/modules-2/files-2.1/com.aventstack/extentreports/4.0.9/272a055be574edaa8e609476077f56d3aa65b58a/extentreports-4.0.9.jar!/com/aventstack/extentreports/view/commons/commons-macros.ftl"
2023-04-26 01:34:04,902 TestNG-tests-1 freemarker.cache: debug Couldn't find template in cache for "logger/partials/logger-nav-right-items.ftl"("en", UTF-8, parsed); will try to load it.
2023-04-26 01:34:04,909 TestNG-tests-1 freemarker.cache: debug TemplateLoader.findTemplateSource("logger/partials/logger-nav-right-items_en.ftl"): Not found
2023-04-26 01:34:04,916 TestNG-tests-1 freemarker.cache: debug TemplateLoader.findTemplateSource("logger/partials/logger-nav-right-items.ftl"): Found
2023-04-26 01:34:04,917 TestNG-tests-1 freemarker.cache: debug Loading template for "logger/partials/logger-nav-right-items.ftl"("en", UTF-8, parsed) from "jar:file:/C:/Users/sonal/.gradle/caches/modules-2/files-2.1/com.aventstack/extentreports/4.0.9/272a055be574edaa8e609476077f56d3aa65b58a/extentreports-4.0.9.jar!/com/aventstack/extentreports/view/logger/partials/logger-nav-right-items.ftl"
