2023-04-26 01:51:15,469 TestNG-tests-1 io.netty.util.internal.logging.InternalLoggerFactory: useLog4JLoggerFactory Using Log4J as the default logging framework
2023-04-26 01:51:15,477 TestNG-tests-1 io.netty.util.ResourceLeakDetector: <clinit> -Dio.netty.leakDetection.level: simple
2023-04-26 01:51:15,477 TestNG-tests-1 io.netty.util.ResourceLeakDetector: <clinit> -Dio.netty.leakDetection.targetRecords: 4
2023-04-26 01:51:15,484 TestNG-tests-1 io.netty.util.ResourceLeakDetectorFactory: newResourceLeakDetector Loaded default ResourceLeakDetector: io.netty.util.ResourceLeakDetector@42c7242b
2023-04-26 01:51:15,510 TestNG-tests-1 io.netty.util.internal.PlatformDependent0: explicitNoUnsafeCause0 -Dio.netty.noUnsafe: false
2023-04-26 01:51:15,510 TestNG-tests-1 io.netty.util.internal.PlatformDependent0: javaVersion0 Java version: 11
2023-04-26 01:51:15,512 TestNG-tests-1 io.netty.util.internal.PlatformDependent0: <clinit> sun.misc.Unsafe.theUnsafe: available
2023-04-26 01:51:15,513 TestNG-tests-1 io.netty.util.internal.PlatformDependent0: <clinit> sun.misc.Unsafe.copyMemory: available
2023-04-26 01:51:15,513 TestNG-tests-1 io.netty.util.internal.PlatformDependent0: <clinit> sun.misc.Unsafe.storeFence: available
2023-04-26 01:51:15,514 TestNG-tests-1 io.netty.util.internal.PlatformDependent0: <clinit> java.nio.Buffer.address: available
2023-04-26 01:51:15,515 TestNG-tests-1 io.netty.util.internal.PlatformDependent0: <clinit> direct buffer constructor: unavailable: Reflective setAccessible(true) disabled
2023-04-26 01:51:15,516 TestNG-tests-1 io.netty.util.internal.PlatformDependent0: <clinit> java.nio.Bits.unaligned: available, true
2023-04-26 01:51:15,517 TestNG-tests-1 io.netty.util.internal.PlatformDependent0: <clinit> jdk.internal.misc.Unsafe.allocateUninitializedArray(int): unavailable: class io.netty.util.internal.PlatformDependent0$7 cannot access class jdk.internal.misc.Unsafe (in module java.base) because module java.base does not export jdk.internal.misc to unnamed module @5fd4f8f5
2023-04-26 01:51:15,519 TestNG-tests-1 io.netty.util.internal.PlatformDependent0: <clinit> java.nio.DirectByteBuffer.<init>(long, int): unavailable
2023-04-26 01:51:15,520 TestNG-tests-1 io.netty.util.internal.PlatformDependent: unsafeUnavailabilityCause0 sun.misc.Unsafe: available
2023-04-26 01:51:15,534 TestNG-tests-1 io.netty.util.internal.PlatformDependent: estimateMaxDirectMemory maxDirectMemory: 4238344192 bytes (maybe)
2023-04-26 01:51:15,536 TestNG-tests-1 io.netty.util.internal.PlatformDependent: tmpdir0 -Dio.netty.tmpdir: C:\Users\sonal\AppData\Local\Temp (java.io.tmpdir)
2023-04-26 01:51:15,536 TestNG-tests-1 io.netty.util.internal.PlatformDependent: bitMode0 -Dio.netty.bitMode: 64 (sun.arch.data.model)
2023-04-26 01:51:15,536 TestNG-tests-1 io.netty.util.internal.PlatformDependent: isWindows0 Platform: Windows
2023-04-26 01:51:15,537 TestNG-tests-1 io.netty.util.internal.PlatformDependent: <clinit> -Dio.netty.maxDirectMemory: -1 bytes
2023-04-26 01:51:15,537 TestNG-tests-1 io.netty.util.internal.PlatformDependent: <clinit> -Dio.netty.uninitializedArrayAllocationThreshold: -1
2023-04-26 01:51:15,539 TestNG-tests-1 io.netty.util.internal.CleanerJava9: <clinit> java.nio.ByteBuffer.cleaner(): available
2023-04-26 01:51:15,539 TestNG-tests-1 io.netty.util.internal.PlatformDependent: <clinit> -Dio.netty.noPreferDirect: false
2023-04-26 01:51:15,546 TestNG-tests-1 io.netty.util.internal.PlatformDependent: <clinit> org.jctools-core.MpscChunkedArrayQueue: available
2023-04-26 01:51:15,577 TestNG-tests-1 io.netty.util.internal.InternalThreadLocalMap: <clinit> -Dio.netty.threadLocalMap.stringBuilder.initialSize: 1024
2023-04-26 01:51:15,578 TestNG-tests-1 io.netty.util.internal.InternalThreadLocalMap: <clinit> -Dio.netty.threadLocalMap.stringBuilder.maxSize: 4096
2023-04-26 01:51:15,710 TestNG-tests-1 io.netty.handler.ssl.JdkSslContext: <clinit> Default protocols (JDK): [TLSv1.3, TLSv1.2] 
2023-04-26 01:51:15,711 TestNG-tests-1 io.netty.handler.ssl.JdkSslContext: <clinit> Default cipher suites (JDK): [TLS_ECDHE_ECDSA_WITH_AES_256_GCM_SHA384, TLS_ECDHE_ECDSA_WITH_AES_128_GCM_SHA256, TLS_ECDHE_RSA_WITH_AES_128_GCM_SHA256, TLS_ECDHE_RSA_WITH_AES_256_GCM_SHA384, TLS_ECDHE_RSA_WITH_AES_128_CBC_SHA, TLS_ECDHE_RSA_WITH_AES_256_CBC_SHA, TLS_RSA_WITH_AES_128_GCM_SHA256, TLS_RSA_WITH_AES_128_CBC_SHA, TLS_RSA_WITH_AES_256_CBC_SHA, TLS_AES_128_GCM_SHA256, TLS_AES_256_GCM_SHA384]
2023-04-26 01:51:15,725 TestNG-tests-1 io.netty.util.concurrent.GlobalEventExecutor: <clinit> -Dio.netty.globalEventExecutor.quietPeriodSeconds: 1
2023-04-26 01:51:15,741 TestNG-tests-1 io.netty.channel.MultithreadEventLoopGroup: <clinit> -Dio.netty.eventLoopThreads: 16
2023-04-26 01:51:15,753 TestNG-tests-1 io.netty.channel.nio.NioEventLoop: <clinit> -Dio.netty.noKeySetOptimization: false
2023-04-26 01:51:15,754 TestNG-tests-1 io.netty.channel.nio.NioEventLoop: <clinit> -Dio.netty.selectorAutoRebuildThreshold: 512
2023-04-26 01:51:15,798 TestNG-tests-1 io.netty.buffer.PooledByteBufAllocator: <clinit> -Dio.netty.allocator.numHeapArenas: 16
2023-04-26 01:51:15,799 TestNG-tests-1 io.netty.buffer.PooledByteBufAllocator: <clinit> -Dio.netty.allocator.numDirectArenas: 16
2023-04-26 01:51:15,799 TestNG-tests-1 io.netty.buffer.PooledByteBufAllocator: <clinit> -Dio.netty.allocator.pageSize: 8192
2023-04-26 01:51:15,799 TestNG-tests-1 io.netty.buffer.PooledByteBufAllocator: <clinit> -Dio.netty.allocator.maxOrder: 9
2023-04-26 01:51:15,799 TestNG-tests-1 io.netty.buffer.PooledByteBufAllocator: <clinit> -Dio.netty.allocator.chunkSize: 4194304
2023-04-26 01:51:15,799 TestNG-tests-1 io.netty.buffer.PooledByteBufAllocator: <clinit> -Dio.netty.allocator.smallCacheSize: 256
2023-04-26 01:51:15,799 TestNG-tests-1 io.netty.buffer.PooledByteBufAllocator: <clinit> -Dio.netty.allocator.normalCacheSize: 64
2023-04-26 01:51:15,799 TestNG-tests-1 io.netty.buffer.PooledByteBufAllocator: <clinit> -Dio.netty.allocator.maxCachedBufferCapacity: 32768
2023-04-26 01:51:15,799 TestNG-tests-1 io.netty.buffer.PooledByteBufAllocator: <clinit> -Dio.netty.allocator.cacheTrimInterval: 8192
2023-04-26 01:51:15,799 TestNG-tests-1 io.netty.buffer.PooledByteBufAllocator: <clinit> -Dio.netty.allocator.cacheTrimIntervalMillis: 0
2023-04-26 01:51:15,800 TestNG-tests-1 io.netty.buffer.PooledByteBufAllocator: <clinit> -Dio.netty.allocator.useCacheForAllThreads: false
2023-04-26 01:51:15,800 TestNG-tests-1 io.netty.buffer.PooledByteBufAllocator: <clinit> -Dio.netty.allocator.maxCachedByteBuffersPerChunk: 1023
2023-04-26 01:51:15,812 TestNG-tests-1 io.netty.buffer.ByteBufUtil: <clinit> -Dio.netty.allocator.type: pooled
2023-04-26 01:51:15,812 TestNG-tests-1 io.netty.buffer.ByteBufUtil: <clinit> -Dio.netty.threadLocalDirectBufferSize: 0
2023-04-26 01:51:15,812 TestNG-tests-1 io.netty.buffer.ByteBufUtil: <clinit> -Dio.netty.maxThreadLocalCharBufferSize: 16384
2023-04-26 01:51:16,869 Forwarding newSession on session null to remote io.netty.channel.DefaultChannelId: <clinit> -Dio.netty.processId: 22220 (auto-detected)
2023-04-26 01:51:16,872 Forwarding newSession on session null to remote io.netty.util.NetUtil: <clinit> -Djava.net.preferIPv4Stack: false
2023-04-26 01:51:16,872 Forwarding newSession on session null to remote io.netty.util.NetUtil: <clinit> -Djava.net.preferIPv6Addresses: false
2023-04-26 01:51:16,960 Forwarding newSession on session null to remote io.netty.util.NetUtilInitializations: determineLoopback Loopback interface: lo (Software Loopback Interface 1, 127.0.0.1)
2023-04-26 01:51:16,962 Forwarding newSession on session null to remote io.netty.util.NetUtil: run Failed to get SOMAXCONN from sysctl and file \proc\sys\net\core\somaxconn. Default: 200
2023-04-26 01:51:16,970 Forwarding newSession on session null to remote io.netty.channel.DefaultChannelId: <clinit> -Dio.netty.machineId: 8c:b8:7e:ff:fe:f3:ca:46 (auto-detected)
2023-04-26 01:51:17,048 AsyncHttpClient-1-2 io.netty.buffer.AbstractByteBuf: <clinit> -Dio.netty.buffer.checkAccessible: true
2023-04-26 01:51:17,051 AsyncHttpClient-1-2 io.netty.buffer.AbstractByteBuf: <clinit> -Dio.netty.buffer.checkBounds: true
2023-04-26 01:51:17,051 AsyncHttpClient-1-2 io.netty.util.ResourceLeakDetectorFactory: newResourceLeakDetector Loaded default ResourceLeakDetector: io.netty.util.ResourceLeakDetector@7571309f
2023-04-26 01:51:17,097 AsyncHttpClient-1-2 io.netty.util.Recycler: <clinit> -Dio.netty.recycler.maxCapacityPerThread: 4096
2023-04-26 01:51:17,098 AsyncHttpClient-1-2 io.netty.util.Recycler: <clinit> -Dio.netty.recycler.ratio: 8
2023-04-26 01:51:17,098 AsyncHttpClient-1-2 io.netty.util.Recycler: <clinit> -Dio.netty.recycler.chunkSize: 32
2023-04-26 01:51:17,098 AsyncHttpClient-1-2 io.netty.util.Recycler: <clinit> -Dio.netty.recycler.blocking: false
2023-04-26 01:51:17,098 AsyncHttpClient-1-2 io.netty.util.Recycler: <clinit> -Dio.netty.recycler.batchFastThreadLocalOnly: true
2023-04-26 01:51:18,235 AsyncHttpClient-1-2 io.netty.handler.codec.compression.Brotli: <clinit> brotli4j not in the classpath; Brotli support will be unavailable.
2023-04-26 01:51:18,491 TestNG-tests-1 io.netty.util.internal.ThreadLocalRandom: newSeed -Dio.netty.initialSeedUniquifier: 0x225610c30f544642
2023-04-26 01:51:21,119 TestNG-tests-1 pageSteps.landingPageSteps: getWaitDuration selenium getDriver() getWait() time set from environment properties: PT15S
2023-04-26 01:51:21,138 TestNG-tests-1 pageSteps.landingPageSteps: getWait obtaining the wait for current thread
2023-04-26 01:51:22,075 TestNG-tests-1 pageSteps.landingPageSteps: getWait obtaining the wait for current thread
2023-04-26 01:51:29,175 TestNG-tests-1 uiAutomationHelper.element: <init> element located successfully:By.xpath: //li/a[text()='Women']
2023-04-26 01:51:30,893 TestNG-tests-1 uiAutomationHelper.element: refind Attempting to refind the element: By.xpath: //li/a[text()='Women']
2023-04-26 01:51:30,947 TestNG-tests-1 uiAutomationHelper.element: refind retry number 0
2023-04-26 01:56:01,232 TestNG-tests-1 freemarker.cache: debug Couldn't find template in cache for "v3html/v3-html-index.ftl"("en", UTF-8, parsed); will try to load it.
2023-04-26 01:56:01,234 TestNG-tests-1 freemarker.cache: debug TemplateLoader.findTemplateSource("v3html/v3-html-index_en.ftl"): Not found
2023-04-26 01:56:01,235 TestNG-tests-1 freemarker.cache: debug TemplateLoader.findTemplateSource("v3html/v3-html-index.ftl"): Found
2023-04-26 01:56:01,236 TestNG-tests-1 freemarker.cache: debug Loading template for "v3html/v3-html-index.ftl"("en", UTF-8, parsed) from "jar:file:/C:/Users/sonal/.gradle/caches/modules-2/files-2.1/com.aventstack/extentreports/4.0.9/272a055be574edaa8e609476077f56d3aa65b58a/extentreports-4.0.9.jar!/com/aventstack/extentreports/view/v3html/v3-html-index.ftl"
